2023-09-16 20:20:38.798 [info] Log level: Info
2023-09-16 20:20:38.798 [info] Validating found git in: "git"
2023-09-16 20:20:38.798 [info] Using git "2.42.0" from "git"
2023-09-16 20:20:38.798 [info] > git rev-parse --show-toplevel [2ms]
2023-09-16 20:20:38.798 [info] > git rev-parse --git-dir --git-common-dir [3ms]
2023-09-16 20:20:38.801 [info] Open repository: /home/coean/0/dev/rust/szkolenie/rust2
2023-09-16 20:20:38.814 [info] > git config --get commit.template [6ms]
2023-09-16 20:20:38.820 [info] > git rev-parse --show-toplevel [8ms]
2023-09-16 20:20:38.834 [info] > git rev-parse --show-toplevel [1ms]
2023-09-16 20:20:38.835 [info] > git for-each-ref --format=%(refname)%00%(upstream:short)%00%(objectname)%00%(upstream:track)%00%(upstream:remotename)%00%(upstream:remoteref) refs/heads/master refs/remotes/master [7ms]
2023-09-16 20:20:38.847 [info] > git status -z -uall [7ms]
2023-09-16 20:20:38.861 [info] > git rev-parse --show-toplevel [15ms]
2023-09-16 20:20:38.862 [info] > git config --get commit.template [2ms]
2023-09-16 20:20:38.872 [info] > git for-each-ref --format=%(refname)%00%(upstream:short)%00%(objectname)%00%(upstream:track)%00%(upstream:remotename)%00%(upstream:remoteref) refs/heads/master refs/remotes/master [2ms]
2023-09-16 20:20:38.881 [info] > git status -z -uall [2ms]
2023-09-16 20:20:39.193 [info] > git show --textconv :src/main.rs [6ms]
2023-09-16 20:20:39.194 [info] > git ls-files --stage -- /home/coean/0/dev/rust/szkolenie/rust2/src/main.rs [1ms]
2023-09-16 20:20:39.200 [info] > git cat-file -s 2016568badb8fe07eaf09c5d66fb0149f78f63d3 [1ms]
2023-09-16 20:20:39.326 [info] > git check-ignore -v -z --stdin [1ms]
2023-09-16 20:20:40.742 [info] > git config --get commit.template [6ms]
2023-09-16 20:20:40.743 [info] > git for-each-ref --format=%(refname)%00%(upstream:short)%00%(objectname)%00%(upstream:track)%00%(upstream:remotename)%00%(upstream:remoteref) refs/heads/master refs/remotes/master [1ms]
2023-09-16 20:20:40.749 [info] > git status -z -uall [2ms]
2023-09-16 20:22:08.669 [info] > git config --get commit.template [5ms]
2023-09-16 20:22:08.670 [info] > git for-each-ref --format=%(refname)%00%(upstream:short)%00%(objectname)%00%(upstream:track)%00%(upstream:remotename)%00%(upstream:remoteref) refs/heads/master refs/remotes/master [1ms]
2023-09-16 20:22:08.675 [info] > git status -z -uall [1ms]
2023-09-16 20:22:14.771 [info] > git config --get commit.template [5ms]
2023-09-16 20:22:14.771 [info] > git for-each-ref --format=%(refname)%00%(upstream:short)%00%(objectname)%00%(upstream:track)%00%(upstream:remotename)%00%(upstream:remoteref) refs/heads/master refs/remotes/master [1ms]
2023-09-16 20:22:14.777 [info] > git status -z -uall [1ms]
2023-09-16 20:22:53.301 [info] > git config --get commit.template [5ms]
2023-09-16 20:22:53.301 [info] > git for-each-ref --format=%(refname)%00%(upstream:short)%00%(objectname)%00%(upstream:track)%00%(upstream:remotename)%00%(upstream:remoteref) refs/heads/master refs/remotes/master [1ms]
2023-09-16 20:22:53.307 [info] > git status -z -uall [1ms]
2023-09-16 20:22:59.687 [info] > git config --get commit.template [5ms]
2023-09-16 20:22:59.687 [info] > git for-each-ref --format=%(refname)%00%(upstream:short)%00%(objectname)%00%(upstream:track)%00%(upstream:remotename)%00%(upstream:remoteref) refs/heads/master refs/remotes/master [1ms]
2023-09-16 20:22:59.693 [info] > git status -z -uall [1ms]
2023-09-16 20:23:20.263 [info] > git config --get commit.template [5ms]
2023-09-16 20:23:20.263 [info] > git for-each-ref --format=%(refname)%00%(upstream:short)%00%(objectname)%00%(upstream:track)%00%(upstream:remotename)%00%(upstream:remoteref) refs/heads/master refs/remotes/master [1ms]
2023-09-16 20:23:20.269 [info] > git status -z -uall [2ms]
2023-09-16 20:23:25.282 [info] > git config --get commit.template [1ms]
2023-09-16 20:23:25.288 [info] > git for-each-ref --format=%(refname)%00%(upstream:short)%00%(objectname)%00%(upstream:track)%00%(upstream:remotename)%00%(upstream:remoteref) refs/heads/master refs/remotes/master [1ms]
2023-09-16 20:23:25.294 [info] > git status -z -uall [1ms]
2023-09-16 20:25:19.455 [info] > git config --get commit.template [6ms]
2023-09-16 20:25:19.455 [info] > git for-each-ref --format=%(refname)%00%(upstream:short)%00%(objectname)%00%(upstream:track)%00%(upstream:remotename)%00%(upstream:remoteref) refs/heads/master refs/remotes/master [1ms]
2023-09-16 20:25:19.462 [info] > git status -z -uall [2ms]
2023-09-16 20:26:02.998 [info] > git config --get commit.template [4ms]
2023-09-16 20:26:02.998 [info] > git for-each-ref --format=%(refname)%00%(upstream:short)%00%(objectname)%00%(upstream:track)%00%(upstream:remotename)%00%(upstream:remoteref) refs/heads/master refs/remotes/master [1ms]
2023-09-16 20:26:03.004 [info] > git status -z -uall [2ms]
2023-09-16 20:26:08.016 [info] > git config --get commit.template [5ms]
2023-09-16 20:26:08.016 [info] > git for-each-ref --format=%(refname)%00%(upstream:short)%00%(objectname)%00%(upstream:track)%00%(upstream:remotename)%00%(upstream:remoteref) refs/heads/master refs/remotes/master [1ms]
2023-09-16 20:26:08.022 [info] > git status -z -uall [1ms]
2023-09-16 20:26:13.034 [info] > git config --get commit.template [5ms]
2023-09-16 20:26:13.035 [info] > git for-each-ref --format=%(refname)%00%(upstream:short)%00%(objectname)%00%(upstream:track)%00%(upstream:remotename)%00%(upstream:remoteref) refs/heads/master refs/remotes/master [1ms]
2023-09-16 20:26:13.040 [info] > git status -z -uall [1ms]
2023-09-16 20:26:26.858 [info] > git config --get commit.template [5ms]
2023-09-16 20:26:26.859 [info] > git for-each-ref --format=%(refname)%00%(upstream:short)%00%(objectname)%00%(upstream:track)%00%(upstream:remotename)%00%(upstream:remoteref) refs/heads/master refs/remotes/master [1ms]
2023-09-16 20:26:26.866 [info] > git status -z -uall [1ms]
2023-09-16 20:26:31.879 [info] > git config --get commit.template [5ms]
2023-09-16 20:26:31.880 [info] > git for-each-ref --format=%(refname)%00%(upstream:short)%00%(objectname)%00%(upstream:track)%00%(upstream:remotename)%00%(upstream:remoteref) refs/heads/master refs/remotes/master [1ms]
2023-09-16 20:26:31.885 [info] > git status -z -uall [1ms]
2023-09-16 20:26:55.126 [info] > git config --get commit.template [5ms]
2023-09-16 20:26:55.126 [info] > git for-each-ref --format=%(refname)%00%(upstream:short)%00%(objectname)%00%(upstream:track)%00%(upstream:remotename)%00%(upstream:remoteref) refs/heads/master refs/remotes/master [0ms]
2023-09-16 20:26:55.132 [info] > git status -z -uall [1ms]
2023-09-16 20:27:55.534 [info] > git config --get commit.template [5ms]
2023-09-16 20:27:55.534 [info] > git for-each-ref --format=%(refname)%00%(upstream:short)%00%(objectname)%00%(upstream:track)%00%(upstream:remotename)%00%(upstream:remoteref) refs/heads/master refs/remotes/master [1ms]
2023-09-16 20:27:55.540 [info] > git status -z -uall [1ms]
2023-09-16 20:28:19.112 [info] > git config --get commit.template [5ms]
2023-09-16 20:28:19.112 [info] > git for-each-ref --format=%(refname)%00%(upstream:short)%00%(objectname)%00%(upstream:track)%00%(upstream:remotename)%00%(upstream:remoteref) refs/heads/master refs/remotes/master [1ms]
2023-09-16 20:28:19.118 [info] > git status -z -uall [1ms]
2023-09-16 20:28:24.130 [info] > git config --get commit.template [5ms]
2023-09-16 20:28:24.131 [info] > git for-each-ref --format=%(refname)%00%(upstream:short)%00%(objectname)%00%(upstream:track)%00%(upstream:remotename)%00%(upstream:remoteref) refs/heads/master refs/remotes/master [1ms]
2023-09-16 20:28:24.136 [info] > git status -z -uall [1ms]
2023-09-16 20:28:40.672 [info] > git config --get commit.template [5ms]
2023-09-16 20:28:40.673 [info] > git for-each-ref --format=%(refname)%00%(upstream:short)%00%(objectname)%00%(upstream:track)%00%(upstream:remotename)%00%(upstream:remoteref) refs/heads/master refs/remotes/master [1ms]
2023-09-16 20:28:40.678 [info] > git status -z -uall [1ms]
2023-09-16 20:28:55.513 [info] > git config --get commit.template [6ms]
2023-09-16 20:28:55.513 [info] > git for-each-ref --format=%(refname)%00%(upstream:short)%00%(objectname)%00%(upstream:track)%00%(upstream:remotename)%00%(upstream:remoteref) refs/heads/master refs/remotes/master [1ms]
2023-09-16 20:28:55.519 [info] > git status -z -uall [1ms]
2023-09-16 20:29:01.679 [info] > git config --get commit.template [6ms]
2023-09-16 20:29:01.679 [info] > git for-each-ref --format=%(refname)%00%(upstream:short)%00%(objectname)%00%(upstream:track)%00%(upstream:remotename)%00%(upstream:remoteref) refs/heads/master refs/remotes/master [1ms]
2023-09-16 20:29:01.685 [info] > git status -z -uall [1ms]
2023-09-16 20:29:06.697 [info] > git config --get commit.template [5ms]
2023-09-16 20:29:06.698 [info] > git for-each-ref --format=%(refname)%00%(upstream:short)%00%(objectname)%00%(upstream:track)%00%(upstream:remotename)%00%(upstream:remoteref) refs/heads/master refs/remotes/master [1ms]
2023-09-16 20:29:06.703 [info] > git status -z -uall [1ms]
2023-09-16 20:29:16.276 [info] > git config --get commit.template [5ms]
2023-09-16 20:29:16.276 [info] > git for-each-ref --format=%(refname)%00%(upstream:short)%00%(objectname)%00%(upstream:track)%00%(upstream:remotename)%00%(upstream:remoteref) refs/heads/master refs/remotes/master [1ms]
2023-09-16 20:29:16.282 [info] > git status -z -uall [1ms]
2023-09-16 20:29:23.996 [info] > git config --get commit.template [4ms]
2023-09-16 20:29:23.997 [info] > git for-each-ref --format=%(refname)%00%(upstream:short)%00%(objectname)%00%(upstream:track)%00%(upstream:remotename)%00%(upstream:remoteref) refs/heads/master refs/remotes/master [1ms]
2023-09-16 20:29:24.002 [info] > git status -z -uall [1ms]
2023-09-16 20:29:29.016 [info] > git config --get commit.template [5ms]
2023-09-16 20:29:29.017 [info] > git for-each-ref --format=%(refname)%00%(upstream:short)%00%(objectname)%00%(upstream:track)%00%(upstream:remotename)%00%(upstream:remoteref) refs/heads/master refs/remotes/master [1ms]
2023-09-16 20:29:29.023 [info] > git status -z -uall [1ms]
2023-09-16 20:29:34.036 [info] > git config --get commit.template [5ms]
2023-09-16 20:29:34.036 [info] > git for-each-ref --format=%(refname)%00%(upstream:short)%00%(objectname)%00%(upstream:track)%00%(upstream:remotename)%00%(upstream:remoteref) refs/heads/master refs/remotes/master [1ms]
2023-09-16 20:29:34.042 [info] > git status -z -uall [1ms]
2023-09-16 20:29:39.054 [info] > git config --get commit.template [5ms]
2023-09-16 20:29:39.054 [info] > git for-each-ref --format=%(refname)%00%(upstream:short)%00%(objectname)%00%(upstream:track)%00%(upstream:remotename)%00%(upstream:remoteref) refs/heads/master refs/remotes/master [1ms]
2023-09-16 20:29:39.060 [info] > git status -z -uall [1ms]
2023-09-16 20:29:47.967 [info] > git config --get commit.template [5ms]
2023-09-16 20:29:47.968 [info] > git for-each-ref --format=%(refname)%00%(upstream:short)%00%(objectname)%00%(upstream:track)%00%(upstream:remotename)%00%(upstream:remoteref) refs/heads/master refs/remotes/master [1ms]
2023-09-16 20:29:47.973 [info] > git status -z -uall [1ms]
2023-09-16 20:30:37.094 [info] > git config --get commit.template [5ms]
2023-09-16 20:30:37.094 [info] > git for-each-ref --format=%(refname)%00%(upstream:short)%00%(objectname)%00%(upstream:track)%00%(upstream:remotename)%00%(upstream:remoteref) refs/heads/master refs/remotes/master [1ms]
2023-09-16 20:30:37.100 [info] > git status -z -uall [1ms]
2023-09-16 20:30:42.112 [info] > git config --get commit.template [5ms]
2023-09-16 20:30:42.113 [info] > git for-each-ref --format=%(refname)%00%(upstream:short)%00%(objectname)%00%(upstream:track)%00%(upstream:remotename)%00%(upstream:remoteref) refs/heads/master refs/remotes/master [1ms]
2023-09-16 20:30:42.119 [info] > git status -z -uall [1ms]
2023-09-16 20:31:25.648 [info] > git config --get commit.template [5ms]
2023-09-16 20:31:25.649 [info] > git for-each-ref --format=%(refname)%00%(upstream:short)%00%(objectname)%00%(upstream:track)%00%(upstream:remotename)%00%(upstream:remoteref) refs/heads/master refs/remotes/master [1ms]
2023-09-16 20:31:25.654 [info] > git status -z -uall [1ms]
2023-09-16 20:31:37.883 [info] > git config --get commit.template [5ms]
2023-09-16 20:31:37.884 [info] > git for-each-ref --format=%(refname)%00%(upstream:short)%00%(objectname)%00%(upstream:track)%00%(upstream:remotename)%00%(upstream:remoteref) refs/heads/master refs/remotes/master [1ms]
2023-09-16 20:31:37.890 [info] > git status -z -uall [1ms]
2023-09-16 20:31:42.903 [info] > git config --get commit.template [6ms]
2023-09-16 20:31:42.903 [info] > git for-each-ref --format=%(refname)%00%(upstream:short)%00%(objectname)%00%(upstream:track)%00%(upstream:remotename)%00%(upstream:remoteref) refs/heads/master refs/remotes/master [1ms]
2023-09-16 20:31:42.909 [info] > git status -z -uall [1ms]
2023-09-16 20:31:47.922 [info] > git config --get commit.template [5ms]
2023-09-16 20:31:47.922 [info] > git for-each-ref --format=%(refname)%00%(upstream:short)%00%(objectname)%00%(upstream:track)%00%(upstream:remotename)%00%(upstream:remoteref) refs/heads/master refs/remotes/master [1ms]
2023-09-16 20:31:47.928 [info] > git status -z -uall [1ms]
2023-09-16 20:31:52.941 [info] > git config --get commit.template [5ms]
2023-09-16 20:31:52.942 [info] > git for-each-ref --format=%(refname)%00%(upstream:short)%00%(objectname)%00%(upstream:track)%00%(upstream:remotename)%00%(upstream:remoteref) refs/heads/master refs/remotes/master [1ms]
2023-09-16 20:31:52.948 [info] > git status -z -uall [1ms]
2023-09-16 20:31:57.959 [info] > git config --get commit.template [5ms]
2023-09-16 20:31:57.960 [info] > git for-each-ref --format=%(refname)%00%(upstream:short)%00%(objectname)%00%(upstream:track)%00%(upstream:remotename)%00%(upstream:remoteref) refs/heads/master refs/remotes/master [1ms]
2023-09-16 20:31:57.966 [info] > git status -z -uall [2ms]
2023-09-16 20:32:13.265 [info] > git config --get commit.template [5ms]
2023-09-16 20:32:13.265 [info] > git for-each-ref --format=%(refname)%00%(upstream:short)%00%(objectname)%00%(upstream:track)%00%(upstream:remotename)%00%(upstream:remoteref) refs/heads/master refs/remotes/master [1ms]
2023-09-16 20:32:13.271 [info] > git status -z -uall [1ms]
2023-09-16 20:32:40.631 [info] > git config --get commit.template [5ms]
2023-09-16 20:32:40.631 [info] > git for-each-ref --format=%(refname)%00%(upstream:short)%00%(objectname)%00%(upstream:track)%00%(upstream:remotename)%00%(upstream:remoteref) refs/heads/master refs/remotes/master [1ms]
2023-09-16 20:32:40.637 [info] > git status -z -uall [2ms]
2023-09-16 20:32:54.376 [info] > git config --get commit.template [5ms]
2023-09-16 20:32:54.376 [info] > git for-each-ref --format=%(refname)%00%(upstream:short)%00%(objectname)%00%(upstream:track)%00%(upstream:remotename)%00%(upstream:remoteref) refs/heads/master refs/remotes/master [1ms]
2023-09-16 20:32:54.382 [info] > git status -z -uall [2ms]
2023-09-16 20:34:21.014 [info] > git config --get commit.template [5ms]
2023-09-16 20:34:21.015 [info] > git for-each-ref --format=%(refname)%00%(upstream:short)%00%(objectname)%00%(upstream:track)%00%(upstream:remotename)%00%(upstream:remoteref) refs/heads/master refs/remotes/master [0ms]
2023-09-16 20:34:21.020 [info] > git status -z -uall [1ms]
2023-09-16 20:34:39.789 [info] > git config --get commit.template [5ms]
2023-09-16 20:34:39.789 [info] > git for-each-ref --format=%(refname)%00%(upstream:short)%00%(objectname)%00%(upstream:track)%00%(upstream:remotename)%00%(upstream:remoteref) refs/heads/master refs/remotes/master [1ms]
2023-09-16 20:34:39.795 [info] > git status -z -uall [1ms]
2023-09-16 20:34:55.521 [info] > git config --get commit.template [4ms]
2023-09-16 20:34:55.521 [info] > git for-each-ref --format=%(refname)%00%(upstream:short)%00%(objectname)%00%(upstream:track)%00%(upstream:remotename)%00%(upstream:remoteref) refs/heads/master refs/remotes/master [1ms]
2023-09-16 20:34:55.528 [info] > git status -z -uall [1ms]
2023-09-16 20:35:01.474 [info] > git config --get commit.template [4ms]
2023-09-16 20:35:01.474 [info] > git for-each-ref --format=%(refname)%00%(upstream:short)%00%(objectname)%00%(upstream:track)%00%(upstream:remotename)%00%(upstream:remoteref) refs/heads/master refs/remotes/master [1ms]
2023-09-16 20:35:01.480 [info] > git status -z -uall [2ms]
2023-09-16 20:35:06.524 [info] > git config --get commit.template [6ms]
2023-09-16 20:35:06.524 [info] > git for-each-ref --format=%(refname)%00%(upstream:short)%00%(objectname)%00%(upstream:track)%00%(upstream:remotename)%00%(upstream:remoteref) refs/heads/master refs/remotes/master [1ms]
2023-09-16 20:35:06.530 [info] > git status -z -uall [1ms]
2023-09-16 20:35:14.655 [info] > git config --get commit.template [4ms]
2023-09-16 20:35:14.656 [info] > git for-each-ref --format=%(refname)%00%(upstream:short)%00%(objectname)%00%(upstream:track)%00%(upstream:remotename)%00%(upstream:remoteref) refs/heads/master refs/remotes/master [1ms]
2023-09-16 20:35:14.662 [info] > git status -z -uall [1ms]
2023-09-16 20:35:19.713 [info] > git config --get commit.template [5ms]
2023-09-16 20:35:19.713 [info] > git for-each-ref --format=%(refname)%00%(upstream:short)%00%(objectname)%00%(upstream:track)%00%(upstream:remotename)%00%(upstream:remoteref) refs/heads/master refs/remotes/master [1ms]
2023-09-16 20:35:19.719 [info] > git status -z -uall [1ms]
2023-09-16 20:36:53.904 [info] > git config --get commit.template [5ms]
2023-09-16 20:36:53.905 [info] > git for-each-ref --format=%(refname)%00%(upstream:short)%00%(objectname)%00%(upstream:track)%00%(upstream:remotename)%00%(upstream:remoteref) refs/heads/master refs/remotes/master [1ms]
2023-09-16 20:36:53.910 [info] > git status -z -uall [1ms]
2023-09-16 20:37:00.440 [info] > git config --get commit.template [5ms]
2023-09-16 20:37:00.440 [info] > git for-each-ref --format=%(refname)%00%(upstream:short)%00%(objectname)%00%(upstream:track)%00%(upstream:remotename)%00%(upstream:remoteref) refs/heads/master refs/remotes/master [1ms]
2023-09-16 20:37:00.446 [info] > git status -z -uall [1ms]
2023-09-16 20:37:06.784 [info] > git config --get commit.template [5ms]
2023-09-16 20:37:06.785 [info] > git for-each-ref --format=%(refname)%00%(upstream:short)%00%(objectname)%00%(upstream:track)%00%(upstream:remotename)%00%(upstream:remoteref) refs/heads/master refs/remotes/master [1ms]
2023-09-16 20:37:06.791 [info] > git status -z -uall [1ms]
2023-09-16 20:37:28.746 [info] > git config --get commit.template [5ms]
2023-09-16 20:37:28.747 [info] > git for-each-ref --format=%(refname)%00%(upstream:short)%00%(objectname)%00%(upstream:track)%00%(upstream:remotename)%00%(upstream:remoteref) refs/heads/master refs/remotes/master [1ms]
2023-09-16 20:37:28.752 [info] > git status -z -uall [1ms]
2023-09-16 20:37:45.580 [info] > git config --get commit.template [5ms]
2023-09-16 20:37:45.580 [info] > git for-each-ref --format=%(refname)%00%(upstream:short)%00%(objectname)%00%(upstream:track)%00%(upstream:remotename)%00%(upstream:remoteref) refs/heads/master refs/remotes/master [1ms]
2023-09-16 20:37:45.586 [info] > git status -z -uall [1ms]
2023-09-16 20:37:50.600 [info] > git config --get commit.template [5ms]
2023-09-16 20:37:50.601 [info] > git for-each-ref --format=%(refname)%00%(upstream:short)%00%(objectname)%00%(upstream:track)%00%(upstream:remotename)%00%(upstream:remoteref) refs/heads/master refs/remotes/master [1ms]
2023-09-16 20:37:50.607 [info] > git status -z -uall [1ms]
2023-09-16 20:37:57.786 [info] > git config --get commit.template [5ms]
2023-09-16 20:37:57.787 [info] > git for-each-ref --format=%(refname)%00%(upstream:short)%00%(objectname)%00%(upstream:track)%00%(upstream:remotename)%00%(upstream:remoteref) refs/heads/master refs/remotes/master [1ms]
2023-09-16 20:37:57.793 [info] > git status -z -uall [2ms]
2023-09-16 20:38:21.938 [info] > git config --get commit.template [5ms]
2023-09-16 20:38:21.938 [info] > git for-each-ref --format=%(refname)%00%(upstream:short)%00%(objectname)%00%(upstream:track)%00%(upstream:remotename)%00%(upstream:remoteref) refs/heads/master refs/remotes/master [1ms]
2023-09-16 20:38:21.944 [info] > git status -z -uall [1ms]
2023-09-16 20:38:27.754 [info] > git config --get commit.template [6ms]
2023-09-16 20:38:27.754 [info] > git for-each-ref --format=%(refname)%00%(upstream:short)%00%(objectname)%00%(upstream:track)%00%(upstream:remotename)%00%(upstream:remoteref) refs/heads/master refs/remotes/master [1ms]
2023-09-16 20:38:27.760 [info] > git status -z -uall [1ms]
2023-09-16 20:38:54.434 [info] > git config --get commit.template [5ms]
2023-09-16 20:38:54.435 [info] > git for-each-ref --format=%(refname)%00%(upstream:short)%00%(objectname)%00%(upstream:track)%00%(upstream:remotename)%00%(upstream:remoteref) refs/heads/master refs/remotes/master [1ms]
2023-09-16 20:38:54.441 [info] > git status -z -uall [1ms]
2023-09-16 20:38:59.453 [info] > git config --get commit.template [6ms]
2023-09-16 20:38:59.453 [info] > git for-each-ref --format=%(refname)%00%(upstream:short)%00%(objectname)%00%(upstream:track)%00%(upstream:remotename)%00%(upstream:remoteref) refs/heads/master refs/remotes/master [1ms]
2023-09-16 20:38:59.459 [info] > git status -z -uall [1ms]
2023-09-16 20:40:01.575 [info] > git config --get commit.template [5ms]
2023-09-16 20:40:01.575 [info] > git for-each-ref --format=%(refname)%00%(upstream:short)%00%(objectname)%00%(upstream:track)%00%(upstream:remotename)%00%(upstream:remoteref) refs/heads/master refs/remotes/master [1ms]
2023-09-16 20:40:01.581 [info] > git status -z -uall [1ms]
2023-09-16 20:40:16.152 [info] > git config --get commit.template [5ms]
2023-09-16 20:40:16.153 [info] > git for-each-ref --format=%(refname)%00%(upstream:short)%00%(objectname)%00%(upstream:track)%00%(upstream:remotename)%00%(upstream:remoteref) refs/heads/master refs/remotes/master [1ms]
2023-09-16 20:40:16.158 [info] > git status -z -uall [1ms]
2023-09-16 20:40:21.383 [info] > git config --get commit.template [5ms]
2023-09-16 20:40:21.384 [info] > git for-each-ref --format=%(refname)%00%(upstream:short)%00%(objectname)%00%(upstream:track)%00%(upstream:remotename)%00%(upstream:remoteref) refs/heads/master refs/remotes/master [1ms]
2023-09-16 20:40:21.389 [info] > git status -z -uall [1ms]
2023-09-16 20:41:03.494 [info] > git config --get commit.template [5ms]
2023-09-16 20:41:03.495 [info] > git for-each-ref --format=%(refname)%00%(upstream:short)%00%(objectname)%00%(upstream:track)%00%(upstream:remotename)%00%(upstream:remoteref) refs/heads/master refs/remotes/master [1ms]
2023-09-16 20:41:03.501 [info] > git status -z -uall [1ms]
2023-09-16 20:41:11.613 [info] > git config --get commit.template [5ms]
2023-09-16 20:41:11.613 [info] > git for-each-ref --format=%(refname)%00%(upstream:short)%00%(objectname)%00%(upstream:track)%00%(upstream:remotename)%00%(upstream:remoteref) refs/heads/master refs/remotes/master [1ms]
2023-09-16 20:41:11.619 [info] > git status -z -uall [1ms]
2023-09-16 20:41:16.633 [info] > git config --get commit.template [6ms]
2023-09-16 20:41:16.633 [info] > git for-each-ref --format=%(refname)%00%(upstream:short)%00%(objectname)%00%(upstream:track)%00%(upstream:remotename)%00%(upstream:remoteref) refs/heads/master refs/remotes/master [1ms]
2023-09-16 20:41:16.639 [info] > git status -z -uall [1ms]
2023-09-16 20:41:25.899 [info] > git config --get commit.template [6ms]
2023-09-16 20:41:25.899 [info] > git for-each-ref --format=%(refname)%00%(upstream:short)%00%(objectname)%00%(upstream:track)%00%(upstream:remotename)%00%(upstream:remoteref) refs/heads/master refs/remotes/master [1ms]
2023-09-16 20:41:25.905 [info] > git status -z -uall [1ms]
2023-09-16 20:41:32.065 [info] > git config --get commit.template [5ms]
2023-09-16 20:41:32.066 [info] > git for-each-ref --format=%(refname)%00%(upstream:short)%00%(objectname)%00%(upstream:track)%00%(upstream:remotename)%00%(upstream:remoteref) refs/heads/master refs/remotes/master [1ms]
2023-09-16 20:41:32.071 [info] > git status -z -uall [1ms]
2023-09-16 20:42:31.001 [info] > git show --textconv :src/names.txt [5ms]
2023-09-16 20:42:31.001 [info] > git ls-files --stage -- /home/coean/0/dev/rust/szkolenie/rust2/src/names.txt [1ms]
2023-09-16 20:42:31.269 [info] > git check-ignore -v -z --stdin [0ms]
2023-09-16 20:42:31.818 [info] > git config --get commit.template [5ms]
2023-09-16 20:42:31.819 [info] > git for-each-ref --format=%(refname)%00%(upstream:short)%00%(objectname)%00%(upstream:track)%00%(upstream:remotename)%00%(upstream:remoteref) refs/heads/master refs/remotes/master [1ms]
2023-09-16 20:42:31.824 [info] > git status -z -uall [1ms]
2023-09-16 20:42:36.836 [info] > git config --get commit.template [5ms]
2023-09-16 20:42:36.837 [info] > git for-each-ref --format=%(refname)%00%(upstream:short)%00%(objectname)%00%(upstream:track)%00%(upstream:remotename)%00%(upstream:remoteref) refs/heads/master refs/remotes/master [1ms]
2023-09-16 20:42:36.843 [info] > git status -z -uall [2ms]
2023-09-16 20:42:41.856 [info] > git config --get commit.template [6ms]
2023-09-16 20:42:41.862 [info] > git for-each-ref --format=%(refname)%00%(upstream:short)%00%(objectname)%00%(upstream:track)%00%(upstream:remotename)%00%(upstream:remoteref) refs/heads/master refs/remotes/master [1ms]
2023-09-16 20:42:41.869 [info] > git status -z -uall [1ms]
2023-09-16 20:42:49.287 [info] > git config --get commit.template [5ms]
2023-09-16 20:42:49.288 [info] > git for-each-ref --format=%(refname)%00%(upstream:short)%00%(objectname)%00%(upstream:track)%00%(upstream:remotename)%00%(upstream:remoteref) refs/heads/master refs/remotes/master [1ms]
2023-09-16 20:42:49.293 [info] > git status -z -uall [1ms]
2023-09-16 20:43:20.819 [info] > git config --get commit.template [5ms]
2023-09-16 20:43:20.819 [info] > git for-each-ref --format=%(refname)%00%(upstream:short)%00%(objectname)%00%(upstream:track)%00%(upstream:remotename)%00%(upstream:remoteref) refs/heads/master refs/remotes/master [1ms]
2023-09-16 20:43:20.825 [info] > git status -z -uall [1ms]
2023-09-16 20:43:43.718 [info] > git config --get commit.template [5ms]
2023-09-16 20:43:43.719 [info] > git for-each-ref --format=%(refname)%00%(upstream:short)%00%(objectname)%00%(upstream:track)%00%(upstream:remotename)%00%(upstream:remoteref) refs/heads/master refs/remotes/master [1ms]
2023-09-16 20:43:43.724 [info] > git status -z -uall [1ms]
2023-09-16 20:44:38.792 [info] > git config --get commit.template [5ms]
2023-09-16 20:44:38.793 [info] > git for-each-ref --format=%(refname)%00%(upstream:short)%00%(objectname)%00%(upstream:track)%00%(upstream:remotename)%00%(upstream:remoteref) refs/heads/master refs/remotes/master [1ms]
2023-09-16 20:44:38.798 [info] > git status -z -uall [1ms]
2023-09-16 20:44:43.810 [info] > git config --get commit.template [5ms]
2023-09-16 20:44:43.811 [info] > git for-each-ref --format=%(refname)%00%(upstream:short)%00%(objectname)%00%(upstream:track)%00%(upstream:remotename)%00%(upstream:remoteref) refs/heads/master refs/remotes/master [1ms]
2023-09-16 20:44:43.816 [info] > git status -z -uall [1ms]
2023-09-16 20:44:48.830 [info] > git config --get commit.template [6ms]
2023-09-16 20:44:48.830 [info] > git for-each-ref --format=%(refname)%00%(upstream:short)%00%(objectname)%00%(upstream:track)%00%(upstream:remotename)%00%(upstream:remoteref) refs/heads/master refs/remotes/master [1ms]
2023-09-16 20:44:48.837 [info] > git status -z -uall [2ms]
2023-09-16 20:44:59.601 [info] > git config --get commit.template [6ms]
2023-09-16 20:44:59.601 [info] > git for-each-ref --format=%(refname)%00%(upstream:short)%00%(objectname)%00%(upstream:track)%00%(upstream:remotename)%00%(upstream:remoteref) refs/heads/master refs/remotes/master [1ms]
2023-09-16 20:44:59.607 [info] > git status -z -uall [1ms]
2023-09-16 20:45:20.655 [info] > git config --get commit.template [5ms]
2023-09-16 20:45:20.656 [info] > git for-each-ref --format=%(refname)%00%(upstream:short)%00%(objectname)%00%(upstream:track)%00%(upstream:remotename)%00%(upstream:remoteref) refs/heads/master refs/remotes/master [1ms]
2023-09-16 20:45:20.662 [info] > git status -z -uall [1ms]
2023-09-16 20:45:26.548 [info] > git config --get commit.template [6ms]
2023-09-16 20:45:26.548 [info] > git for-each-ref --format=%(refname)%00%(upstream:short)%00%(objectname)%00%(upstream:track)%00%(upstream:remotename)%00%(upstream:remoteref) refs/heads/master refs/remotes/master [1ms]
2023-09-16 20:45:26.554 [info] > git status -z -uall [1ms]
2023-09-16 20:45:31.566 [info] > git config --get commit.template [5ms]
2023-09-16 20:45:31.567 [info] > git for-each-ref --format=%(refname)%00%(upstream:short)%00%(objectname)%00%(upstream:track)%00%(upstream:remotename)%00%(upstream:remoteref) refs/heads/master refs/remotes/master [1ms]
2023-09-16 20:45:31.572 [info] > git status -z -uall [1ms]
2023-09-16 20:45:40.630 [info] > git config --get commit.template [5ms]
2023-09-16 20:45:40.630 [info] > git for-each-ref --format=%(refname)%00%(upstream:short)%00%(objectname)%00%(upstream:track)%00%(upstream:remotename)%00%(upstream:remoteref) refs/heads/master refs/remotes/master [1ms]
2023-09-16 20:45:40.636 [info] > git status -z -uall [2ms]
2023-09-16 20:45:47.115 [info] > git config --get commit.template [5ms]
2023-09-16 20:45:47.116 [info] > git for-each-ref --format=%(refname)%00%(upstream:short)%00%(objectname)%00%(upstream:track)%00%(upstream:remotename)%00%(upstream:remoteref) refs/heads/master refs/remotes/master [1ms]
2023-09-16 20:45:47.122 [info] > git status -z -uall [2ms]
2023-09-16 20:46:01.517 [info] > git config --get commit.template [5ms]
2023-09-16 20:46:01.517 [info] > git for-each-ref --format=%(refname)%00%(upstream:short)%00%(objectname)%00%(upstream:track)%00%(upstream:remotename)%00%(upstream:remoteref) refs/heads/master refs/remotes/master [1ms]
2023-09-16 20:46:01.523 [info] > git status -z -uall [1ms]
2023-09-16 20:46:06.536 [info] > git config --get commit.template [5ms]
2023-09-16 20:46:06.537 [info] > git for-each-ref --format=%(refname)%00%(upstream:short)%00%(objectname)%00%(upstream:track)%00%(upstream:remotename)%00%(upstream:remoteref) refs/heads/master refs/remotes/master [1ms]
2023-09-16 20:46:06.542 [info] > git status -z -uall [1ms]
2023-09-16 20:46:13.907 [info] > git config --get commit.template [5ms]
2023-09-16 20:46:13.908 [info] > git for-each-ref --format=%(refname)%00%(upstream:short)%00%(objectname)%00%(upstream:track)%00%(upstream:remotename)%00%(upstream:remoteref) refs/heads/master refs/remotes/master [1ms]
2023-09-16 20:46:13.913 [info] > git status -z -uall [1ms]
2023-09-16 20:46:18.925 [info] > git config --get commit.template [5ms]
2023-09-16 20:46:18.926 [info] > git for-each-ref --format=%(refname)%00%(upstream:short)%00%(objectname)%00%(upstream:track)%00%(upstream:remotename)%00%(upstream:remoteref) refs/heads/master refs/remotes/master [1ms]
2023-09-16 20:46:18.932 [info] > git status -z -uall [2ms]
2023-09-16 20:46:23.945 [info] > git config --get commit.template [6ms]
2023-09-16 20:46:23.946 [info] > git for-each-ref --format=%(refname)%00%(upstream:short)%00%(objectname)%00%(upstream:track)%00%(upstream:remotename)%00%(upstream:remoteref) refs/heads/master refs/remotes/master [1ms]
2023-09-16 20:46:23.952 [info] > git status -z -uall [1ms]
2023-09-16 20:46:28.966 [info] > git config --get commit.template [5ms]
2023-09-16 20:46:28.967 [info] > git for-each-ref --format=%(refname)%00%(upstream:short)%00%(objectname)%00%(upstream:track)%00%(upstream:remotename)%00%(upstream:remoteref) refs/heads/master refs/remotes/master [1ms]
2023-09-16 20:46:28.972 [info] > git status -z -uall [1ms]
2023-09-16 20:47:49.572 [info] > git config --get commit.template [6ms]
2023-09-16 20:47:49.572 [info] > git for-each-ref --format=%(refname)%00%(upstream:short)%00%(objectname)%00%(upstream:track)%00%(upstream:remotename)%00%(upstream:remoteref) refs/heads/master refs/remotes/master [1ms]
2023-09-16 20:47:49.579 [info] > git status -z -uall [2ms]
2023-09-16 20:47:56.908 [info] > git config --get commit.template [5ms]
2023-09-16 20:47:56.909 [info] > git for-each-ref --format=%(refname)%00%(upstream:short)%00%(objectname)%00%(upstream:track)%00%(upstream:remotename)%00%(upstream:remoteref) refs/heads/master refs/remotes/master [1ms]
2023-09-16 20:47:56.915 [info] > git status -z -uall [1ms]
2023-09-16 20:48:02.177 [info] > git config --get commit.template [5ms]
2023-09-16 20:48:02.178 [info] > git for-each-ref --format=%(refname)%00%(upstream:short)%00%(objectname)%00%(upstream:track)%00%(upstream:remotename)%00%(upstream:remoteref) refs/heads/master refs/remotes/master [1ms]
2023-09-16 20:48:02.183 [info] > git status -z -uall [1ms]
2023-09-16 20:48:10.118 [info] > git config --get commit.template [5ms]
2023-09-16 20:48:10.120 [info] > git for-each-ref --format=%(refname)%00%(upstream:short)%00%(objectname)%00%(upstream:track)%00%(upstream:remotename)%00%(upstream:remoteref) refs/heads/master refs/remotes/master [1ms]
2023-09-16 20:48:10.125 [info] > git status -z -uall [1ms]
2023-09-16 20:48:18.795 [info] > git config --get commit.template [5ms]
2023-09-16 20:48:18.796 [info] > git for-each-ref --format=%(refname)%00%(upstream:short)%00%(objectname)%00%(upstream:track)%00%(upstream:remotename)%00%(upstream:remoteref) refs/heads/master refs/remotes/master [1ms]
2023-09-16 20:48:18.801 [info] > git status -z -uall [1ms]
2023-09-16 20:48:23.812 [info] > git config --get commit.template [4ms]
2023-09-16 20:48:23.813 [info] > git for-each-ref --format=%(refname)%00%(upstream:short)%00%(objectname)%00%(upstream:track)%00%(upstream:remotename)%00%(upstream:remoteref) refs/heads/master refs/remotes/master [1ms]
2023-09-16 20:48:23.819 [info] > git status -z -uall [2ms]
2023-09-16 20:48:28.831 [info] > git config --get commit.template [5ms]
2023-09-16 20:48:28.831 [info] > git for-each-ref --format=%(refname)%00%(upstream:short)%00%(objectname)%00%(upstream:track)%00%(upstream:remotename)%00%(upstream:remoteref) refs/heads/master refs/remotes/master [1ms]
2023-09-16 20:48:28.837 [info] > git status -z -uall [1ms]
2023-09-16 20:48:41.012 [info] > git config --get commit.template [5ms]
2023-09-16 20:48:41.013 [info] > git for-each-ref --format=%(refname)%00%(upstream:short)%00%(objectname)%00%(upstream:track)%00%(upstream:remotename)%00%(upstream:remoteref) refs/heads/master refs/remotes/master [1ms]
2023-09-16 20:48:41.018 [info] > git status -z -uall [1ms]
2023-09-16 20:48:50.374 [info] > git config --get commit.template [5ms]
2023-09-16 20:48:50.375 [info] > git for-each-ref --format=%(refname)%00%(upstream:short)%00%(objectname)%00%(upstream:track)%00%(upstream:remotename)%00%(upstream:remoteref) refs/heads/master refs/remotes/master [1ms]
2023-09-16 20:48:50.380 [info] > git status -z -uall [1ms]
2023-09-16 20:49:08.353 [info] > git config --get commit.template [5ms]
2023-09-16 20:49:08.354 [info] > git for-each-ref --format=%(refname)%00%(upstream:short)%00%(objectname)%00%(upstream:track)%00%(upstream:remotename)%00%(upstream:remoteref) refs/heads/master refs/remotes/master [1ms]
2023-09-16 20:49:08.360 [info] > git status -z -uall [1ms]
2023-09-16 20:49:16.109 [info] > git config --get commit.template [5ms]
2023-09-16 20:49:16.109 [info] > git for-each-ref --format=%(refname)%00%(upstream:short)%00%(objectname)%00%(upstream:track)%00%(upstream:remotename)%00%(upstream:remoteref) refs/heads/master refs/remotes/master [1ms]
2023-09-16 20:49:16.115 [info] > git status -z -uall [1ms]
2023-09-16 20:49:29.618 [info] > git config --get commit.template [5ms]
2023-09-16 20:49:29.619 [info] > git for-each-ref --format=%(refname)%00%(upstream:short)%00%(objectname)%00%(upstream:track)%00%(upstream:remotename)%00%(upstream:remoteref) refs/heads/master refs/remotes/master [1ms]
2023-09-16 20:49:29.625 [info] > git status -z -uall [1ms]
2023-09-16 20:49:34.637 [info] > git config --get commit.template [5ms]
2023-09-16 20:49:34.638 [info] > git for-each-ref --format=%(refname)%00%(upstream:short)%00%(objectname)%00%(upstream:track)%00%(upstream:remotename)%00%(upstream:remoteref) refs/heads/master refs/remotes/master [1ms]
2023-09-16 20:49:34.644 [info] > git status -z -uall [1ms]
2023-09-16 20:49:39.658 [info] > git config --get commit.template [6ms]
2023-09-16 20:49:39.659 [info] > git for-each-ref --format=%(refname)%00%(upstream:short)%00%(objectname)%00%(upstream:track)%00%(upstream:remotename)%00%(upstream:remoteref) refs/heads/master refs/remotes/master [1ms]
2023-09-16 20:49:39.667 [info] > git status -z -uall [2ms]
2023-09-16 20:49:44.679 [info] > git config --get commit.template [5ms]
2023-09-16 20:49:44.679 [info] > git for-each-ref --format=%(refname)%00%(upstream:short)%00%(objectname)%00%(upstream:track)%00%(upstream:remotename)%00%(upstream:remoteref) refs/heads/master refs/remotes/master [1ms]
2023-09-16 20:49:44.685 [info] > git status -z -uall [1ms]
2023-09-16 20:49:49.699 [info] > git config --get commit.template [6ms]
2023-09-16 20:49:49.699 [info] > git for-each-ref --format=%(refname)%00%(upstream:short)%00%(objectname)%00%(upstream:track)%00%(upstream:remotename)%00%(upstream:remoteref) refs/heads/master refs/remotes/master [1ms]
2023-09-16 20:49:49.706 [info] > git status -z -uall [1ms]
2023-09-16 20:49:54.720 [info] > git config --get commit.template [6ms]
2023-09-16 20:49:54.721 [info] > git for-each-ref --format=%(refname)%00%(upstream:short)%00%(objectname)%00%(upstream:track)%00%(upstream:remotename)%00%(upstream:remoteref) refs/heads/master refs/remotes/master [1ms]
2023-09-16 20:49:54.727 [info] > git status -z -uall [1ms]
2023-09-16 20:50:36.803 [info] > git config --get commit.template [5ms]
2023-09-16 20:50:36.803 [info] > git for-each-ref --format=%(refname)%00%(upstream:short)%00%(objectname)%00%(upstream:track)%00%(upstream:remotename)%00%(upstream:remoteref) refs/heads/master refs/remotes/master [1ms]
2023-09-16 20:50:36.809 [info] > git status -z -uall [1ms]
2023-09-16 20:51:49.516 [info] > git config --get commit.template [5ms]
2023-09-16 20:51:49.517 [info] > git for-each-ref --format=%(refname)%00%(upstream:short)%00%(objectname)%00%(upstream:track)%00%(upstream:remotename)%00%(upstream:remoteref) refs/heads/master refs/remotes/master [1ms]
2023-09-16 20:51:49.522 [info] > git status -z -uall [1ms]
2023-09-16 20:51:56.535 [info] > git config --get commit.template [6ms]
2023-09-16 20:51:56.535 [info] > git for-each-ref --format=%(refname)%00%(upstream:short)%00%(objectname)%00%(upstream:track)%00%(upstream:remotename)%00%(upstream:remoteref) refs/heads/master refs/remotes/master [1ms]
2023-09-16 20:51:56.541 [info] > git status -z -uall [2ms]
2023-09-16 20:52:11.291 [info] > git add -A -- . [2ms]
2023-09-16 20:52:11.300 [info] > git -c user.useConfigOnly=true commit --quiet --allow-empty-message --file - [3ms]
2023-09-16 20:52:11.306 [info] > git config --get commit.template [1ms]
2023-09-16 20:52:11.317 [info] > git config --get commit.template [5ms]
2023-09-16 20:52:11.318 [info] > git for-each-ref --format=%(refname)%00%(upstream:short)%00%(objectname)%00%(upstream:track)%00%(upstream:remotename)%00%(upstream:remoteref) refs/heads/master refs/remotes/master [1ms]
2023-09-16 20:52:11.324 [info] > git status -z -uall [2ms]
2023-09-16 20:52:11.362 [info] > git config --get commit.template [5ms]
2023-09-16 20:52:11.363 [info] > git for-each-ref --format=%(refname)%00%(upstream:short)%00%(objectname)%00%(upstream:track)%00%(upstream:remotename)%00%(upstream:remoteref) refs/heads/master refs/remotes/master [1ms]
2023-09-16 20:52:11.369 [info] > git status -z -uall [1ms]
2023-09-16 20:52:12.480 [info] > git ls-files --stage -- /home/coean/0/dev/rust/szkolenie/rust2/src/main.rs [5ms]
2023-09-16 20:52:12.485 [info] > git ls-files --stage -- /home/coean/0/dev/rust/szkolenie/rust2/src/names.txt [5ms]
2023-09-16 20:52:12.490 [info] > git cat-file -s 142f566fa4fff29f1ba20807db46872e96df3c92 [6ms]
2023-09-16 20:52:12.490 [info] > git cat-file -s dbdba8fec08ef8580038eec6ec71a08a33f97cd4 [1ms]
2023-09-16 20:52:12.500 [info] > git show --textconv :src/main.rs [5ms]
2023-09-16 20:52:12.500 [info] > git show --textconv :src/names.txt [1ms]
2023-09-16 20:52:19.051 [info] > git config --get commit.template [6ms]
2023-09-16 20:52:19.051 [info] > git for-each-ref --format=%(refname)%00%(upstream:short)%00%(objectname)%00%(upstream:track)%00%(upstream:remotename)%00%(upstream:remoteref) refs/heads/master refs/remotes/master [1ms]
2023-09-16 20:52:19.057 [info] > git status -z -uall [1ms]
2023-09-16 20:52:19.151 [info] > git ls-files --stage -- /home/coean/0/dev/rust/szkolenie/rust2/src/main.rs [5ms]
2023-09-16 20:52:19.155 [info] > git ls-files --stage -- /home/coean/0/dev/rust/szkolenie/rust2/src/names.txt [5ms]
2023-09-16 20:52:19.160 [info] > git cat-file -s 142f566fa4fff29f1ba20807db46872e96df3c92 [5ms]
2023-09-16 20:52:19.160 [info] > git cat-file -s dbdba8fec08ef8580038eec6ec71a08a33f97cd4 [0ms]
2023-09-16 20:52:19.170 [info] > git show --textconv :src/main.rs [5ms]
2023-09-16 20:52:19.171 [info] > git show --textconv :src/names.txt [1ms]
