2023-09-16 19:39:14.064 [info] Added views:workbench.panel.markers.view in workbench.panel.markers
2023-09-16 19:39:14.064 [info] Added views:workbench.panel.output in workbench.panel.output
2023-09-16 19:39:14.064 [info] Added views:terminal in terminal
2023-09-16 19:39:14.064 [info] Added views:outline in workbench.view.explorer
2023-09-16 19:39:14.064 [info] Added views:workbench.scm in workbench.view.scm
2023-09-16 19:39:14.064 [info] Added views:workbench.view.search in workbench.view.search
2023-09-16 19:39:14.064 [info] Added views:timeline in workbench.view.explorer
2023-09-16 19:39:14.064 [info] Added views:workbench.explorer.fileView in workbench.view.explorer
2023-09-16 19:39:14.249 [info] Added views:workbench.debug.variablesView,workbench.debug.watchExpressionsView,workbench.debug.callStackView,workbench.debug.breakPointsView in workbench.view.debug
2023-09-16 19:39:14.313 [info] Added views:~remote.forwardedPorts in ~remote.forwardedPortsContainer
2023-09-16 19:39:14.384 [info] Added views:workbench.panel.repl.view in workbench.panel.repl
2023-09-16 19:39:14.385 [info] Removed views:workbench.debug.breakPointsView,workbench.debug.callStackView,workbench.debug.watchExpressionsView,workbench.debug.variablesView from workbench.view.debug
2023-09-16 19:39:14.385 [info] Added views:workbench.debug.welcome in workbench.view.debug
2023-09-16 19:39:14.409 [info] Added views:test-explorer in workbench.view.extension.test
2023-09-16 19:39:26.588 [info] Added views:workbench.panel.markers.view in workbench.panel.markers
2023-09-16 19:39:26.588 [info] Added views:workbench.panel.output in workbench.panel.output
2023-09-16 19:39:26.588 [info] Added views:terminal in terminal
2023-09-16 19:39:26.588 [info] Added views:outline in workbench.view.explorer
2023-09-16 19:39:26.588 [info] Added views:workbench.scm in workbench.view.scm
2023-09-16 19:39:26.588 [info] Added views:workbench.view.search in workbench.view.search
2023-09-16 19:39:26.588 [info] Added views:timeline in workbench.view.explorer
2023-09-16 19:39:26.588 [info] Added views:workbench.explorer.fileView in workbench.view.explorer
2023-09-16 19:39:26.774 [info] Added views:workbench.debug.variablesView,workbench.debug.watchExpressionsView,workbench.debug.callStackView,workbench.debug.breakPointsView in workbench.view.debug
2023-09-16 19:39:26.779 [info] Added views:~remote.forwardedPorts in ~remote.forwardedPortsContainer
2023-09-16 19:39:26.875 [info] Added views:workbench.panel.repl.view in workbench.panel.repl
2023-09-16 19:39:26.875 [info] Removed views:workbench.debug.breakPointsView,workbench.debug.callStackView,workbench.debug.watchExpressionsView,workbench.debug.variablesView from workbench.view.debug
2023-09-16 19:39:26.876 [info] Added views:workbench.debug.welcome in workbench.view.debug
2023-09-16 19:39:26.945 [info] Added views:test-explorer in workbench.view.extension.test
