2023-09-16 17:00:21.202 [info] [Ionide.Ionide-fsharp]: Command `fsharp.explorer.renameFile` already registered by Ionide for F# (Ionide.Ionide-fsharp)
2023-09-16 17:00:24.050 [info] [perf] Render performance baseline is 21ms
2023-09-16 17:04:21.373 [error] Language client is not ready yet: Error: Language client is not ready yet
	at LanguageClient.sendRequest (/home/coean/.vscode-oss/extensions/rust-lang.rust-0.7.8-universal/node_modules/vscode-languageclient/lib/client.js:1789:19)
	at /home/coean/.vscode-oss/extensions/rust-lang.rust-0.7.8-universal/out/src/providers/signatureHelpProvider.js:35:16
	at new Promise (<anonymous>)
	at SignatureHelpProvider.provideHover (/home/coean/.vscode-oss/extensions/rust-lang.rust-0.7.8-universal/out/src/providers/signatureHelpProvider.js:34:16)
	at SignatureHelpProvider.provideSignatureHelp (/home/coean/.vscode-oss/extensions/rust-lang.rust-0.7.8-universal/out/src/providers/signatureHelpProvider.js:15:25)
	at N.provideSignatureHelp (/usr/share/vscodium/resources/app/out/vs/workbench/api/node/extensionHostProcess.js:109:67644)
	at /usr/share/vscodium/resources/app/out/vs/workbench/api/node/extensionHostProcess.js:109:88842
	at de._withAdapter (/usr/share/vscodium/resources/app/out/vs/workbench/api/node/extensionHostProcess.js:109:77185)
	at de.$provideSignatureHelp (/usr/share/vscodium/resources/app/out/vs/workbench/api/node/extensionHostProcess.js:109:88818)
	at i._doInvokeHandler (/usr/share/vscodium/resources/app/out/vs/workbench/api/node/extensionHostProcess.js:116:13691)
	at i._invokeHandler (/usr/share/vscodium/resources/app/out/vs/workbench/api/node/extensionHostProcess.js:116:13373)
	at i._receiveRequest (/usr/share/vscodium/resources/app/out/vs/workbench/api/node/extensionHostProcess.js:116:12079)
	at i._receiveOneMessage (/usr/share/vscodium/resources/app/out/vs/workbench/api/node/extensionHostProcess.js:116:10830)
	at n.value (/usr/share/vscodium/resources/app/out/vs/workbench/api/node/extensionHostProcess.js:116:8937)
	at m._deliver (/usr/share/vscodium/resources/app/out/vs/workbench/api/node/extensionHostProcess.js:63:2465)
	at m.fire (/usr/share/vscodium/resources/app/out/vs/workbench/api/node/extensionHostProcess.js:63:2784)
	at b.fire (/usr/share/vscodium/resources/app/out/vs/workbench/api/node/extensionHostProcess.js:79:16604)
	at n.value (/usr/share/vscodium/resources/app/out/vs/workbench/api/node/extensionHostProcess.js:135:9474)
	at m._deliver (/usr/share/vscodium/resources/app/out/vs/workbench/api/node/extensionHostProcess.js:63:2465)
	at m.fire (/usr/share/vscodium/resources/app/out/vs/workbench/api/node/extensionHostProcess.js:63:2784)
	at b.fire (/usr/share/vscodium/resources/app/out/vs/workbench/api/node/extensionHostProcess.js:79:16604)
	at MessagePortMain.<anonymous> (/usr/share/vscodium/resources/app/out/vs/workbench/api/node/extensionHostProcess.js:135:7551)
	at MessagePortMain.emit (node:events:513:28)
	at MessagePortMain._internalPort.emit (node:electron/js2c/utility_init:2:367)
2023-09-16 17:04:36.281 [error] Language client is not ready yet: Error: Language client is not ready yet
	at LanguageClient.sendRequest (/home/coean/.vscode-oss/extensions/rust-lang.rust-0.7.8-universal/node_modules/vscode-languageclient/lib/client.js:1789:19)
	at /home/coean/.vscode-oss/extensions/rust-lang.rust-0.7.8-universal/out/src/providers/signatureHelpProvider.js:35:16
	at new Promise (<anonymous>)
	at SignatureHelpProvider.provideHover (/home/coean/.vscode-oss/extensions/rust-lang.rust-0.7.8-universal/out/src/providers/signatureHelpProvider.js:34:16)
	at SignatureHelpProvider.provideSignatureHelp (/home/coean/.vscode-oss/extensions/rust-lang.rust-0.7.8-universal/out/src/providers/signatureHelpProvider.js:15:25)
	at N.provideSignatureHelp (/usr/share/vscodium/resources/app/out/vs/workbench/api/node/extensionHostProcess.js:109:67644)
	at /usr/share/vscodium/resources/app/out/vs/workbench/api/node/extensionHostProcess.js:109:88842
	at de._withAdapter (/usr/share/vscodium/resources/app/out/vs/workbench/api/node/extensionHostProcess.js:109:77185)
	at de.$provideSignatureHelp (/usr/share/vscodium/resources/app/out/vs/workbench/api/node/extensionHostProcess.js:109:88818)
	at i._doInvokeHandler (/usr/share/vscodium/resources/app/out/vs/workbench/api/node/extensionHostProcess.js:116:13691)
	at i._invokeHandler (/usr/share/vscodium/resources/app/out/vs/workbench/api/node/extensionHostProcess.js:116:13373)
	at i._receiveRequest (/usr/share/vscodium/resources/app/out/vs/workbench/api/node/extensionHostProcess.js:116:12079)
	at i._receiveOneMessage (/usr/share/vscodium/resources/app/out/vs/workbench/api/node/extensionHostProcess.js:116:10830)
	at n.value (/usr/share/vscodium/resources/app/out/vs/workbench/api/node/extensionHostProcess.js:116:8937)
	at m._deliver (/usr/share/vscodium/resources/app/out/vs/workbench/api/node/extensionHostProcess.js:63:2465)
	at m.fire (/usr/share/vscodium/resources/app/out/vs/workbench/api/node/extensionHostProcess.js:63:2784)
	at b.fire (/usr/share/vscodium/resources/app/out/vs/workbench/api/node/extensionHostProcess.js:79:16604)
	at n.value (/usr/share/vscodium/resources/app/out/vs/workbench/api/node/extensionHostProcess.js:135:9474)
	at m._deliver (/usr/share/vscodium/resources/app/out/vs/workbench/api/node/extensionHostProcess.js:63:2465)
	at m.fire (/usr/share/vscodium/resources/app/out/vs/workbench/api/node/extensionHostProcess.js:63:2784)
	at b.fire (/usr/share/vscodium/resources/app/out/vs/workbench/api/node/extensionHostProcess.js:79:16604)
	at MessagePortMain.<anonymous> (/usr/share/vscodium/resources/app/out/vs/workbench/api/node/extensionHostProcess.js:135:7551)
	at MessagePortMain.emit (node:events:513:28)
	at MessagePortMain._internalPort.emit (node:electron/js2c/utility_init:2:367)
2023-09-16 17:05:41.026 [error] Language client is not ready yet: Error: Language client is not ready yet
	at LanguageClient.sendRequest (/home/coean/.vscode-oss/extensions/rust-lang.rust-0.7.8-universal/node_modules/vscode-languageclient/lib/client.js:1789:19)
	at /home/coean/.vscode-oss/extensions/rust-lang.rust-0.7.8-universal/out/src/providers/signatureHelpProvider.js:35:16
	at new Promise (<anonymous>)
	at SignatureHelpProvider.provideHover (/home/coean/.vscode-oss/extensions/rust-lang.rust-0.7.8-universal/out/src/providers/signatureHelpProvider.js:34:16)
	at SignatureHelpProvider.provideSignatureHelp (/home/coean/.vscode-oss/extensions/rust-lang.rust-0.7.8-universal/out/src/providers/signatureHelpProvider.js:15:25)
	at N.provideSignatureHelp (/usr/share/vscodium/resources/app/out/vs/workbench/api/node/extensionHostProcess.js:109:67644)
	at /usr/share/vscodium/resources/app/out/vs/workbench/api/node/extensionHostProcess.js:109:88842
	at de._withAdapter (/usr/share/vscodium/resources/app/out/vs/workbench/api/node/extensionHostProcess.js:109:77185)
	at de.$provideSignatureHelp (/usr/share/vscodium/resources/app/out/vs/workbench/api/node/extensionHostProcess.js:109:88818)
	at i._doInvokeHandler (/usr/share/vscodium/resources/app/out/vs/workbench/api/node/extensionHostProcess.js:116:13691)
	at i._invokeHandler (/usr/share/vscodium/resources/app/out/vs/workbench/api/node/extensionHostProcess.js:116:13373)
	at i._receiveRequest (/usr/share/vscodium/resources/app/out/vs/workbench/api/node/extensionHostProcess.js:116:12079)
	at i._receiveOneMessage (/usr/share/vscodium/resources/app/out/vs/workbench/api/node/extensionHostProcess.js:116:10830)
	at n.value (/usr/share/vscodium/resources/app/out/vs/workbench/api/node/extensionHostProcess.js:116:8937)
	at m._deliver (/usr/share/vscodium/resources/app/out/vs/workbench/api/node/extensionHostProcess.js:63:2465)
	at m.fire (/usr/share/vscodium/resources/app/out/vs/workbench/api/node/extensionHostProcess.js:63:2784)
	at b.fire (/usr/share/vscodium/resources/app/out/vs/workbench/api/node/extensionHostProcess.js:79:16604)
	at n.value (/usr/share/vscodium/resources/app/out/vs/workbench/api/node/extensionHostProcess.js:135:9474)
	at m._deliver (/usr/share/vscodium/resources/app/out/vs/workbench/api/node/extensionHostProcess.js:63:2465)
	at m.fire (/usr/share/vscodium/resources/app/out/vs/workbench/api/node/extensionHostProcess.js:63:2784)
	at b.fire (/usr/share/vscodium/resources/app/out/vs/workbench/api/node/extensionHostProcess.js:79:16604)
	at MessagePortMain.<anonymous> (/usr/share/vscodium/resources/app/out/vs/workbench/api/node/extensionHostProcess.js:135:7551)
	at MessagePortMain.emit (node:events:513:28)
	at MessagePortMain._internalPort.emit (node:electron/js2c/utility_init:2:367)
2023-09-16 17:08:06.883 [error] Language client is not ready yet: Error: Language client is not ready yet
	at LanguageClient.sendRequest (/home/coean/.vscode-oss/extensions/rust-lang.rust-0.7.8-universal/node_modules/vscode-languageclient/lib/client.js:1789:19)
	at /home/coean/.vscode-oss/extensions/rust-lang.rust-0.7.8-universal/out/src/providers/signatureHelpProvider.js:35:16
	at new Promise (<anonymous>)
	at SignatureHelpProvider.provideHover (/home/coean/.vscode-oss/extensions/rust-lang.rust-0.7.8-universal/out/src/providers/signatureHelpProvider.js:34:16)
	at SignatureHelpProvider.provideSignatureHelp (/home/coean/.vscode-oss/extensions/rust-lang.rust-0.7.8-universal/out/src/providers/signatureHelpProvider.js:15:25)
	at N.provideSignatureHelp (/usr/share/vscodium/resources/app/out/vs/workbench/api/node/extensionHostProcess.js:109:67644)
	at /usr/share/vscodium/resources/app/out/vs/workbench/api/node/extensionHostProcess.js:109:88842
	at de._withAdapter (/usr/share/vscodium/resources/app/out/vs/workbench/api/node/extensionHostProcess.js:109:77185)
	at de.$provideSignatureHelp (/usr/share/vscodium/resources/app/out/vs/workbench/api/node/extensionHostProcess.js:109:88818)
	at i._doInvokeHandler (/usr/share/vscodium/resources/app/out/vs/workbench/api/node/extensionHostProcess.js:116:13691)
	at i._invokeHandler (/usr/share/vscodium/resources/app/out/vs/workbench/api/node/extensionHostProcess.js:116:13373)
	at i._receiveRequest (/usr/share/vscodium/resources/app/out/vs/workbench/api/node/extensionHostProcess.js:116:12079)
	at i._receiveOneMessage (/usr/share/vscodium/resources/app/out/vs/workbench/api/node/extensionHostProcess.js:116:10830)
	at n.value (/usr/share/vscodium/resources/app/out/vs/workbench/api/node/extensionHostProcess.js:116:8937)
	at m._deliver (/usr/share/vscodium/resources/app/out/vs/workbench/api/node/extensionHostProcess.js:63:2465)
	at m.fire (/usr/share/vscodium/resources/app/out/vs/workbench/api/node/extensionHostProcess.js:63:2784)
	at b.fire (/usr/share/vscodium/resources/app/out/vs/workbench/api/node/extensionHostProcess.js:79:16604)
	at n.value (/usr/share/vscodium/resources/app/out/vs/workbench/api/node/extensionHostProcess.js:135:9474)
	at m._deliver (/usr/share/vscodium/resources/app/out/vs/workbench/api/node/extensionHostProcess.js:63:2465)
	at m.fire (/usr/share/vscodium/resources/app/out/vs/workbench/api/node/extensionHostProcess.js:63:2784)
	at b.fire (/usr/share/vscodium/resources/app/out/vs/workbench/api/node/extensionHostProcess.js:79:16604)
	at MessagePortMain.<anonymous> (/usr/share/vscodium/resources/app/out/vs/workbench/api/node/extensionHostProcess.js:135:7551)
	at MessagePortMain.emit (node:events:513:28)
	at MessagePortMain._internalPort.emit (node:electron/js2c/utility_init:2:367)
2023-09-16 17:08:12.838 [error] Language client is not ready yet: Error: Language client is not ready yet
	at LanguageClient.sendRequest (/home/coean/.vscode-oss/extensions/rust-lang.rust-0.7.8-universal/node_modules/vscode-languageclient/lib/client.js:1789:19)
	at /home/coean/.vscode-oss/extensions/rust-lang.rust-0.7.8-universal/out/src/providers/signatureHelpProvider.js:35:16
	at new Promise (<anonymous>)
	at SignatureHelpProvider.provideHover (/home/coean/.vscode-oss/extensions/rust-lang.rust-0.7.8-universal/out/src/providers/signatureHelpProvider.js:34:16)
	at SignatureHelpProvider.provideSignatureHelp (/home/coean/.vscode-oss/extensions/rust-lang.rust-0.7.8-universal/out/src/providers/signatureHelpProvider.js:20:29)
	at N.provideSignatureHelp (/usr/share/vscodium/resources/app/out/vs/workbench/api/node/extensionHostProcess.js:109:67644)
	at /usr/share/vscodium/resources/app/out/vs/workbench/api/node/extensionHostProcess.js:109:88842
	at de._withAdapter (/usr/share/vscodium/resources/app/out/vs/workbench/api/node/extensionHostProcess.js:109:77185)
	at de.$provideSignatureHelp (/usr/share/vscodium/resources/app/out/vs/workbench/api/node/extensionHostProcess.js:109:88818)
	at i._doInvokeHandler (/usr/share/vscodium/resources/app/out/vs/workbench/api/node/extensionHostProcess.js:116:13691)
	at i._invokeHandler (/usr/share/vscodium/resources/app/out/vs/workbench/api/node/extensionHostProcess.js:116:13373)
	at i._receiveRequest (/usr/share/vscodium/resources/app/out/vs/workbench/api/node/extensionHostProcess.js:116:12079)
	at i._receiveOneMessage (/usr/share/vscodium/resources/app/out/vs/workbench/api/node/extensionHostProcess.js:116:10830)
	at n.value (/usr/share/vscodium/resources/app/out/vs/workbench/api/node/extensionHostProcess.js:116:8937)
	at m._deliver (/usr/share/vscodium/resources/app/out/vs/workbench/api/node/extensionHostProcess.js:63:2465)
	at m.fire (/usr/share/vscodium/resources/app/out/vs/workbench/api/node/extensionHostProcess.js:63:2784)
	at b.fire (/usr/share/vscodium/resources/app/out/vs/workbench/api/node/extensionHostProcess.js:79:16604)
	at n.value (/usr/share/vscodium/resources/app/out/vs/workbench/api/node/extensionHostProcess.js:135:9474)
	at m._deliver (/usr/share/vscodium/resources/app/out/vs/workbench/api/node/extensionHostProcess.js:63:2465)
	at m.fire (/usr/share/vscodium/resources/app/out/vs/workbench/api/node/extensionHostProcess.js:63:2784)
	at b.fire (/usr/share/vscodium/resources/app/out/vs/workbench/api/node/extensionHostProcess.js:79:16604)
	at MessagePortMain.<anonymous> (/usr/share/vscodium/resources/app/out/vs/workbench/api/node/extensionHostProcess.js:135:7551)
	at MessagePortMain.emit (node:events:513:28)
	at MessagePortMain._internalPort.emit (node:electron/js2c/utility_init:2:367)
2023-09-16 17:09:27.454 [error] Language client is not ready yet: Error: Language client is not ready yet
	at LanguageClient.sendRequest (/home/coean/.vscode-oss/extensions/rust-lang.rust-0.7.8-universal/node_modules/vscode-languageclient/lib/client.js:1789:19)
	at /home/coean/.vscode-oss/extensions/rust-lang.rust-0.7.8-universal/out/src/providers/signatureHelpProvider.js:35:16
	at new Promise (<anonymous>)
	at SignatureHelpProvider.provideHover (/home/coean/.vscode-oss/extensions/rust-lang.rust-0.7.8-universal/out/src/providers/signatureHelpProvider.js:34:16)
	at SignatureHelpProvider.provideSignatureHelp (/home/coean/.vscode-oss/extensions/rust-lang.rust-0.7.8-universal/out/src/providers/signatureHelpProvider.js:15:25)
	at N.provideSignatureHelp (/usr/share/vscodium/resources/app/out/vs/workbench/api/node/extensionHostProcess.js:109:67644)
	at /usr/share/vscodium/resources/app/out/vs/workbench/api/node/extensionHostProcess.js:109:88842
	at de._withAdapter (/usr/share/vscodium/resources/app/out/vs/workbench/api/node/extensionHostProcess.js:109:77185)
	at de.$provideSignatureHelp (/usr/share/vscodium/resources/app/out/vs/workbench/api/node/extensionHostProcess.js:109:88818)
	at i._doInvokeHandler (/usr/share/vscodium/resources/app/out/vs/workbench/api/node/extensionHostProcess.js:116:13691)
	at i._invokeHandler (/usr/share/vscodium/resources/app/out/vs/workbench/api/node/extensionHostProcess.js:116:13373)
	at i._receiveRequest (/usr/share/vscodium/resources/app/out/vs/workbench/api/node/extensionHostProcess.js:116:12079)
	at i._receiveOneMessage (/usr/share/vscodium/resources/app/out/vs/workbench/api/node/extensionHostProcess.js:116:10830)
	at n.value (/usr/share/vscodium/resources/app/out/vs/workbench/api/node/extensionHostProcess.js:116:8937)
	at m._deliver (/usr/share/vscodium/resources/app/out/vs/workbench/api/node/extensionHostProcess.js:63:2465)
	at m.fire (/usr/share/vscodium/resources/app/out/vs/workbench/api/node/extensionHostProcess.js:63:2784)
	at b.fire (/usr/share/vscodium/resources/app/out/vs/workbench/api/node/extensionHostProcess.js:79:16604)
	at n.value (/usr/share/vscodium/resources/app/out/vs/workbench/api/node/extensionHostProcess.js:135:9474)
	at m._deliver (/usr/share/vscodium/resources/app/out/vs/workbench/api/node/extensionHostProcess.js:63:2465)
	at m.fire (/usr/share/vscodium/resources/app/out/vs/workbench/api/node/extensionHostProcess.js:63:2784)
	at b.fire (/usr/share/vscodium/resources/app/out/vs/workbench/api/node/extensionHostProcess.js:79:16604)
	at MessagePortMain.<anonymous> (/usr/share/vscodium/resources/app/out/vs/workbench/api/node/extensionHostProcess.js:135:7551)
	at MessagePortMain.emit (node:events:513:28)
	at MessagePortMain._internalPort.emit (node:electron/js2c/utility_init:2:367)
2023-09-16 17:15:54.268 [error] Language client is not ready yet: Error: Language client is not ready yet
	at LanguageClient.sendRequest (/home/coean/.vscode-oss/extensions/rust-lang.rust-0.7.8-universal/node_modules/vscode-languageclient/lib/client.js:1789:19)
	at /home/coean/.vscode-oss/extensions/rust-lang.rust-0.7.8-universal/out/src/providers/signatureHelpProvider.js:35:16
	at new Promise (<anonymous>)
	at SignatureHelpProvider.provideHover (/home/coean/.vscode-oss/extensions/rust-lang.rust-0.7.8-universal/out/src/providers/signatureHelpProvider.js:34:16)
	at SignatureHelpProvider.provideSignatureHelp (/home/coean/.vscode-oss/extensions/rust-lang.rust-0.7.8-universal/out/src/providers/signatureHelpProvider.js:15:25)
	at N.provideSignatureHelp (/usr/share/vscodium/resources/app/out/vs/workbench/api/node/extensionHostProcess.js:109:67644)
	at /usr/share/vscodium/resources/app/out/vs/workbench/api/node/extensionHostProcess.js:109:88842
	at de._withAdapter (/usr/share/vscodium/resources/app/out/vs/workbench/api/node/extensionHostProcess.js:109:77185)
	at de.$provideSignatureHelp (/usr/share/vscodium/resources/app/out/vs/workbench/api/node/extensionHostProcess.js:109:88818)
	at i._doInvokeHandler (/usr/share/vscodium/resources/app/out/vs/workbench/api/node/extensionHostProcess.js:116:13691)
	at i._invokeHandler (/usr/share/vscodium/resources/app/out/vs/workbench/api/node/extensionHostProcess.js:116:13373)
	at i._receiveRequest (/usr/share/vscodium/resources/app/out/vs/workbench/api/node/extensionHostProcess.js:116:12079)
	at i._receiveOneMessage (/usr/share/vscodium/resources/app/out/vs/workbench/api/node/extensionHostProcess.js:116:10830)
	at n.value (/usr/share/vscodium/resources/app/out/vs/workbench/api/node/extensionHostProcess.js:116:8937)
	at m._deliver (/usr/share/vscodium/resources/app/out/vs/workbench/api/node/extensionHostProcess.js:63:2465)
	at m.fire (/usr/share/vscodium/resources/app/out/vs/workbench/api/node/extensionHostProcess.js:63:2784)
	at b.fire (/usr/share/vscodium/resources/app/out/vs/workbench/api/node/extensionHostProcess.js:79:16604)
	at n.value (/usr/share/vscodium/resources/app/out/vs/workbench/api/node/extensionHostProcess.js:135:9474)
	at m._deliver (/usr/share/vscodium/resources/app/out/vs/workbench/api/node/extensionHostProcess.js:63:2465)
	at m.fire (/usr/share/vscodium/resources/app/out/vs/workbench/api/node/extensionHostProcess.js:63:2784)
	at b.fire (/usr/share/vscodium/resources/app/out/vs/workbench/api/node/extensionHostProcess.js:79:16604)
	at MessagePortMain.<anonymous> (/usr/share/vscodium/resources/app/out/vs/workbench/api/node/extensionHostProcess.js:135:7551)
	at MessagePortMain.emit (node:events:513:28)
	at MessagePortMain._internalPort.emit (node:electron/js2c/utility_init:2:367)
2023-09-16 17:18:10.871 [error] Language client is not ready yet: Error: Language client is not ready yet
	at LanguageClient.sendRequest (/home/coean/.vscode-oss/extensions/rust-lang.rust-0.7.8-universal/node_modules/vscode-languageclient/lib/client.js:1789:19)
	at /home/coean/.vscode-oss/extensions/rust-lang.rust-0.7.8-universal/out/src/providers/signatureHelpProvider.js:35:16
	at new Promise (<anonymous>)
	at SignatureHelpProvider.provideHover (/home/coean/.vscode-oss/extensions/rust-lang.rust-0.7.8-universal/out/src/providers/signatureHelpProvider.js:34:16)
	at SignatureHelpProvider.provideSignatureHelp (/home/coean/.vscode-oss/extensions/rust-lang.rust-0.7.8-universal/out/src/providers/signatureHelpProvider.js:15:25)
	at N.provideSignatureHelp (/usr/share/vscodium/resources/app/out/vs/workbench/api/node/extensionHostProcess.js:109:67644)
	at /usr/share/vscodium/resources/app/out/vs/workbench/api/node/extensionHostProcess.js:109:88842
	at de._withAdapter (/usr/share/vscodium/resources/app/out/vs/workbench/api/node/extensionHostProcess.js:109:77185)
	at de.$provideSignatureHelp (/usr/share/vscodium/resources/app/out/vs/workbench/api/node/extensionHostProcess.js:109:88818)
	at i._doInvokeHandler (/usr/share/vscodium/resources/app/out/vs/workbench/api/node/extensionHostProcess.js:116:13691)
	at i._invokeHandler (/usr/share/vscodium/resources/app/out/vs/workbench/api/node/extensionHostProcess.js:116:13373)
	at i._receiveRequest (/usr/share/vscodium/resources/app/out/vs/workbench/api/node/extensionHostProcess.js:116:12079)
	at i._receiveOneMessage (/usr/share/vscodium/resources/app/out/vs/workbench/api/node/extensionHostProcess.js:116:10830)
	at n.value (/usr/share/vscodium/resources/app/out/vs/workbench/api/node/extensionHostProcess.js:116:8937)
	at m._deliver (/usr/share/vscodium/resources/app/out/vs/workbench/api/node/extensionHostProcess.js:63:2465)
	at m.fire (/usr/share/vscodium/resources/app/out/vs/workbench/api/node/extensionHostProcess.js:63:2784)
	at b.fire (/usr/share/vscodium/resources/app/out/vs/workbench/api/node/extensionHostProcess.js:79:16604)
	at n.value (/usr/share/vscodium/resources/app/out/vs/workbench/api/node/extensionHostProcess.js:135:9474)
	at m._deliver (/usr/share/vscodium/resources/app/out/vs/workbench/api/node/extensionHostProcess.js:63:2465)
	at m.fire (/usr/share/vscodium/resources/app/out/vs/workbench/api/node/extensionHostProcess.js:63:2784)
	at b.fire (/usr/share/vscodium/resources/app/out/vs/workbench/api/node/extensionHostProcess.js:79:16604)
	at MessagePortMain.<anonymous> (/usr/share/vscodium/resources/app/out/vs/workbench/api/node/extensionHostProcess.js:135:7551)
	at MessagePortMain.emit (node:events:513:28)
	at MessagePortMain._internalPort.emit (node:electron/js2c/utility_init:2:367)
2023-09-16 17:23:44.976 [error] Language client is not ready yet: Error: Language client is not ready yet
	at LanguageClient.sendRequest (/home/coean/.vscode-oss/extensions/rust-lang.rust-0.7.8-universal/node_modules/vscode-languageclient/lib/client.js:1789:19)
	at /home/coean/.vscode-oss/extensions/rust-lang.rust-0.7.8-universal/out/src/providers/signatureHelpProvider.js:35:16
	at new Promise (<anonymous>)
	at SignatureHelpProvider.provideHover (/home/coean/.vscode-oss/extensions/rust-lang.rust-0.7.8-universal/out/src/providers/signatureHelpProvider.js:34:16)
	at SignatureHelpProvider.provideSignatureHelp (/home/coean/.vscode-oss/extensions/rust-lang.rust-0.7.8-universal/out/src/providers/signatureHelpProvider.js:15:25)
	at N.provideSignatureHelp (/usr/share/vscodium/resources/app/out/vs/workbench/api/node/extensionHostProcess.js:109:67644)
	at /usr/share/vscodium/resources/app/out/vs/workbench/api/node/extensionHostProcess.js:109:88842
	at de._withAdapter (/usr/share/vscodium/resources/app/out/vs/workbench/api/node/extensionHostProcess.js:109:77185)
	at de.$provideSignatureHelp (/usr/share/vscodium/resources/app/out/vs/workbench/api/node/extensionHostProcess.js:109:88818)
	at i._doInvokeHandler (/usr/share/vscodium/resources/app/out/vs/workbench/api/node/extensionHostProcess.js:116:13691)
	at i._invokeHandler (/usr/share/vscodium/resources/app/out/vs/workbench/api/node/extensionHostProcess.js:116:13373)
	at i._receiveRequest (/usr/share/vscodium/resources/app/out/vs/workbench/api/node/extensionHostProcess.js:116:12079)
	at i._receiveOneMessage (/usr/share/vscodium/resources/app/out/vs/workbench/api/node/extensionHostProcess.js:116:10830)
	at n.value (/usr/share/vscodium/resources/app/out/vs/workbench/api/node/extensionHostProcess.js:116:8937)
	at m._deliver (/usr/share/vscodium/resources/app/out/vs/workbench/api/node/extensionHostProcess.js:63:2465)
	at m.fire (/usr/share/vscodium/resources/app/out/vs/workbench/api/node/extensionHostProcess.js:63:2784)
	at b.fire (/usr/share/vscodium/resources/app/out/vs/workbench/api/node/extensionHostProcess.js:79:16604)
	at n.value (/usr/share/vscodium/resources/app/out/vs/workbench/api/node/extensionHostProcess.js:135:9474)
	at m._deliver (/usr/share/vscodium/resources/app/out/vs/workbench/api/node/extensionHostProcess.js:63:2465)
	at m.fire (/usr/share/vscodium/resources/app/out/vs/workbench/api/node/extensionHostProcess.js:63:2784)
	at b.fire (/usr/share/vscodium/resources/app/out/vs/workbench/api/node/extensionHostProcess.js:79:16604)
	at MessagePortMain.<anonymous> (/usr/share/vscodium/resources/app/out/vs/workbench/api/node/extensionHostProcess.js:135:7551)
	at MessagePortMain.emit (node:events:513:28)
	at MessagePortMain._internalPort.emit (node:electron/js2c/utility_init:2:367)
2023-09-16 17:25:08.803 [error] Language client is not ready yet: Error: Language client is not ready yet
	at LanguageClient.sendRequest (/home/coean/.vscode-oss/extensions/rust-lang.rust-0.7.8-universal/node_modules/vscode-languageclient/lib/client.js:1789:19)
	at /home/coean/.vscode-oss/extensions/rust-lang.rust-0.7.8-universal/out/src/providers/signatureHelpProvider.js:35:16
	at new Promise (<anonymous>)
	at SignatureHelpProvider.provideHover (/home/coean/.vscode-oss/extensions/rust-lang.rust-0.7.8-universal/out/src/providers/signatureHelpProvider.js:34:16)
	at SignatureHelpProvider.provideSignatureHelp (/home/coean/.vscode-oss/extensions/rust-lang.rust-0.7.8-universal/out/src/providers/signatureHelpProvider.js:15:25)
	at N.provideSignatureHelp (/usr/share/vscodium/resources/app/out/vs/workbench/api/node/extensionHostProcess.js:109:67644)
	at /usr/share/vscodium/resources/app/out/vs/workbench/api/node/extensionHostProcess.js:109:88842
	at de._withAdapter (/usr/share/vscodium/resources/app/out/vs/workbench/api/node/extensionHostProcess.js:109:77185)
	at de.$provideSignatureHelp (/usr/share/vscodium/resources/app/out/vs/workbench/api/node/extensionHostProcess.js:109:88818)
	at i._doInvokeHandler (/usr/share/vscodium/resources/app/out/vs/workbench/api/node/extensionHostProcess.js:116:13691)
	at i._invokeHandler (/usr/share/vscodium/resources/app/out/vs/workbench/api/node/extensionHostProcess.js:116:13373)
	at i._receiveRequest (/usr/share/vscodium/resources/app/out/vs/workbench/api/node/extensionHostProcess.js:116:12079)
	at i._receiveOneMessage (/usr/share/vscodium/resources/app/out/vs/workbench/api/node/extensionHostProcess.js:116:10830)
	at n.value (/usr/share/vscodium/resources/app/out/vs/workbench/api/node/extensionHostProcess.js:116:8937)
	at m._deliver (/usr/share/vscodium/resources/app/out/vs/workbench/api/node/extensionHostProcess.js:63:2465)
	at m.fire (/usr/share/vscodium/resources/app/out/vs/workbench/api/node/extensionHostProcess.js:63:2784)
	at b.fire (/usr/share/vscodium/resources/app/out/vs/workbench/api/node/extensionHostProcess.js:79:16604)
	at n.value (/usr/share/vscodium/resources/app/out/vs/workbench/api/node/extensionHostProcess.js:135:9474)
	at m._deliver (/usr/share/vscodium/resources/app/out/vs/workbench/api/node/extensionHostProcess.js:63:2465)
	at m.fire (/usr/share/vscodium/resources/app/out/vs/workbench/api/node/extensionHostProcess.js:63:2784)
	at b.fire (/usr/share/vscodium/resources/app/out/vs/workbench/api/node/extensionHostProcess.js:79:16604)
	at MessagePortMain.<anonymous> (/usr/share/vscodium/resources/app/out/vs/workbench/api/node/extensionHostProcess.js:135:7551)
	at MessagePortMain.emit (node:events:513:28)
	at MessagePortMain._internalPort.emit (node:electron/js2c/utility_init:2:367)
2023-09-16 17:25:09.636 [error] Language client is not ready yet: Error: Language client is not ready yet
	at LanguageClient.sendRequest (/home/coean/.vscode-oss/extensions/rust-lang.rust-0.7.8-universal/node_modules/vscode-languageclient/lib/client.js:1789:19)
	at /home/coean/.vscode-oss/extensions/rust-lang.rust-0.7.8-universal/out/src/providers/signatureHelpProvider.js:35:16
	at new Promise (<anonymous>)
	at SignatureHelpProvider.provideHover (/home/coean/.vscode-oss/extensions/rust-lang.rust-0.7.8-universal/out/src/providers/signatureHelpProvider.js:34:16)
	at SignatureHelpProvider.provideSignatureHelp (/home/coean/.vscode-oss/extensions/rust-lang.rust-0.7.8-universal/out/src/providers/signatureHelpProvider.js:20:29)
	at N.provideSignatureHelp (/usr/share/vscodium/resources/app/out/vs/workbench/api/node/extensionHostProcess.js:109:67644)
	at /usr/share/vscodium/resources/app/out/vs/workbench/api/node/extensionHostProcess.js:109:88842
	at de._withAdapter (/usr/share/vscodium/resources/app/out/vs/workbench/api/node/extensionHostProcess.js:109:77185)
	at de.$provideSignatureHelp (/usr/share/vscodium/resources/app/out/vs/workbench/api/node/extensionHostProcess.js:109:88818)
	at i._doInvokeHandler (/usr/share/vscodium/resources/app/out/vs/workbench/api/node/extensionHostProcess.js:116:13691)
	at i._invokeHandler (/usr/share/vscodium/resources/app/out/vs/workbench/api/node/extensionHostProcess.js:116:13373)
	at i._receiveRequest (/usr/share/vscodium/resources/app/out/vs/workbench/api/node/extensionHostProcess.js:116:12079)
	at i._receiveOneMessage (/usr/share/vscodium/resources/app/out/vs/workbench/api/node/extensionHostProcess.js:116:10830)
	at n.value (/usr/share/vscodium/resources/app/out/vs/workbench/api/node/extensionHostProcess.js:116:8937)
	at m._deliver (/usr/share/vscodium/resources/app/out/vs/workbench/api/node/extensionHostProcess.js:63:2465)
	at m.fire (/usr/share/vscodium/resources/app/out/vs/workbench/api/node/extensionHostProcess.js:63:2784)
	at b.fire (/usr/share/vscodium/resources/app/out/vs/workbench/api/node/extensionHostProcess.js:79:16604)
	at n.value (/usr/share/vscodium/resources/app/out/vs/workbench/api/node/extensionHostProcess.js:135:9474)
	at m._deliver (/usr/share/vscodium/resources/app/out/vs/workbench/api/node/extensionHostProcess.js:63:2465)
	at m.fire (/usr/share/vscodium/resources/app/out/vs/workbench/api/node/extensionHostProcess.js:63:2784)
	at b.fire (/usr/share/vscodium/resources/app/out/vs/workbench/api/node/extensionHostProcess.js:79:16604)
	at MessagePortMain.<anonymous> (/usr/share/vscodium/resources/app/out/vs/workbench/api/node/extensionHostProcess.js:135:7551)
	at MessagePortMain.emit (node:events:513:28)
	at MessagePortMain._internalPort.emit (node:electron/js2c/utility_init:2:367)
2023-09-16 17:26:03.464 [error] Language client is not ready yet: Error: Language client is not ready yet
	at LanguageClient.sendRequest (/home/coean/.vscode-oss/extensions/rust-lang.rust-0.7.8-universal/node_modules/vscode-languageclient/lib/client.js:1789:19)
	at /home/coean/.vscode-oss/extensions/rust-lang.rust-0.7.8-universal/out/src/providers/signatureHelpProvider.js:35:16
	at new Promise (<anonymous>)
	at SignatureHelpProvider.provideHover (/home/coean/.vscode-oss/extensions/rust-lang.rust-0.7.8-universal/out/src/providers/signatureHelpProvider.js:34:16)
	at SignatureHelpProvider.provideSignatureHelp (/home/coean/.vscode-oss/extensions/rust-lang.rust-0.7.8-universal/out/src/providers/signatureHelpProvider.js:15:25)
	at N.provideSignatureHelp (/usr/share/vscodium/resources/app/out/vs/workbench/api/node/extensionHostProcess.js:109:67644)
	at /usr/share/vscodium/resources/app/out/vs/workbench/api/node/extensionHostProcess.js:109:88842
	at de._withAdapter (/usr/share/vscodium/resources/app/out/vs/workbench/api/node/extensionHostProcess.js:109:77185)
	at de.$provideSignatureHelp (/usr/share/vscodium/resources/app/out/vs/workbench/api/node/extensionHostProcess.js:109:88818)
	at i._doInvokeHandler (/usr/share/vscodium/resources/app/out/vs/workbench/api/node/extensionHostProcess.js:116:13691)
	at i._invokeHandler (/usr/share/vscodium/resources/app/out/vs/workbench/api/node/extensionHostProcess.js:116:13373)
	at i._receiveRequest (/usr/share/vscodium/resources/app/out/vs/workbench/api/node/extensionHostProcess.js:116:12079)
	at i._receiveOneMessage (/usr/share/vscodium/resources/app/out/vs/workbench/api/node/extensionHostProcess.js:116:10830)
	at n.value (/usr/share/vscodium/resources/app/out/vs/workbench/api/node/extensionHostProcess.js:116:8937)
	at m._deliver (/usr/share/vscodium/resources/app/out/vs/workbench/api/node/extensionHostProcess.js:63:2465)
	at m.fire (/usr/share/vscodium/resources/app/out/vs/workbench/api/node/extensionHostProcess.js:63:2784)
	at b.fire (/usr/share/vscodium/resources/app/out/vs/workbench/api/node/extensionHostProcess.js:79:16604)
	at n.value (/usr/share/vscodium/resources/app/out/vs/workbench/api/node/extensionHostProcess.js:135:9474)
	at m._deliver (/usr/share/vscodium/resources/app/out/vs/workbench/api/node/extensionHostProcess.js:63:2465)
	at m.fire (/usr/share/vscodium/resources/app/out/vs/workbench/api/node/extensionHostProcess.js:63:2784)
	at b.fire (/usr/share/vscodium/resources/app/out/vs/workbench/api/node/extensionHostProcess.js:79:16604)
	at MessagePortMain.<anonymous> (/usr/share/vscodium/resources/app/out/vs/workbench/api/node/extensionHostProcess.js:135:7551)
	at MessagePortMain.emit (node:events:513:28)
	at MessagePortMain._internalPort.emit (node:electron/js2c/utility_init:2:367)
2023-09-16 17:29:43.334 [error] Language client is not ready yet: Error: Language client is not ready yet
	at LanguageClient.sendRequest (/home/coean/.vscode-oss/extensions/rust-lang.rust-0.7.8-universal/node_modules/vscode-languageclient/lib/client.js:1789:19)
	at /home/coean/.vscode-oss/extensions/rust-lang.rust-0.7.8-universal/out/src/providers/signatureHelpProvider.js:35:16
	at new Promise (<anonymous>)
	at SignatureHelpProvider.provideHover (/home/coean/.vscode-oss/extensions/rust-lang.rust-0.7.8-universal/out/src/providers/signatureHelpProvider.js:34:16)
	at SignatureHelpProvider.provideSignatureHelp (/home/coean/.vscode-oss/extensions/rust-lang.rust-0.7.8-universal/out/src/providers/signatureHelpProvider.js:15:25)
	at N.provideSignatureHelp (/usr/share/vscodium/resources/app/out/vs/workbench/api/node/extensionHostProcess.js:109:67644)
	at /usr/share/vscodium/resources/app/out/vs/workbench/api/node/extensionHostProcess.js:109:88842
	at de._withAdapter (/usr/share/vscodium/resources/app/out/vs/workbench/api/node/extensionHostProcess.js:109:77185)
	at de.$provideSignatureHelp (/usr/share/vscodium/resources/app/out/vs/workbench/api/node/extensionHostProcess.js:109:88818)
	at i._doInvokeHandler (/usr/share/vscodium/resources/app/out/vs/workbench/api/node/extensionHostProcess.js:116:13691)
	at i._invokeHandler (/usr/share/vscodium/resources/app/out/vs/workbench/api/node/extensionHostProcess.js:116:13373)
	at i._receiveRequest (/usr/share/vscodium/resources/app/out/vs/workbench/api/node/extensionHostProcess.js:116:12079)
	at i._receiveOneMessage (/usr/share/vscodium/resources/app/out/vs/workbench/api/node/extensionHostProcess.js:116:10830)
	at n.value (/usr/share/vscodium/resources/app/out/vs/workbench/api/node/extensionHostProcess.js:116:8937)
	at m._deliver (/usr/share/vscodium/resources/app/out/vs/workbench/api/node/extensionHostProcess.js:63:2465)
	at m.fire (/usr/share/vscodium/resources/app/out/vs/workbench/api/node/extensionHostProcess.js:63:2784)
	at b.fire (/usr/share/vscodium/resources/app/out/vs/workbench/api/node/extensionHostProcess.js:79:16604)
	at n.value (/usr/share/vscodium/resources/app/out/vs/workbench/api/node/extensionHostProcess.js:135:9474)
	at m._deliver (/usr/share/vscodium/resources/app/out/vs/workbench/api/node/extensionHostProcess.js:63:2465)
	at m.fire (/usr/share/vscodium/resources/app/out/vs/workbench/api/node/extensionHostProcess.js:63:2784)
	at b.fire (/usr/share/vscodium/resources/app/out/vs/workbench/api/node/extensionHostProcess.js:79:16604)
	at MessagePortMain.<anonymous> (/usr/share/vscodium/resources/app/out/vs/workbench/api/node/extensionHostProcess.js:135:7551)
	at MessagePortMain.emit (node:events:513:28)
	at MessagePortMain._internalPort.emit (node:electron/js2c/utility_init:2:367)
2023-09-16 17:31:43.965 [error] Language client is not ready yet: Error: Language client is not ready yet
	at LanguageClient.sendRequest (/home/coean/.vscode-oss/extensions/rust-lang.rust-0.7.8-universal/node_modules/vscode-languageclient/lib/client.js:1789:19)
	at /home/coean/.vscode-oss/extensions/rust-lang.rust-0.7.8-universal/out/src/providers/signatureHelpProvider.js:35:16
	at new Promise (<anonymous>)
	at SignatureHelpProvider.provideHover (/home/coean/.vscode-oss/extensions/rust-lang.rust-0.7.8-universal/out/src/providers/signatureHelpProvider.js:34:16)
	at SignatureHelpProvider.provideSignatureHelp (/home/coean/.vscode-oss/extensions/rust-lang.rust-0.7.8-universal/out/src/providers/signatureHelpProvider.js:15:25)
	at N.provideSignatureHelp (/usr/share/vscodium/resources/app/out/vs/workbench/api/node/extensionHostProcess.js:109:67644)
	at /usr/share/vscodium/resources/app/out/vs/workbench/api/node/extensionHostProcess.js:109:88842
	at de._withAdapter (/usr/share/vscodium/resources/app/out/vs/workbench/api/node/extensionHostProcess.js:109:77185)
	at de.$provideSignatureHelp (/usr/share/vscodium/resources/app/out/vs/workbench/api/node/extensionHostProcess.js:109:88818)
	at i._doInvokeHandler (/usr/share/vscodium/resources/app/out/vs/workbench/api/node/extensionHostProcess.js:116:13691)
	at i._invokeHandler (/usr/share/vscodium/resources/app/out/vs/workbench/api/node/extensionHostProcess.js:116:13373)
	at i._receiveRequest (/usr/share/vscodium/resources/app/out/vs/workbench/api/node/extensionHostProcess.js:116:12079)
	at i._receiveOneMessage (/usr/share/vscodium/resources/app/out/vs/workbench/api/node/extensionHostProcess.js:116:10830)
	at n.value (/usr/share/vscodium/resources/app/out/vs/workbench/api/node/extensionHostProcess.js:116:8937)
	at m._deliver (/usr/share/vscodium/resources/app/out/vs/workbench/api/node/extensionHostProcess.js:63:2465)
	at m.fire (/usr/share/vscodium/resources/app/out/vs/workbench/api/node/extensionHostProcess.js:63:2784)
	at b.fire (/usr/share/vscodium/resources/app/out/vs/workbench/api/node/extensionHostProcess.js:79:16604)
	at n.value (/usr/share/vscodium/resources/app/out/vs/workbench/api/node/extensionHostProcess.js:135:9474)
	at m._deliver (/usr/share/vscodium/resources/app/out/vs/workbench/api/node/extensionHostProcess.js:63:2465)
	at m.fire (/usr/share/vscodium/resources/app/out/vs/workbench/api/node/extensionHostProcess.js:63:2784)
	at b.fire (/usr/share/vscodium/resources/app/out/vs/workbench/api/node/extensionHostProcess.js:79:16604)
	at MessagePortMain.<anonymous> (/usr/share/vscodium/resources/app/out/vs/workbench/api/node/extensionHostProcess.js:135:7551)
	at MessagePortMain.emit (node:events:513:28)
	at MessagePortMain._internalPort.emit (node:electron/js2c/utility_init:2:367)
2023-09-16 17:32:13.211 [error] Language client is not ready yet: Error: Language client is not ready yet
	at LanguageClient.sendRequest (/home/coean/.vscode-oss/extensions/rust-lang.rust-0.7.8-universal/node_modules/vscode-languageclient/lib/client.js:1789:19)
	at /home/coean/.vscode-oss/extensions/rust-lang.rust-0.7.8-universal/out/src/providers/signatureHelpProvider.js:35:16
	at new Promise (<anonymous>)
	at SignatureHelpProvider.provideHover (/home/coean/.vscode-oss/extensions/rust-lang.rust-0.7.8-universal/out/src/providers/signatureHelpProvider.js:34:16)
	at SignatureHelpProvider.provideSignatureHelp (/home/coean/.vscode-oss/extensions/rust-lang.rust-0.7.8-universal/out/src/providers/signatureHelpProvider.js:15:25)
	at N.provideSignatureHelp (/usr/share/vscodium/resources/app/out/vs/workbench/api/node/extensionHostProcess.js:109:67644)
	at /usr/share/vscodium/resources/app/out/vs/workbench/api/node/extensionHostProcess.js:109:88842
	at de._withAdapter (/usr/share/vscodium/resources/app/out/vs/workbench/api/node/extensionHostProcess.js:109:77185)
	at de.$provideSignatureHelp (/usr/share/vscodium/resources/app/out/vs/workbench/api/node/extensionHostProcess.js:109:88818)
	at i._doInvokeHandler (/usr/share/vscodium/resources/app/out/vs/workbench/api/node/extensionHostProcess.js:116:13691)
	at i._invokeHandler (/usr/share/vscodium/resources/app/out/vs/workbench/api/node/extensionHostProcess.js:116:13373)
	at i._receiveRequest (/usr/share/vscodium/resources/app/out/vs/workbench/api/node/extensionHostProcess.js:116:12079)
	at i._receiveOneMessage (/usr/share/vscodium/resources/app/out/vs/workbench/api/node/extensionHostProcess.js:116:10830)
	at n.value (/usr/share/vscodium/resources/app/out/vs/workbench/api/node/extensionHostProcess.js:116:8937)
	at m._deliver (/usr/share/vscodium/resources/app/out/vs/workbench/api/node/extensionHostProcess.js:63:2465)
	at m.fire (/usr/share/vscodium/resources/app/out/vs/workbench/api/node/extensionHostProcess.js:63:2784)
	at b.fire (/usr/share/vscodium/resources/app/out/vs/workbench/api/node/extensionHostProcess.js:79:16604)
	at n.value (/usr/share/vscodium/resources/app/out/vs/workbench/api/node/extensionHostProcess.js:135:9474)
	at m._deliver (/usr/share/vscodium/resources/app/out/vs/workbench/api/node/extensionHostProcess.js:63:2465)
	at m.fire (/usr/share/vscodium/resources/app/out/vs/workbench/api/node/extensionHostProcess.js:63:2784)
	at b.fire (/usr/share/vscodium/resources/app/out/vs/workbench/api/node/extensionHostProcess.js:79:16604)
	at MessagePortMain.<anonymous> (/usr/share/vscodium/resources/app/out/vs/workbench/api/node/extensionHostProcess.js:135:7551)
	at MessagePortMain.emit (node:events:513:28)
	at MessagePortMain._internalPort.emit (node:electron/js2c/utility_init:2:367)
2023-09-16 18:24:30.279 [error] Language client is not ready yet: Error: Language client is not ready yet
	at LanguageClient.sendRequest (/home/coean/.vscode-oss/extensions/rust-lang.rust-0.7.8-universal/node_modules/vscode-languageclient/lib/client.js:1789:19)
	at /home/coean/.vscode-oss/extensions/rust-lang.rust-0.7.8-universal/out/src/providers/signatureHelpProvider.js:35:16
	at new Promise (<anonymous>)
	at SignatureHelpProvider.provideHover (/home/coean/.vscode-oss/extensions/rust-lang.rust-0.7.8-universal/out/src/providers/signatureHelpProvider.js:34:16)
	at SignatureHelpProvider.provideSignatureHelp (/home/coean/.vscode-oss/extensions/rust-lang.rust-0.7.8-universal/out/src/providers/signatureHelpProvider.js:15:25)
	at N.provideSignatureHelp (/usr/share/vscodium/resources/app/out/vs/workbench/api/node/extensionHostProcess.js:109:67644)
	at /usr/share/vscodium/resources/app/out/vs/workbench/api/node/extensionHostProcess.js:109:88842
	at de._withAdapter (/usr/share/vscodium/resources/app/out/vs/workbench/api/node/extensionHostProcess.js:109:77185)
	at de.$provideSignatureHelp (/usr/share/vscodium/resources/app/out/vs/workbench/api/node/extensionHostProcess.js:109:88818)
	at i._doInvokeHandler (/usr/share/vscodium/resources/app/out/vs/workbench/api/node/extensionHostProcess.js:116:13691)
	at i._invokeHandler (/usr/share/vscodium/resources/app/out/vs/workbench/api/node/extensionHostProcess.js:116:13373)
	at i._receiveRequest (/usr/share/vscodium/resources/app/out/vs/workbench/api/node/extensionHostProcess.js:116:12079)
	at i._receiveOneMessage (/usr/share/vscodium/resources/app/out/vs/workbench/api/node/extensionHostProcess.js:116:10830)
	at n.value (/usr/share/vscodium/resources/app/out/vs/workbench/api/node/extensionHostProcess.js:116:8937)
	at m._deliver (/usr/share/vscodium/resources/app/out/vs/workbench/api/node/extensionHostProcess.js:63:2465)
	at m.fire (/usr/share/vscodium/resources/app/out/vs/workbench/api/node/extensionHostProcess.js:63:2784)
	at b.fire (/usr/share/vscodium/resources/app/out/vs/workbench/api/node/extensionHostProcess.js:79:16604)
	at n.value (/usr/share/vscodium/resources/app/out/vs/workbench/api/node/extensionHostProcess.js:135:9474)
	at m._deliver (/usr/share/vscodium/resources/app/out/vs/workbench/api/node/extensionHostProcess.js:63:2465)
	at m.fire (/usr/share/vscodium/resources/app/out/vs/workbench/api/node/extensionHostProcess.js:63:2784)
	at b.fire (/usr/share/vscodium/resources/app/out/vs/workbench/api/node/extensionHostProcess.js:79:16604)
	at MessagePortMain.<anonymous> (/usr/share/vscodium/resources/app/out/vs/workbench/api/node/extensionHostProcess.js:135:7551)
	at MessagePortMain.emit (node:events:513:28)
	at MessagePortMain._internalPort.emit (node:electron/js2c/utility_init:2:367)
2023-09-16 18:24:32.521 [error] Language client is not ready yet: Error: Language client is not ready yet
	at LanguageClient.sendRequest (/home/coean/.vscode-oss/extensions/rust-lang.rust-0.7.8-universal/node_modules/vscode-languageclient/lib/client.js:1789:19)
	at /home/coean/.vscode-oss/extensions/rust-lang.rust-0.7.8-universal/out/src/providers/signatureHelpProvider.js:35:16
	at new Promise (<anonymous>)
	at SignatureHelpProvider.provideHover (/home/coean/.vscode-oss/extensions/rust-lang.rust-0.7.8-universal/out/src/providers/signatureHelpProvider.js:34:16)
	at SignatureHelpProvider.provideSignatureHelp (/home/coean/.vscode-oss/extensions/rust-lang.rust-0.7.8-universal/out/src/providers/signatureHelpProvider.js:15:25)
	at N.provideSignatureHelp (/usr/share/vscodium/resources/app/out/vs/workbench/api/node/extensionHostProcess.js:109:67644)
	at /usr/share/vscodium/resources/app/out/vs/workbench/api/node/extensionHostProcess.js:109:88842
	at de._withAdapter (/usr/share/vscodium/resources/app/out/vs/workbench/api/node/extensionHostProcess.js:109:77185)
	at de.$provideSignatureHelp (/usr/share/vscodium/resources/app/out/vs/workbench/api/node/extensionHostProcess.js:109:88818)
	at i._doInvokeHandler (/usr/share/vscodium/resources/app/out/vs/workbench/api/node/extensionHostProcess.js:116:13691)
	at i._invokeHandler (/usr/share/vscodium/resources/app/out/vs/workbench/api/node/extensionHostProcess.js:116:13373)
	at i._receiveRequest (/usr/share/vscodium/resources/app/out/vs/workbench/api/node/extensionHostProcess.js:116:12079)
	at i._receiveOneMessage (/usr/share/vscodium/resources/app/out/vs/workbench/api/node/extensionHostProcess.js:116:10830)
	at n.value (/usr/share/vscodium/resources/app/out/vs/workbench/api/node/extensionHostProcess.js:116:8937)
	at m._deliver (/usr/share/vscodium/resources/app/out/vs/workbench/api/node/extensionHostProcess.js:63:2465)
	at m.fire (/usr/share/vscodium/resources/app/out/vs/workbench/api/node/extensionHostProcess.js:63:2784)
	at b.fire (/usr/share/vscodium/resources/app/out/vs/workbench/api/node/extensionHostProcess.js:79:16604)
	at n.value (/usr/share/vscodium/resources/app/out/vs/workbench/api/node/extensionHostProcess.js:135:9474)
	at m._deliver (/usr/share/vscodium/resources/app/out/vs/workbench/api/node/extensionHostProcess.js:63:2465)
	at m.fire (/usr/share/vscodium/resources/app/out/vs/workbench/api/node/extensionHostProcess.js:63:2784)
	at b.fire (/usr/share/vscodium/resources/app/out/vs/workbench/api/node/extensionHostProcess.js:79:16604)
	at MessagePortMain.<anonymous> (/usr/share/vscodium/resources/app/out/vs/workbench/api/node/extensionHostProcess.js:135:7551)
	at MessagePortMain.emit (node:events:513:28)
	at MessagePortMain._internalPort.emit (node:electron/js2c/utility_init:2:367)
2023-09-16 18:24:38.844 [error] Language client is not ready yet: Error: Language client is not ready yet
	at LanguageClient.sendRequest (/home/coean/.vscode-oss/extensions/rust-lang.rust-0.7.8-universal/node_modules/vscode-languageclient/lib/client.js:1789:19)
	at /home/coean/.vscode-oss/extensions/rust-lang.rust-0.7.8-universal/out/src/providers/signatureHelpProvider.js:35:16
	at new Promise (<anonymous>)
	at SignatureHelpProvider.provideHover (/home/coean/.vscode-oss/extensions/rust-lang.rust-0.7.8-universal/out/src/providers/signatureHelpProvider.js:34:16)
	at SignatureHelpProvider.provideSignatureHelp (/home/coean/.vscode-oss/extensions/rust-lang.rust-0.7.8-universal/out/src/providers/signatureHelpProvider.js:15:25)
	at N.provideSignatureHelp (/usr/share/vscodium/resources/app/out/vs/workbench/api/node/extensionHostProcess.js:109:67644)
	at /usr/share/vscodium/resources/app/out/vs/workbench/api/node/extensionHostProcess.js:109:88842
	at de._withAdapter (/usr/share/vscodium/resources/app/out/vs/workbench/api/node/extensionHostProcess.js:109:77185)
	at de.$provideSignatureHelp (/usr/share/vscodium/resources/app/out/vs/workbench/api/node/extensionHostProcess.js:109:88818)
	at i._doInvokeHandler (/usr/share/vscodium/resources/app/out/vs/workbench/api/node/extensionHostProcess.js:116:13691)
	at i._invokeHandler (/usr/share/vscodium/resources/app/out/vs/workbench/api/node/extensionHostProcess.js:116:13373)
	at i._receiveRequest (/usr/share/vscodium/resources/app/out/vs/workbench/api/node/extensionHostProcess.js:116:12079)
	at i._receiveOneMessage (/usr/share/vscodium/resources/app/out/vs/workbench/api/node/extensionHostProcess.js:116:10830)
	at n.value (/usr/share/vscodium/resources/app/out/vs/workbench/api/node/extensionHostProcess.js:116:8937)
	at m._deliver (/usr/share/vscodium/resources/app/out/vs/workbench/api/node/extensionHostProcess.js:63:2465)
	at m.fire (/usr/share/vscodium/resources/app/out/vs/workbench/api/node/extensionHostProcess.js:63:2784)
	at b.fire (/usr/share/vscodium/resources/app/out/vs/workbench/api/node/extensionHostProcess.js:79:16604)
	at n.value (/usr/share/vscodium/resources/app/out/vs/workbench/api/node/extensionHostProcess.js:135:9474)
	at m._deliver (/usr/share/vscodium/resources/app/out/vs/workbench/api/node/extensionHostProcess.js:63:2465)
	at m.fire (/usr/share/vscodium/resources/app/out/vs/workbench/api/node/extensionHostProcess.js:63:2784)
	at b.fire (/usr/share/vscodium/resources/app/out/vs/workbench/api/node/extensionHostProcess.js:79:16604)
	at MessagePortMain.<anonymous> (/usr/share/vscodium/resources/app/out/vs/workbench/api/node/extensionHostProcess.js:135:7551)
	at MessagePortMain.emit (node:events:513:28)
	at MessagePortMain._internalPort.emit (node:electron/js2c/utility_init:2:367)
2023-09-16 18:24:44.509 [error] Language client is not ready yet: Error: Language client is not ready yet
	at LanguageClient.sendRequest (/home/coean/.vscode-oss/extensions/rust-lang.rust-0.7.8-universal/node_modules/vscode-languageclient/lib/client.js:1789:19)
	at /home/coean/.vscode-oss/extensions/rust-lang.rust-0.7.8-universal/out/src/providers/signatureHelpProvider.js:35:16
	at new Promise (<anonymous>)
	at SignatureHelpProvider.provideHover (/home/coean/.vscode-oss/extensions/rust-lang.rust-0.7.8-universal/out/src/providers/signatureHelpProvider.js:34:16)
	at SignatureHelpProvider.provideSignatureHelp (/home/coean/.vscode-oss/extensions/rust-lang.rust-0.7.8-universal/out/src/providers/signatureHelpProvider.js:15:25)
	at N.provideSignatureHelp (/usr/share/vscodium/resources/app/out/vs/workbench/api/node/extensionHostProcess.js:109:67644)
	at /usr/share/vscodium/resources/app/out/vs/workbench/api/node/extensionHostProcess.js:109:88842
	at de._withAdapter (/usr/share/vscodium/resources/app/out/vs/workbench/api/node/extensionHostProcess.js:109:77185)
	at de.$provideSignatureHelp (/usr/share/vscodium/resources/app/out/vs/workbench/api/node/extensionHostProcess.js:109:88818)
	at i._doInvokeHandler (/usr/share/vscodium/resources/app/out/vs/workbench/api/node/extensionHostProcess.js:116:13691)
	at i._invokeHandler (/usr/share/vscodium/resources/app/out/vs/workbench/api/node/extensionHostProcess.js:116:13373)
	at i._receiveRequest (/usr/share/vscodium/resources/app/out/vs/workbench/api/node/extensionHostProcess.js:116:12079)
	at i._receiveOneMessage (/usr/share/vscodium/resources/app/out/vs/workbench/api/node/extensionHostProcess.js:116:10830)
	at n.value (/usr/share/vscodium/resources/app/out/vs/workbench/api/node/extensionHostProcess.js:116:8937)
	at m._deliver (/usr/share/vscodium/resources/app/out/vs/workbench/api/node/extensionHostProcess.js:63:2465)
	at m.fire (/usr/share/vscodium/resources/app/out/vs/workbench/api/node/extensionHostProcess.js:63:2784)
	at b.fire (/usr/share/vscodium/resources/app/out/vs/workbench/api/node/extensionHostProcess.js:79:16604)
	at n.value (/usr/share/vscodium/resources/app/out/vs/workbench/api/node/extensionHostProcess.js:135:9474)
	at m._deliver (/usr/share/vscodium/resources/app/out/vs/workbench/api/node/extensionHostProcess.js:63:2465)
	at m.fire (/usr/share/vscodium/resources/app/out/vs/workbench/api/node/extensionHostProcess.js:63:2784)
	at b.fire (/usr/share/vscodium/resources/app/out/vs/workbench/api/node/extensionHostProcess.js:79:16604)
	at MessagePortMain.<anonymous> (/usr/share/vscodium/resources/app/out/vs/workbench/api/node/extensionHostProcess.js:135:7551)
	at MessagePortMain.emit (node:events:513:28)
	at MessagePortMain._internalPort.emit (node:electron/js2c/utility_init:2:367)
2023-09-16 18:24:46.934 [error] Language client is not ready yet: Error: Language client is not ready yet
	at LanguageClient.sendRequest (/home/coean/.vscode-oss/extensions/rust-lang.rust-0.7.8-universal/node_modules/vscode-languageclient/lib/client.js:1789:19)
	at /home/coean/.vscode-oss/extensions/rust-lang.rust-0.7.8-universal/out/src/providers/signatureHelpProvider.js:35:16
	at new Promise (<anonymous>)
	at SignatureHelpProvider.provideHover (/home/coean/.vscode-oss/extensions/rust-lang.rust-0.7.8-universal/out/src/providers/signatureHelpProvider.js:34:16)
	at SignatureHelpProvider.provideSignatureHelp (/home/coean/.vscode-oss/extensions/rust-lang.rust-0.7.8-universal/out/src/providers/signatureHelpProvider.js:15:25)
	at N.provideSignatureHelp (/usr/share/vscodium/resources/app/out/vs/workbench/api/node/extensionHostProcess.js:109:67644)
	at /usr/share/vscodium/resources/app/out/vs/workbench/api/node/extensionHostProcess.js:109:88842
	at de._withAdapter (/usr/share/vscodium/resources/app/out/vs/workbench/api/node/extensionHostProcess.js:109:77185)
	at de.$provideSignatureHelp (/usr/share/vscodium/resources/app/out/vs/workbench/api/node/extensionHostProcess.js:109:88818)
	at i._doInvokeHandler (/usr/share/vscodium/resources/app/out/vs/workbench/api/node/extensionHostProcess.js:116:13691)
	at i._invokeHandler (/usr/share/vscodium/resources/app/out/vs/workbench/api/node/extensionHostProcess.js:116:13373)
	at i._receiveRequest (/usr/share/vscodium/resources/app/out/vs/workbench/api/node/extensionHostProcess.js:116:12079)
	at i._receiveOneMessage (/usr/share/vscodium/resources/app/out/vs/workbench/api/node/extensionHostProcess.js:116:10830)
	at n.value (/usr/share/vscodium/resources/app/out/vs/workbench/api/node/extensionHostProcess.js:116:8937)
	at m._deliver (/usr/share/vscodium/resources/app/out/vs/workbench/api/node/extensionHostProcess.js:63:2465)
	at m.fire (/usr/share/vscodium/resources/app/out/vs/workbench/api/node/extensionHostProcess.js:63:2784)
	at b.fire (/usr/share/vscodium/resources/app/out/vs/workbench/api/node/extensionHostProcess.js:79:16604)
	at n.value (/usr/share/vscodium/resources/app/out/vs/workbench/api/node/extensionHostProcess.js:135:9474)
	at m._deliver (/usr/share/vscodium/resources/app/out/vs/workbench/api/node/extensionHostProcess.js:63:2465)
	at m.fire (/usr/share/vscodium/resources/app/out/vs/workbench/api/node/extensionHostProcess.js:63:2784)
	at b.fire (/usr/share/vscodium/resources/app/out/vs/workbench/api/node/extensionHostProcess.js:79:16604)
	at MessagePortMain.<anonymous> (/usr/share/vscodium/resources/app/out/vs/workbench/api/node/extensionHostProcess.js:135:7551)
	at MessagePortMain.emit (node:events:513:28)
	at MessagePortMain._internalPort.emit (node:electron/js2c/utility_init:2:367)
2023-09-16 18:26:11.880 [error] Language client is not ready yet: Error: Language client is not ready yet
	at LanguageClient.sendRequest (/home/coean/.vscode-oss/extensions/rust-lang.rust-0.7.8-universal/node_modules/vscode-languageclient/lib/client.js:1789:19)
	at /home/coean/.vscode-oss/extensions/rust-lang.rust-0.7.8-universal/out/src/providers/signatureHelpProvider.js:35:16
	at new Promise (<anonymous>)
	at SignatureHelpProvider.provideHover (/home/coean/.vscode-oss/extensions/rust-lang.rust-0.7.8-universal/out/src/providers/signatureHelpProvider.js:34:16)
	at SignatureHelpProvider.provideSignatureHelp (/home/coean/.vscode-oss/extensions/rust-lang.rust-0.7.8-universal/out/src/providers/signatureHelpProvider.js:15:25)
	at N.provideSignatureHelp (/usr/share/vscodium/resources/app/out/vs/workbench/api/node/extensionHostProcess.js:109:67644)
	at /usr/share/vscodium/resources/app/out/vs/workbench/api/node/extensionHostProcess.js:109:88842
	at de._withAdapter (/usr/share/vscodium/resources/app/out/vs/workbench/api/node/extensionHostProcess.js:109:77185)
	at de.$provideSignatureHelp (/usr/share/vscodium/resources/app/out/vs/workbench/api/node/extensionHostProcess.js:109:88818)
	at i._doInvokeHandler (/usr/share/vscodium/resources/app/out/vs/workbench/api/node/extensionHostProcess.js:116:13691)
	at i._invokeHandler (/usr/share/vscodium/resources/app/out/vs/workbench/api/node/extensionHostProcess.js:116:13373)
	at i._receiveRequest (/usr/share/vscodium/resources/app/out/vs/workbench/api/node/extensionHostProcess.js:116:12079)
	at i._receiveOneMessage (/usr/share/vscodium/resources/app/out/vs/workbench/api/node/extensionHostProcess.js:116:10830)
	at n.value (/usr/share/vscodium/resources/app/out/vs/workbench/api/node/extensionHostProcess.js:116:8937)
	at m._deliver (/usr/share/vscodium/resources/app/out/vs/workbench/api/node/extensionHostProcess.js:63:2465)
	at m.fire (/usr/share/vscodium/resources/app/out/vs/workbench/api/node/extensionHostProcess.js:63:2784)
	at b.fire (/usr/share/vscodium/resources/app/out/vs/workbench/api/node/extensionHostProcess.js:79:16604)
	at n.value (/usr/share/vscodium/resources/app/out/vs/workbench/api/node/extensionHostProcess.js:135:9474)
	at m._deliver (/usr/share/vscodium/resources/app/out/vs/workbench/api/node/extensionHostProcess.js:63:2465)
	at m.fire (/usr/share/vscodium/resources/app/out/vs/workbench/api/node/extensionHostProcess.js:63:2784)
	at b.fire (/usr/share/vscodium/resources/app/out/vs/workbench/api/node/extensionHostProcess.js:79:16604)
	at MessagePortMain.<anonymous> (/usr/share/vscodium/resources/app/out/vs/workbench/api/node/extensionHostProcess.js:135:7551)
	at MessagePortMain.emit (node:events:513:28)
	at MessagePortMain._internalPort.emit (node:electron/js2c/utility_init:2:367)
2023-09-16 18:27:34.908 [error] Language client is not ready yet: Error: Language client is not ready yet
	at LanguageClient.sendRequest (/home/coean/.vscode-oss/extensions/rust-lang.rust-0.7.8-universal/node_modules/vscode-languageclient/lib/client.js:1789:19)
	at /home/coean/.vscode-oss/extensions/rust-lang.rust-0.7.8-universal/out/src/providers/signatureHelpProvider.js:35:16
	at new Promise (<anonymous>)
	at SignatureHelpProvider.provideHover (/home/coean/.vscode-oss/extensions/rust-lang.rust-0.7.8-universal/out/src/providers/signatureHelpProvider.js:34:16)
	at SignatureHelpProvider.provideSignatureHelp (/home/coean/.vscode-oss/extensions/rust-lang.rust-0.7.8-universal/out/src/providers/signatureHelpProvider.js:15:25)
	at N.provideSignatureHelp (/usr/share/vscodium/resources/app/out/vs/workbench/api/node/extensionHostProcess.js:109:67644)
	at /usr/share/vscodium/resources/app/out/vs/workbench/api/node/extensionHostProcess.js:109:88842
	at de._withAdapter (/usr/share/vscodium/resources/app/out/vs/workbench/api/node/extensionHostProcess.js:109:77185)
	at de.$provideSignatureHelp (/usr/share/vscodium/resources/app/out/vs/workbench/api/node/extensionHostProcess.js:109:88818)
	at i._doInvokeHandler (/usr/share/vscodium/resources/app/out/vs/workbench/api/node/extensionHostProcess.js:116:13691)
	at i._invokeHandler (/usr/share/vscodium/resources/app/out/vs/workbench/api/node/extensionHostProcess.js:116:13373)
	at i._receiveRequest (/usr/share/vscodium/resources/app/out/vs/workbench/api/node/extensionHostProcess.js:116:12079)
	at i._receiveOneMessage (/usr/share/vscodium/resources/app/out/vs/workbench/api/node/extensionHostProcess.js:116:10830)
	at n.value (/usr/share/vscodium/resources/app/out/vs/workbench/api/node/extensionHostProcess.js:116:8937)
	at m._deliver (/usr/share/vscodium/resources/app/out/vs/workbench/api/node/extensionHostProcess.js:63:2465)
	at m.fire (/usr/share/vscodium/resources/app/out/vs/workbench/api/node/extensionHostProcess.js:63:2784)
	at b.fire (/usr/share/vscodium/resources/app/out/vs/workbench/api/node/extensionHostProcess.js:79:16604)
	at n.value (/usr/share/vscodium/resources/app/out/vs/workbench/api/node/extensionHostProcess.js:135:9474)
	at m._deliver (/usr/share/vscodium/resources/app/out/vs/workbench/api/node/extensionHostProcess.js:63:2465)
	at m.fire (/usr/share/vscodium/resources/app/out/vs/workbench/api/node/extensionHostProcess.js:63:2784)
	at b.fire (/usr/share/vscodium/resources/app/out/vs/workbench/api/node/extensionHostProcess.js:79:16604)
	at MessagePortMain.<anonymous> (/usr/share/vscodium/resources/app/out/vs/workbench/api/node/extensionHostProcess.js:135:7551)
	at MessagePortMain.emit (node:events:513:28)
	at MessagePortMain._internalPort.emit (node:electron/js2c/utility_init:2:367)
2023-09-16 18:31:49.469 [error] Language client is not ready yet: Error: Language client is not ready yet
	at LanguageClient.sendRequest (/home/coean/.vscode-oss/extensions/rust-lang.rust-0.7.8-universal/node_modules/vscode-languageclient/lib/client.js:1789:19)
	at /home/coean/.vscode-oss/extensions/rust-lang.rust-0.7.8-universal/out/src/providers/signatureHelpProvider.js:35:16
	at new Promise (<anonymous>)
	at SignatureHelpProvider.provideHover (/home/coean/.vscode-oss/extensions/rust-lang.rust-0.7.8-universal/out/src/providers/signatureHelpProvider.js:34:16)
	at SignatureHelpProvider.provideSignatureHelp (/home/coean/.vscode-oss/extensions/rust-lang.rust-0.7.8-universal/out/src/providers/signatureHelpProvider.js:15:25)
	at N.provideSignatureHelp (/usr/share/vscodium/resources/app/out/vs/workbench/api/node/extensionHostProcess.js:109:67644)
	at /usr/share/vscodium/resources/app/out/vs/workbench/api/node/extensionHostProcess.js:109:88842
	at de._withAdapter (/usr/share/vscodium/resources/app/out/vs/workbench/api/node/extensionHostProcess.js:109:77185)
	at de.$provideSignatureHelp (/usr/share/vscodium/resources/app/out/vs/workbench/api/node/extensionHostProcess.js:109:88818)
	at i._doInvokeHandler (/usr/share/vscodium/resources/app/out/vs/workbench/api/node/extensionHostProcess.js:116:13691)
	at i._invokeHandler (/usr/share/vscodium/resources/app/out/vs/workbench/api/node/extensionHostProcess.js:116:13373)
	at i._receiveRequest (/usr/share/vscodium/resources/app/out/vs/workbench/api/node/extensionHostProcess.js:116:12079)
	at i._receiveOneMessage (/usr/share/vscodium/resources/app/out/vs/workbench/api/node/extensionHostProcess.js:116:10830)
	at n.value (/usr/share/vscodium/resources/app/out/vs/workbench/api/node/extensionHostProcess.js:116:8937)
	at m._deliver (/usr/share/vscodium/resources/app/out/vs/workbench/api/node/extensionHostProcess.js:63:2465)
	at m.fire (/usr/share/vscodium/resources/app/out/vs/workbench/api/node/extensionHostProcess.js:63:2784)
	at b.fire (/usr/share/vscodium/resources/app/out/vs/workbench/api/node/extensionHostProcess.js:79:16604)
	at n.value (/usr/share/vscodium/resources/app/out/vs/workbench/api/node/extensionHostProcess.js:135:9474)
	at m._deliver (/usr/share/vscodium/resources/app/out/vs/workbench/api/node/extensionHostProcess.js:63:2465)
	at m.fire (/usr/share/vscodium/resources/app/out/vs/workbench/api/node/extensionHostProcess.js:63:2784)
	at b.fire (/usr/share/vscodium/resources/app/out/vs/workbench/api/node/extensionHostProcess.js:79:16604)
	at MessagePortMain.<anonymous> (/usr/share/vscodium/resources/app/out/vs/workbench/api/node/extensionHostProcess.js:135:7551)
	at MessagePortMain.emit (node:events:513:28)
	at MessagePortMain._internalPort.emit (node:electron/js2c/utility_init:2:367)
2023-09-16 18:38:28.405 [error] Language client is not ready yet: Error: Language client is not ready yet
	at LanguageClient.sendRequest (/home/coean/.vscode-oss/extensions/rust-lang.rust-0.7.8-universal/node_modules/vscode-languageclient/lib/client.js:1789:19)
	at /home/coean/.vscode-oss/extensions/rust-lang.rust-0.7.8-universal/out/src/providers/signatureHelpProvider.js:35:16
	at new Promise (<anonymous>)
	at SignatureHelpProvider.provideHover (/home/coean/.vscode-oss/extensions/rust-lang.rust-0.7.8-universal/out/src/providers/signatureHelpProvider.js:34:16)
	at SignatureHelpProvider.provideSignatureHelp (/home/coean/.vscode-oss/extensions/rust-lang.rust-0.7.8-universal/out/src/providers/signatureHelpProvider.js:15:25)
	at N.provideSignatureHelp (/usr/share/vscodium/resources/app/out/vs/workbench/api/node/extensionHostProcess.js:109:67644)
	at /usr/share/vscodium/resources/app/out/vs/workbench/api/node/extensionHostProcess.js:109:88842
	at de._withAdapter (/usr/share/vscodium/resources/app/out/vs/workbench/api/node/extensionHostProcess.js:109:77185)
	at de.$provideSignatureHelp (/usr/share/vscodium/resources/app/out/vs/workbench/api/node/extensionHostProcess.js:109:88818)
	at i._doInvokeHandler (/usr/share/vscodium/resources/app/out/vs/workbench/api/node/extensionHostProcess.js:116:13691)
	at i._invokeHandler (/usr/share/vscodium/resources/app/out/vs/workbench/api/node/extensionHostProcess.js:116:13373)
	at i._receiveRequest (/usr/share/vscodium/resources/app/out/vs/workbench/api/node/extensionHostProcess.js:116:12079)
	at i._receiveOneMessage (/usr/share/vscodium/resources/app/out/vs/workbench/api/node/extensionHostProcess.js:116:10830)
	at n.value (/usr/share/vscodium/resources/app/out/vs/workbench/api/node/extensionHostProcess.js:116:8937)
	at m._deliver (/usr/share/vscodium/resources/app/out/vs/workbench/api/node/extensionHostProcess.js:63:2465)
	at m.fire (/usr/share/vscodium/resources/app/out/vs/workbench/api/node/extensionHostProcess.js:63:2784)
	at b.fire (/usr/share/vscodium/resources/app/out/vs/workbench/api/node/extensionHostProcess.js:79:16604)
	at n.value (/usr/share/vscodium/resources/app/out/vs/workbench/api/node/extensionHostProcess.js:135:9474)
	at m._deliver (/usr/share/vscodium/resources/app/out/vs/workbench/api/node/extensionHostProcess.js:63:2465)
	at m.fire (/usr/share/vscodium/resources/app/out/vs/workbench/api/node/extensionHostProcess.js:63:2784)
	at b.fire (/usr/share/vscodium/resources/app/out/vs/workbench/api/node/extensionHostProcess.js:79:16604)
	at MessagePortMain.<anonymous> (/usr/share/vscodium/resources/app/out/vs/workbench/api/node/extensionHostProcess.js:135:7551)
	at MessagePortMain.emit (node:events:513:28)
	at MessagePortMain._internalPort.emit (node:electron/js2c/utility_init:2:367)
2023-09-16 18:41:55.809 [error] Language client is not ready yet: Error: Language client is not ready yet
	at LanguageClient.sendRequest (/home/coean/.vscode-oss/extensions/rust-lang.rust-0.7.8-universal/node_modules/vscode-languageclient/lib/client.js:1789:19)
	at /home/coean/.vscode-oss/extensions/rust-lang.rust-0.7.8-universal/out/src/providers/signatureHelpProvider.js:35:16
	at new Promise (<anonymous>)
	at SignatureHelpProvider.provideHover (/home/coean/.vscode-oss/extensions/rust-lang.rust-0.7.8-universal/out/src/providers/signatureHelpProvider.js:34:16)
	at SignatureHelpProvider.provideSignatureHelp (/home/coean/.vscode-oss/extensions/rust-lang.rust-0.7.8-universal/out/src/providers/signatureHelpProvider.js:15:25)
	at N.provideSignatureHelp (/usr/share/vscodium/resources/app/out/vs/workbench/api/node/extensionHostProcess.js:109:67644)
	at /usr/share/vscodium/resources/app/out/vs/workbench/api/node/extensionHostProcess.js:109:88842
	at de._withAdapter (/usr/share/vscodium/resources/app/out/vs/workbench/api/node/extensionHostProcess.js:109:77185)
	at de.$provideSignatureHelp (/usr/share/vscodium/resources/app/out/vs/workbench/api/node/extensionHostProcess.js:109:88818)
	at i._doInvokeHandler (/usr/share/vscodium/resources/app/out/vs/workbench/api/node/extensionHostProcess.js:116:13691)
	at i._invokeHandler (/usr/share/vscodium/resources/app/out/vs/workbench/api/node/extensionHostProcess.js:116:13373)
	at i._receiveRequest (/usr/share/vscodium/resources/app/out/vs/workbench/api/node/extensionHostProcess.js:116:12079)
	at i._receiveOneMessage (/usr/share/vscodium/resources/app/out/vs/workbench/api/node/extensionHostProcess.js:116:10830)
	at n.value (/usr/share/vscodium/resources/app/out/vs/workbench/api/node/extensionHostProcess.js:116:8937)
	at m._deliver (/usr/share/vscodium/resources/app/out/vs/workbench/api/node/extensionHostProcess.js:63:2465)
	at m.fire (/usr/share/vscodium/resources/app/out/vs/workbench/api/node/extensionHostProcess.js:63:2784)
	at b.fire (/usr/share/vscodium/resources/app/out/vs/workbench/api/node/extensionHostProcess.js:79:16604)
	at n.value (/usr/share/vscodium/resources/app/out/vs/workbench/api/node/extensionHostProcess.js:135:9474)
	at m._deliver (/usr/share/vscodium/resources/app/out/vs/workbench/api/node/extensionHostProcess.js:63:2465)
	at m.fire (/usr/share/vscodium/resources/app/out/vs/workbench/api/node/extensionHostProcess.js:63:2784)
	at b.fire (/usr/share/vscodium/resources/app/out/vs/workbench/api/node/extensionHostProcess.js:79:16604)
	at MessagePortMain.<anonymous> (/usr/share/vscodium/resources/app/out/vs/workbench/api/node/extensionHostProcess.js:135:7551)
	at MessagePortMain.emit (node:events:513:28)
	at MessagePortMain._internalPort.emit (node:electron/js2c/utility_init:2:367)
2023-09-16 18:42:01.745 [error] Language client is not ready yet: Error: Language client is not ready yet
	at LanguageClient.sendRequest (/home/coean/.vscode-oss/extensions/rust-lang.rust-0.7.8-universal/node_modules/vscode-languageclient/lib/client.js:1789:19)
	at /home/coean/.vscode-oss/extensions/rust-lang.rust-0.7.8-universal/out/src/providers/signatureHelpProvider.js:35:16
	at new Promise (<anonymous>)
	at SignatureHelpProvider.provideHover (/home/coean/.vscode-oss/extensions/rust-lang.rust-0.7.8-universal/out/src/providers/signatureHelpProvider.js:34:16)
	at SignatureHelpProvider.provideSignatureHelp (/home/coean/.vscode-oss/extensions/rust-lang.rust-0.7.8-universal/out/src/providers/signatureHelpProvider.js:15:25)
	at N.provideSignatureHelp (/usr/share/vscodium/resources/app/out/vs/workbench/api/node/extensionHostProcess.js:109:67644)
	at /usr/share/vscodium/resources/app/out/vs/workbench/api/node/extensionHostProcess.js:109:88842
	at de._withAdapter (/usr/share/vscodium/resources/app/out/vs/workbench/api/node/extensionHostProcess.js:109:77185)
	at de.$provideSignatureHelp (/usr/share/vscodium/resources/app/out/vs/workbench/api/node/extensionHostProcess.js:109:88818)
	at i._doInvokeHandler (/usr/share/vscodium/resources/app/out/vs/workbench/api/node/extensionHostProcess.js:116:13691)
	at i._invokeHandler (/usr/share/vscodium/resources/app/out/vs/workbench/api/node/extensionHostProcess.js:116:13373)
	at i._receiveRequest (/usr/share/vscodium/resources/app/out/vs/workbench/api/node/extensionHostProcess.js:116:12079)
	at i._receiveOneMessage (/usr/share/vscodium/resources/app/out/vs/workbench/api/node/extensionHostProcess.js:116:10830)
	at n.value (/usr/share/vscodium/resources/app/out/vs/workbench/api/node/extensionHostProcess.js:116:8937)
	at m._deliver (/usr/share/vscodium/resources/app/out/vs/workbench/api/node/extensionHostProcess.js:63:2465)
	at m.fire (/usr/share/vscodium/resources/app/out/vs/workbench/api/node/extensionHostProcess.js:63:2784)
	at b.fire (/usr/share/vscodium/resources/app/out/vs/workbench/api/node/extensionHostProcess.js:79:16604)
	at n.value (/usr/share/vscodium/resources/app/out/vs/workbench/api/node/extensionHostProcess.js:135:9474)
	at m._deliver (/usr/share/vscodium/resources/app/out/vs/workbench/api/node/extensionHostProcess.js:63:2465)
	at m.fire (/usr/share/vscodium/resources/app/out/vs/workbench/api/node/extensionHostProcess.js:63:2784)
	at b.fire (/usr/share/vscodium/resources/app/out/vs/workbench/api/node/extensionHostProcess.js:79:16604)
	at MessagePortMain.<anonymous> (/usr/share/vscodium/resources/app/out/vs/workbench/api/node/extensionHostProcess.js:135:7551)
	at MessagePortMain.emit (node:events:513:28)
	at MessagePortMain._internalPort.emit (node:electron/js2c/utility_init:2:367)
2023-09-16 18:42:14.440 [error] Language client is not ready yet: Error: Language client is not ready yet
	at LanguageClient.sendRequest (/home/coean/.vscode-oss/extensions/rust-lang.rust-0.7.8-universal/node_modules/vscode-languageclient/lib/client.js:1789:19)
	at /home/coean/.vscode-oss/extensions/rust-lang.rust-0.7.8-universal/out/src/providers/signatureHelpProvider.js:35:16
	at new Promise (<anonymous>)
	at SignatureHelpProvider.provideHover (/home/coean/.vscode-oss/extensions/rust-lang.rust-0.7.8-universal/out/src/providers/signatureHelpProvider.js:34:16)
	at SignatureHelpProvider.provideSignatureHelp (/home/coean/.vscode-oss/extensions/rust-lang.rust-0.7.8-universal/out/src/providers/signatureHelpProvider.js:15:25)
	at N.provideSignatureHelp (/usr/share/vscodium/resources/app/out/vs/workbench/api/node/extensionHostProcess.js:109:67644)
	at /usr/share/vscodium/resources/app/out/vs/workbench/api/node/extensionHostProcess.js:109:88842
	at de._withAdapter (/usr/share/vscodium/resources/app/out/vs/workbench/api/node/extensionHostProcess.js:109:77185)
	at de.$provideSignatureHelp (/usr/share/vscodium/resources/app/out/vs/workbench/api/node/extensionHostProcess.js:109:88818)
	at i._doInvokeHandler (/usr/share/vscodium/resources/app/out/vs/workbench/api/node/extensionHostProcess.js:116:13691)
	at i._invokeHandler (/usr/share/vscodium/resources/app/out/vs/workbench/api/node/extensionHostProcess.js:116:13373)
	at i._receiveRequest (/usr/share/vscodium/resources/app/out/vs/workbench/api/node/extensionHostProcess.js:116:12079)
	at i._receiveOneMessage (/usr/share/vscodium/resources/app/out/vs/workbench/api/node/extensionHostProcess.js:116:10830)
	at n.value (/usr/share/vscodium/resources/app/out/vs/workbench/api/node/extensionHostProcess.js:116:8937)
	at m._deliver (/usr/share/vscodium/resources/app/out/vs/workbench/api/node/extensionHostProcess.js:63:2465)
	at m.fire (/usr/share/vscodium/resources/app/out/vs/workbench/api/node/extensionHostProcess.js:63:2784)
	at b.fire (/usr/share/vscodium/resources/app/out/vs/workbench/api/node/extensionHostProcess.js:79:16604)
	at n.value (/usr/share/vscodium/resources/app/out/vs/workbench/api/node/extensionHostProcess.js:135:9474)
	at m._deliver (/usr/share/vscodium/resources/app/out/vs/workbench/api/node/extensionHostProcess.js:63:2465)
	at m.fire (/usr/share/vscodium/resources/app/out/vs/workbench/api/node/extensionHostProcess.js:63:2784)
	at b.fire (/usr/share/vscodium/resources/app/out/vs/workbench/api/node/extensionHostProcess.js:79:16604)
	at MessagePortMain.<anonymous> (/usr/share/vscodium/resources/app/out/vs/workbench/api/node/extensionHostProcess.js:135:7551)
	at MessagePortMain.emit (node:events:513:28)
	at MessagePortMain._internalPort.emit (node:electron/js2c/utility_init:2:367)
2023-09-16 18:46:14.546 [error] Language client is not ready yet: Error: Language client is not ready yet
	at LanguageClient.sendRequest (/home/coean/.vscode-oss/extensions/rust-lang.rust-0.7.8-universal/node_modules/vscode-languageclient/lib/client.js:1789:19)
	at /home/coean/.vscode-oss/extensions/rust-lang.rust-0.7.8-universal/out/src/providers/signatureHelpProvider.js:35:16
	at new Promise (<anonymous>)
	at SignatureHelpProvider.provideHover (/home/coean/.vscode-oss/extensions/rust-lang.rust-0.7.8-universal/out/src/providers/signatureHelpProvider.js:34:16)
	at SignatureHelpProvider.provideSignatureHelp (/home/coean/.vscode-oss/extensions/rust-lang.rust-0.7.8-universal/out/src/providers/signatureHelpProvider.js:15:25)
	at N.provideSignatureHelp (/usr/share/vscodium/resources/app/out/vs/workbench/api/node/extensionHostProcess.js:109:67644)
	at /usr/share/vscodium/resources/app/out/vs/workbench/api/node/extensionHostProcess.js:109:88842
	at de._withAdapter (/usr/share/vscodium/resources/app/out/vs/workbench/api/node/extensionHostProcess.js:109:77185)
	at de.$provideSignatureHelp (/usr/share/vscodium/resources/app/out/vs/workbench/api/node/extensionHostProcess.js:109:88818)
	at i._doInvokeHandler (/usr/share/vscodium/resources/app/out/vs/workbench/api/node/extensionHostProcess.js:116:13691)
	at i._invokeHandler (/usr/share/vscodium/resources/app/out/vs/workbench/api/node/extensionHostProcess.js:116:13373)
	at i._receiveRequest (/usr/share/vscodium/resources/app/out/vs/workbench/api/node/extensionHostProcess.js:116:12079)
	at i._receiveOneMessage (/usr/share/vscodium/resources/app/out/vs/workbench/api/node/extensionHostProcess.js:116:10830)
	at n.value (/usr/share/vscodium/resources/app/out/vs/workbench/api/node/extensionHostProcess.js:116:8937)
	at m._deliver (/usr/share/vscodium/resources/app/out/vs/workbench/api/node/extensionHostProcess.js:63:2465)
	at m.fire (/usr/share/vscodium/resources/app/out/vs/workbench/api/node/extensionHostProcess.js:63:2784)
	at b.fire (/usr/share/vscodium/resources/app/out/vs/workbench/api/node/extensionHostProcess.js:79:16604)
	at n.value (/usr/share/vscodium/resources/app/out/vs/workbench/api/node/extensionHostProcess.js:135:9474)
	at m._deliver (/usr/share/vscodium/resources/app/out/vs/workbench/api/node/extensionHostProcess.js:63:2465)
	at m.fire (/usr/share/vscodium/resources/app/out/vs/workbench/api/node/extensionHostProcess.js:63:2784)
	at b.fire (/usr/share/vscodium/resources/app/out/vs/workbench/api/node/extensionHostProcess.js:79:16604)
	at MessagePortMain.<anonymous> (/usr/share/vscodium/resources/app/out/vs/workbench/api/node/extensionHostProcess.js:135:7551)
	at MessagePortMain.emit (node:events:513:28)
	at MessagePortMain._internalPort.emit (node:electron/js2c/utility_init:2:367)
2023-09-16 18:46:58.411 [error] Language client is not ready yet: Error: Language client is not ready yet
	at LanguageClient.sendRequest (/home/coean/.vscode-oss/extensions/rust-lang.rust-0.7.8-universal/node_modules/vscode-languageclient/lib/client.js:1789:19)
	at /home/coean/.vscode-oss/extensions/rust-lang.rust-0.7.8-universal/out/src/providers/signatureHelpProvider.js:35:16
	at new Promise (<anonymous>)
	at SignatureHelpProvider.provideHover (/home/coean/.vscode-oss/extensions/rust-lang.rust-0.7.8-universal/out/src/providers/signatureHelpProvider.js:34:16)
	at SignatureHelpProvider.provideSignatureHelp (/home/coean/.vscode-oss/extensions/rust-lang.rust-0.7.8-universal/out/src/providers/signatureHelpProvider.js:20:29)
	at N.provideSignatureHelp (/usr/share/vscodium/resources/app/out/vs/workbench/api/node/extensionHostProcess.js:109:67644)
	at /usr/share/vscodium/resources/app/out/vs/workbench/api/node/extensionHostProcess.js:109:88842
	at de._withAdapter (/usr/share/vscodium/resources/app/out/vs/workbench/api/node/extensionHostProcess.js:109:77185)
	at de.$provideSignatureHelp (/usr/share/vscodium/resources/app/out/vs/workbench/api/node/extensionHostProcess.js:109:88818)
	at i._doInvokeHandler (/usr/share/vscodium/resources/app/out/vs/workbench/api/node/extensionHostProcess.js:116:13691)
	at i._invokeHandler (/usr/share/vscodium/resources/app/out/vs/workbench/api/node/extensionHostProcess.js:116:13373)
	at i._receiveRequest (/usr/share/vscodium/resources/app/out/vs/workbench/api/node/extensionHostProcess.js:116:12079)
	at i._receiveOneMessage (/usr/share/vscodium/resources/app/out/vs/workbench/api/node/extensionHostProcess.js:116:10830)
	at n.value (/usr/share/vscodium/resources/app/out/vs/workbench/api/node/extensionHostProcess.js:116:8937)
	at m._deliver (/usr/share/vscodium/resources/app/out/vs/workbench/api/node/extensionHostProcess.js:63:2465)
	at m.fire (/usr/share/vscodium/resources/app/out/vs/workbench/api/node/extensionHostProcess.js:63:2784)
	at b.fire (/usr/share/vscodium/resources/app/out/vs/workbench/api/node/extensionHostProcess.js:79:16604)
	at n.value (/usr/share/vscodium/resources/app/out/vs/workbench/api/node/extensionHostProcess.js:135:9474)
	at m._deliver (/usr/share/vscodium/resources/app/out/vs/workbench/api/node/extensionHostProcess.js:63:2465)
	at m.fire (/usr/share/vscodium/resources/app/out/vs/workbench/api/node/extensionHostProcess.js:63:2784)
	at b.fire (/usr/share/vscodium/resources/app/out/vs/workbench/api/node/extensionHostProcess.js:79:16604)
	at MessagePortMain.<anonymous> (/usr/share/vscodium/resources/app/out/vs/workbench/api/node/extensionHostProcess.js:135:7551)
	at MessagePortMain.emit (node:events:513:28)
	at MessagePortMain._internalPort.emit (node:electron/js2c/utility_init:2:367)
2023-09-16 19:40:31.944 [info] [Ionide.Ionide-fsharp]: Command `fsharp.explorer.renameFile` already registered by Ionide for F# (Ionide.Ionide-fsharp)
2023-09-16 20:12:53.220 [error] Language client is not ready yet: Error: Language client is not ready yet
	at LanguageClient.sendRequest (/home/coean/.vscode-oss/extensions/rust-lang.rust-0.7.8-universal/node_modules/vscode-languageclient/lib/client.js:1789:19)
	at /home/coean/.vscode-oss/extensions/rust-lang.rust-0.7.8-universal/out/src/providers/signatureHelpProvider.js:35:16
	at new Promise (<anonymous>)
	at SignatureHelpProvider.provideHover (/home/coean/.vscode-oss/extensions/rust-lang.rust-0.7.8-universal/out/src/providers/signatureHelpProvider.js:34:16)
	at SignatureHelpProvider.provideSignatureHelp (/home/coean/.vscode-oss/extensions/rust-lang.rust-0.7.8-universal/out/src/providers/signatureHelpProvider.js:15:25)
	at N.provideSignatureHelp (/usr/share/vscodium/resources/app/out/vs/workbench/api/node/extensionHostProcess.js:109:67644)
	at /usr/share/vscodium/resources/app/out/vs/workbench/api/node/extensionHostProcess.js:109:88842
	at de._withAdapter (/usr/share/vscodium/resources/app/out/vs/workbench/api/node/extensionHostProcess.js:109:77185)
	at de.$provideSignatureHelp (/usr/share/vscodium/resources/app/out/vs/workbench/api/node/extensionHostProcess.js:109:88818)
	at i._doInvokeHandler (/usr/share/vscodium/resources/app/out/vs/workbench/api/node/extensionHostProcess.js:116:13691)
	at i._invokeHandler (/usr/share/vscodium/resources/app/out/vs/workbench/api/node/extensionHostProcess.js:116:13373)
	at i._receiveRequest (/usr/share/vscodium/resources/app/out/vs/workbench/api/node/extensionHostProcess.js:116:12079)
	at i._receiveOneMessage (/usr/share/vscodium/resources/app/out/vs/workbench/api/node/extensionHostProcess.js:116:10830)
	at n.value (/usr/share/vscodium/resources/app/out/vs/workbench/api/node/extensionHostProcess.js:116:8937)
	at m._deliver (/usr/share/vscodium/resources/app/out/vs/workbench/api/node/extensionHostProcess.js:63:2465)
	at m.fire (/usr/share/vscodium/resources/app/out/vs/workbench/api/node/extensionHostProcess.js:63:2784)
	at b.fire (/usr/share/vscodium/resources/app/out/vs/workbench/api/node/extensionHostProcess.js:79:16604)
	at n.value (/usr/share/vscodium/resources/app/out/vs/workbench/api/node/extensionHostProcess.js:135:9474)
	at m._deliver (/usr/share/vscodium/resources/app/out/vs/workbench/api/node/extensionHostProcess.js:63:2465)
	at m.fire (/usr/share/vscodium/resources/app/out/vs/workbench/api/node/extensionHostProcess.js:63:2784)
	at b.fire (/usr/share/vscodium/resources/app/out/vs/workbench/api/node/extensionHostProcess.js:79:16604)
	at MessagePortMain.<anonymous> (/usr/share/vscodium/resources/app/out/vs/workbench/api/node/extensionHostProcess.js:135:7551)
	at MessagePortMain.emit (node:events:513:28)
	at MessagePortMain._internalPort.emit (node:electron/js2c/utility_init:2:367)
2023-09-16 20:13:06.745 [error] Language client is not ready yet: Error: Language client is not ready yet
	at LanguageClient.sendRequest (/home/coean/.vscode-oss/extensions/rust-lang.rust-0.7.8-universal/node_modules/vscode-languageclient/lib/client.js:1789:19)
	at /home/coean/.vscode-oss/extensions/rust-lang.rust-0.7.8-universal/out/src/providers/signatureHelpProvider.js:35:16
	at new Promise (<anonymous>)
	at SignatureHelpProvider.provideHover (/home/coean/.vscode-oss/extensions/rust-lang.rust-0.7.8-universal/out/src/providers/signatureHelpProvider.js:34:16)
	at SignatureHelpProvider.provideSignatureHelp (/home/coean/.vscode-oss/extensions/rust-lang.rust-0.7.8-universal/out/src/providers/signatureHelpProvider.js:15:25)
	at N.provideSignatureHelp (/usr/share/vscodium/resources/app/out/vs/workbench/api/node/extensionHostProcess.js:109:67644)
	at /usr/share/vscodium/resources/app/out/vs/workbench/api/node/extensionHostProcess.js:109:88842
	at de._withAdapter (/usr/share/vscodium/resources/app/out/vs/workbench/api/node/extensionHostProcess.js:109:77185)
	at de.$provideSignatureHelp (/usr/share/vscodium/resources/app/out/vs/workbench/api/node/extensionHostProcess.js:109:88818)
	at i._doInvokeHandler (/usr/share/vscodium/resources/app/out/vs/workbench/api/node/extensionHostProcess.js:116:13691)
	at i._invokeHandler (/usr/share/vscodium/resources/app/out/vs/workbench/api/node/extensionHostProcess.js:116:13373)
	at i._receiveRequest (/usr/share/vscodium/resources/app/out/vs/workbench/api/node/extensionHostProcess.js:116:12079)
	at i._receiveOneMessage (/usr/share/vscodium/resources/app/out/vs/workbench/api/node/extensionHostProcess.js:116:10830)
	at n.value (/usr/share/vscodium/resources/app/out/vs/workbench/api/node/extensionHostProcess.js:116:8937)
	at m._deliver (/usr/share/vscodium/resources/app/out/vs/workbench/api/node/extensionHostProcess.js:63:2465)
	at m.fire (/usr/share/vscodium/resources/app/out/vs/workbench/api/node/extensionHostProcess.js:63:2784)
	at b.fire (/usr/share/vscodium/resources/app/out/vs/workbench/api/node/extensionHostProcess.js:79:16604)
	at n.value (/usr/share/vscodium/resources/app/out/vs/workbench/api/node/extensionHostProcess.js:135:9474)
	at m._deliver (/usr/share/vscodium/resources/app/out/vs/workbench/api/node/extensionHostProcess.js:63:2465)
	at m.fire (/usr/share/vscodium/resources/app/out/vs/workbench/api/node/extensionHostProcess.js:63:2784)
	at b.fire (/usr/share/vscodium/resources/app/out/vs/workbench/api/node/extensionHostProcess.js:79:16604)
	at MessagePortMain.<anonymous> (/usr/share/vscodium/resources/app/out/vs/workbench/api/node/extensionHostProcess.js:135:7551)
	at MessagePortMain.emit (node:events:513:28)
	at MessagePortMain._internalPort.emit (node:electron/js2c/utility_init:2:367)
2023-09-16 20:13:21.959 [error] Language client is not ready yet: Error: Language client is not ready yet
	at LanguageClient.sendRequest (/home/coean/.vscode-oss/extensions/rust-lang.rust-0.7.8-universal/node_modules/vscode-languageclient/lib/client.js:1789:19)
	at /home/coean/.vscode-oss/extensions/rust-lang.rust-0.7.8-universal/out/src/providers/signatureHelpProvider.js:35:16
	at new Promise (<anonymous>)
	at SignatureHelpProvider.provideHover (/home/coean/.vscode-oss/extensions/rust-lang.rust-0.7.8-universal/out/src/providers/signatureHelpProvider.js:34:16)
	at SignatureHelpProvider.provideSignatureHelp (/home/coean/.vscode-oss/extensions/rust-lang.rust-0.7.8-universal/out/src/providers/signatureHelpProvider.js:15:25)
	at N.provideSignatureHelp (/usr/share/vscodium/resources/app/out/vs/workbench/api/node/extensionHostProcess.js:109:67644)
	at /usr/share/vscodium/resources/app/out/vs/workbench/api/node/extensionHostProcess.js:109:88842
	at de._withAdapter (/usr/share/vscodium/resources/app/out/vs/workbench/api/node/extensionHostProcess.js:109:77185)
	at de.$provideSignatureHelp (/usr/share/vscodium/resources/app/out/vs/workbench/api/node/extensionHostProcess.js:109:88818)
	at i._doInvokeHandler (/usr/share/vscodium/resources/app/out/vs/workbench/api/node/extensionHostProcess.js:116:13691)
	at i._invokeHandler (/usr/share/vscodium/resources/app/out/vs/workbench/api/node/extensionHostProcess.js:116:13373)
	at i._receiveRequest (/usr/share/vscodium/resources/app/out/vs/workbench/api/node/extensionHostProcess.js:116:12079)
	at i._receiveOneMessage (/usr/share/vscodium/resources/app/out/vs/workbench/api/node/extensionHostProcess.js:116:10830)
	at n.value (/usr/share/vscodium/resources/app/out/vs/workbench/api/node/extensionHostProcess.js:116:8937)
	at m._deliver (/usr/share/vscodium/resources/app/out/vs/workbench/api/node/extensionHostProcess.js:63:2465)
	at m.fire (/usr/share/vscodium/resources/app/out/vs/workbench/api/node/extensionHostProcess.js:63:2784)
	at b.fire (/usr/share/vscodium/resources/app/out/vs/workbench/api/node/extensionHostProcess.js:79:16604)
	at n.value (/usr/share/vscodium/resources/app/out/vs/workbench/api/node/extensionHostProcess.js:135:9474)
	at m._deliver (/usr/share/vscodium/resources/app/out/vs/workbench/api/node/extensionHostProcess.js:63:2465)
	at m.fire (/usr/share/vscodium/resources/app/out/vs/workbench/api/node/extensionHostProcess.js:63:2784)
	at b.fire (/usr/share/vscodium/resources/app/out/vs/workbench/api/node/extensionHostProcess.js:79:16604)
	at MessagePortMain.<anonymous> (/usr/share/vscodium/resources/app/out/vs/workbench/api/node/extensionHostProcess.js:135:7551)
	at MessagePortMain.emit (node:events:513:28)
	at MessagePortMain._internalPort.emit (node:electron/js2c/utility_init:2:367)
2023-09-16 20:16:08.504 [error] Language client is not ready yet: Error: Language client is not ready yet
	at LanguageClient.sendRequest (/home/coean/.vscode-oss/extensions/rust-lang.rust-0.7.8-universal/node_modules/vscode-languageclient/lib/client.js:1789:19)
	at /home/coean/.vscode-oss/extensions/rust-lang.rust-0.7.8-universal/out/src/providers/signatureHelpProvider.js:35:16
	at new Promise (<anonymous>)
	at SignatureHelpProvider.provideHover (/home/coean/.vscode-oss/extensions/rust-lang.rust-0.7.8-universal/out/src/providers/signatureHelpProvider.js:34:16)
	at SignatureHelpProvider.provideSignatureHelp (/home/coean/.vscode-oss/extensions/rust-lang.rust-0.7.8-universal/out/src/providers/signatureHelpProvider.js:15:25)
	at N.provideSignatureHelp (/usr/share/vscodium/resources/app/out/vs/workbench/api/node/extensionHostProcess.js:109:67644)
	at /usr/share/vscodium/resources/app/out/vs/workbench/api/node/extensionHostProcess.js:109:88842
	at de._withAdapter (/usr/share/vscodium/resources/app/out/vs/workbench/api/node/extensionHostProcess.js:109:77185)
	at de.$provideSignatureHelp (/usr/share/vscodium/resources/app/out/vs/workbench/api/node/extensionHostProcess.js:109:88818)
	at i._doInvokeHandler (/usr/share/vscodium/resources/app/out/vs/workbench/api/node/extensionHostProcess.js:116:13691)
	at i._invokeHandler (/usr/share/vscodium/resources/app/out/vs/workbench/api/node/extensionHostProcess.js:116:13373)
	at i._receiveRequest (/usr/share/vscodium/resources/app/out/vs/workbench/api/node/extensionHostProcess.js:116:12079)
	at i._receiveOneMessage (/usr/share/vscodium/resources/app/out/vs/workbench/api/node/extensionHostProcess.js:116:10830)
	at n.value (/usr/share/vscodium/resources/app/out/vs/workbench/api/node/extensionHostProcess.js:116:8937)
	at m._deliver (/usr/share/vscodium/resources/app/out/vs/workbench/api/node/extensionHostProcess.js:63:2465)
	at m.fire (/usr/share/vscodium/resources/app/out/vs/workbench/api/node/extensionHostProcess.js:63:2784)
	at b.fire (/usr/share/vscodium/resources/app/out/vs/workbench/api/node/extensionHostProcess.js:79:16604)
	at n.value (/usr/share/vscodium/resources/app/out/vs/workbench/api/node/extensionHostProcess.js:135:9474)
	at m._deliver (/usr/share/vscodium/resources/app/out/vs/workbench/api/node/extensionHostProcess.js:63:2465)
	at m.fire (/usr/share/vscodium/resources/app/out/vs/workbench/api/node/extensionHostProcess.js:63:2784)
	at b.fire (/usr/share/vscodium/resources/app/out/vs/workbench/api/node/extensionHostProcess.js:79:16604)
	at MessagePortMain.<anonymous> (/usr/share/vscodium/resources/app/out/vs/workbench/api/node/extensionHostProcess.js:135:7551)
	at MessagePortMain.emit (node:events:513:28)
	at MessagePortMain._internalPort.emit (node:electron/js2c/utility_init:2:367)
2023-09-16 20:16:14.970 [error] Language client is not ready yet: Error: Language client is not ready yet
	at LanguageClient.sendRequest (/home/coean/.vscode-oss/extensions/rust-lang.rust-0.7.8-universal/node_modules/vscode-languageclient/lib/client.js:1789:19)
	at /home/coean/.vscode-oss/extensions/rust-lang.rust-0.7.8-universal/out/src/providers/signatureHelpProvider.js:35:16
	at new Promise (<anonymous>)
	at SignatureHelpProvider.provideHover (/home/coean/.vscode-oss/extensions/rust-lang.rust-0.7.8-universal/out/src/providers/signatureHelpProvider.js:34:16)
	at SignatureHelpProvider.provideSignatureHelp (/home/coean/.vscode-oss/extensions/rust-lang.rust-0.7.8-universal/out/src/providers/signatureHelpProvider.js:20:29)
	at N.provideSignatureHelp (/usr/share/vscodium/resources/app/out/vs/workbench/api/node/extensionHostProcess.js:109:67644)
	at /usr/share/vscodium/resources/app/out/vs/workbench/api/node/extensionHostProcess.js:109:88842
	at de._withAdapter (/usr/share/vscodium/resources/app/out/vs/workbench/api/node/extensionHostProcess.js:109:77185)
	at de.$provideSignatureHelp (/usr/share/vscodium/resources/app/out/vs/workbench/api/node/extensionHostProcess.js:109:88818)
	at i._doInvokeHandler (/usr/share/vscodium/resources/app/out/vs/workbench/api/node/extensionHostProcess.js:116:13691)
	at i._invokeHandler (/usr/share/vscodium/resources/app/out/vs/workbench/api/node/extensionHostProcess.js:116:13373)
	at i._receiveRequest (/usr/share/vscodium/resources/app/out/vs/workbench/api/node/extensionHostProcess.js:116:12079)
	at i._receiveOneMessage (/usr/share/vscodium/resources/app/out/vs/workbench/api/node/extensionHostProcess.js:116:10830)
	at n.value (/usr/share/vscodium/resources/app/out/vs/workbench/api/node/extensionHostProcess.js:116:8937)
	at m._deliver (/usr/share/vscodium/resources/app/out/vs/workbench/api/node/extensionHostProcess.js:63:2465)
	at m.fire (/usr/share/vscodium/resources/app/out/vs/workbench/api/node/extensionHostProcess.js:63:2784)
	at b.fire (/usr/share/vscodium/resources/app/out/vs/workbench/api/node/extensionHostProcess.js:79:16604)
	at n.value (/usr/share/vscodium/resources/app/out/vs/workbench/api/node/extensionHostProcess.js:135:9474)
	at m._deliver (/usr/share/vscodium/resources/app/out/vs/workbench/api/node/extensionHostProcess.js:63:2465)
	at m.fire (/usr/share/vscodium/resources/app/out/vs/workbench/api/node/extensionHostProcess.js:63:2784)
	at b.fire (/usr/share/vscodium/resources/app/out/vs/workbench/api/node/extensionHostProcess.js:79:16604)
	at MessagePortMain.<anonymous> (/usr/share/vscodium/resources/app/out/vs/workbench/api/node/extensionHostProcess.js:135:7551)
	at MessagePortMain.emit (node:events:513:28)
	at MessagePortMain._internalPort.emit (node:electron/js2c/utility_init:2:367)
