2023-09-22 14:06:19.067 [info] Log level: Info
2023-09-22 14:06:19.067 [info] Validating found git in: "git"
2023-09-22 14:06:19.067 [info] Using git "2.42.0" from "git"
2023-09-22 14:06:19.067 [info] > git rev-parse --show-toplevel [10ms]
2023-09-22 14:06:19.067 [info] fatal: not a git repository (or any parent up to mount point /)
Stopping at filesystem boundary (GIT_DISCOVERY_ACROSS_FILESYSTEM not set).
2023-09-22 14:06:19.068 [info] > git rev-parse --show-toplevel [1ms]
2023-09-22 14:06:19.068 [info] fatal: not a git repository (or any parent up to mount point /)
Stopping at filesystem boundary (GIT_DISCOVERY_ACROSS_FILESYSTEM not set).
2023-09-22 14:06:19.074 [info] > git rev-parse --show-toplevel [1ms]
2023-09-22 14:06:19.074 [info] fatal: not a git repository (or any parent up to mount point /)
Stopping at filesystem boundary (GIT_DISCOVERY_ACROSS_FILESYSTEM not set).
2023-09-22 14:06:19.080 [info] > git rev-parse --show-toplevel [1ms]
2023-09-22 14:06:19.080 [info] fatal: not a git repository (or any parent up to mount point /)
Stopping at filesystem boundary (GIT_DISCOVERY_ACROSS_FILESYSTEM not set).
2023-09-22 14:06:19.086 [info] > git rev-parse --show-toplevel [1ms]
2023-09-22 14:06:19.086 [info] fatal: not a git repository (or any parent up to mount point /)
Stopping at filesystem boundary (GIT_DISCOVERY_ACROSS_FILESYSTEM not set).
2023-09-22 14:06:31.636 [info] > git rev-parse --show-toplevel [2ms]
2023-09-22 14:06:31.636 [info] fatal: not a git repository (or any parent up to mount point /)
Stopping at filesystem boundary (GIT_DISCOVERY_ACROSS_FILESYSTEM not set).
2023-09-22 14:06:32.245 [info] > git rev-parse --show-toplevel [1ms]
2023-09-22 14:06:32.245 [info] fatal: not a git repository (or any parent up to mount point /)
Stopping at filesystem boundary (GIT_DISCOVERY_ACROSS_FILESYSTEM not set).
2023-09-22 14:06:32.702 [info] > git rev-parse --show-toplevel [1ms]
2023-09-22 14:06:32.702 [info] fatal: not a git repository (or any parent up to mount point /)
Stopping at filesystem boundary (GIT_DISCOVERY_ACROSS_FILESYSTEM not set).
2023-09-22 14:06:33.412 [info] > git rev-parse --show-toplevel [1ms]
2023-09-22 14:06:33.412 [info] fatal: not a git repository (or any parent up to mount point /)
Stopping at filesystem boundary (GIT_DISCOVERY_ACROSS_FILESYSTEM not set).
2023-09-22 14:06:33.781 [info] > git rev-parse --show-toplevel [1ms]
2023-09-22 14:06:33.781 [info] fatal: not a git repository (or any parent up to mount point /)
Stopping at filesystem boundary (GIT_DISCOVERY_ACROSS_FILESYSTEM not set).
2023-09-22 14:06:34.107 [info] > git rev-parse --show-toplevel [1ms]
2023-09-22 14:06:34.108 [info] fatal: not a git repository (or any parent up to mount point /)
Stopping at filesystem boundary (GIT_DISCOVERY_ACROSS_FILESYSTEM not set).
