2023-10-20 08:10:51.790 [info] Log level: Info
2023-10-20 08:10:51.790 [info] Validating found git in: "git"
2023-10-20 08:10:51.790 [info] Using git "2.42.0" from "git"
2023-10-20 08:10:51.790 [info] > git rev-parse --show-toplevel [3ms]
2023-10-20 08:10:51.790 [info] > git rev-parse --git-dir --git-common-dir [1ms]
2023-10-20 08:10:51.797 [info] Open repository: /hdd0/1/0warm_data/backups/github_backups/repositories/zti_projekt_frontend/repository
2023-10-20 08:10:51.808 [info] > git rev-parse --show-toplevel [2ms]
2023-10-20 08:10:51.808 [info] > git config --get commit.template [6ms]
2023-10-20 08:10:51.818 [info] > git rev-parse --show-toplevel [5ms]
2023-10-20 08:10:51.822 [info] > git for-each-ref --format=%(refname)%00%(upstream:short)%00%(objectname)%00%(upstream:track)%00%(upstream:remotename)%00%(upstream:remoteref) refs/heads/add-datetime-picker refs/remotes/add-datetime-picker [5ms]
2023-10-20 08:10:51.829 [info] > git status -z -uall [2ms]
2023-10-20 08:10:51.845 [info] > git config --get commit.template [5ms]
2023-10-20 08:10:51.845 [info] > git for-each-ref --format=%(refname)%00%(upstream:short)%00%(objectname)%00%(upstream:track)%00%(upstream:remotename)%00%(upstream:remoteref) refs/heads/add-datetime-picker refs/remotes/add-datetime-picker [1ms]
2023-10-20 08:10:51.851 [info] > git status -z -uall [2ms]
2023-10-20 08:10:52.314 [info] > git check-ignore -v -z --stdin [1ms]
2023-10-20 08:10:54.478 [info] > git for-each-ref --sort -committerdate --format %(refname) %(objectname) %(*objectname) [2ms]
2023-10-20 08:11:00.045 [info] > git for-each-ref --format %(refname:short)%00%(upstream:short) refs/heads [2ms]
2023-10-20 08:11:00.057 [info] > git checkout -q --track origin/try-different-approach-to-datetime-picker [5ms]
2023-10-20 08:11:00.066 [info] > git config --get commit.template [4ms]
2023-10-20 08:11:00.066 [info] > git for-each-ref --format=%(refname)%00%(upstream:short)%00%(objectname)%00%(upstream:track)%00%(upstream:remotename)%00%(upstream:remoteref) refs/heads/try-different-approach-to-datetime-picker refs/remotes/try-different-approach-to-datetime-picker [1ms]
2023-10-20 08:11:00.071 [info] > git status -z -uall [1ms]
2023-10-20 08:11:01.143 [info] > git config --get commit.template [4ms]
2023-10-20 08:11:01.143 [info] > git for-each-ref --format=%(refname)%00%(upstream:short)%00%(objectname)%00%(upstream:track)%00%(upstream:remotename)%00%(upstream:remoteref) refs/heads/try-different-approach-to-datetime-picker refs/remotes/try-different-approach-to-datetime-picker [1ms]
2023-10-20 08:11:01.149 [info] > git status -z -uall [2ms]
2023-10-20 08:11:06.634 [info] > git check-ignore -v -z --stdin [1ms]
2023-10-20 08:11:08.550 [info] > git for-each-ref --sort -committerdate --format %(refname) %(objectname) %(*objectname) [2ms]
2023-10-20 08:11:11.350 [info] > git for-each-ref --format %(refname:short)%00%(upstream:short) refs/heads [1ms]
2023-10-20 08:11:11.356 [info] > git checkout -q --track origin/HEAD [2ms]
2023-10-20 08:11:11.356 [info] fatal: 'HEAD' is not a valid branch name
2023-10-20 08:11:11.364 [info] > git config --get commit.template [4ms]
2023-10-20 08:11:11.365 [info] > git for-each-ref --format=%(refname)%00%(upstream:short)%00%(objectname)%00%(upstream:track)%00%(upstream:remotename)%00%(upstream:remoteref) refs/heads/try-different-approach-to-datetime-picker refs/remotes/try-different-approach-to-datetime-picker [1ms]
2023-10-20 08:11:11.370 [info] > git status -z -uall [2ms]
2023-10-20 08:11:13.872 [info] > git for-each-ref --sort -committerdate --format %(refname) %(objectname) %(*objectname) [1ms]
2023-10-20 08:11:15.976 [info] > git for-each-ref --format %(refname:short)%00%(upstream:short) refs/heads [1ms]
2023-10-20 08:11:15.986 [info] > git checkout -q master [5ms]
2023-10-20 08:11:15.995 [info] > git config --get commit.template [4ms]
2023-10-20 08:11:15.995 [info] > git for-each-ref --format=%(refname)%00%(upstream:short)%00%(objectname)%00%(upstream:track)%00%(upstream:remotename)%00%(upstream:remoteref) refs/heads/master refs/remotes/master [1ms]
2023-10-20 08:11:16.001 [info] > git status -z -uall [2ms]
2023-10-20 08:11:17.070 [info] > git config --get commit.template [5ms]
2023-10-20 08:11:17.071 [info] > git for-each-ref --format=%(refname)%00%(upstream:short)%00%(objectname)%00%(upstream:track)%00%(upstream:remotename)%00%(upstream:remoteref) refs/heads/master refs/remotes/master [1ms]
2023-10-20 08:11:17.076 [info] > git status -z -uall [2ms]
2023-10-20 08:11:17.911 [info] > git for-each-ref --sort -committerdate --format %(refname) %(objectname) %(*objectname) [1ms]
2023-10-20 08:11:19.147 [info] > git for-each-ref --format %(refname:short)%00%(upstream:short) refs/heads [2ms]
2023-10-20 08:11:19.158 [info] > git checkout -q add-datetime-picker [6ms]
2023-10-20 08:11:19.166 [info] > git config --get commit.template [4ms]
2023-10-20 08:11:19.167 [info] > git for-each-ref --format=%(refname)%00%(upstream:short)%00%(objectname)%00%(upstream:track)%00%(upstream:remotename)%00%(upstream:remoteref) refs/heads/add-datetime-picker refs/remotes/add-datetime-picker [1ms]
2023-10-20 08:11:19.173 [info] > git status -z -uall [2ms]
2023-10-20 08:11:22.088 [info] > git config --get commit.template [5ms]
2023-10-20 08:11:22.088 [info] > git for-each-ref --format=%(refname)%00%(upstream:short)%00%(objectname)%00%(upstream:track)%00%(upstream:remotename)%00%(upstream:remoteref) refs/heads/add-datetime-picker refs/remotes/add-datetime-picker [1ms]
2023-10-20 08:11:22.094 [info] > git status -z -uall [2ms]
2023-10-20 08:11:22.497 [info] > git for-each-ref --sort -committerdate --format %(refname) %(objectname) %(*objectname) [1ms]
2023-10-20 08:11:24.011 [info] > git for-each-ref --format %(refname:short)%00%(upstream:short) refs/heads [1ms]
2023-10-20 08:11:24.019 [info] > git checkout -q try-different-approach-to-datetime-picker [3ms]
2023-10-20 08:11:24.028 [info] > git config --get commit.template [4ms]
2023-10-20 08:11:24.028 [info] > git for-each-ref --format=%(refname)%00%(upstream:short)%00%(objectname)%00%(upstream:track)%00%(upstream:remotename)%00%(upstream:remoteref) refs/heads/try-different-approach-to-datetime-picker refs/remotes/try-different-approach-to-datetime-picker [1ms]
2023-10-20 08:11:24.034 [info] > git status -z -uall [2ms]
2023-10-20 08:11:25.775 [info] > git for-each-ref --sort -committerdate --format %(refname) %(objectname) %(*objectname) [1ms]
2023-10-20 08:11:27.104 [info] > git config --get commit.template [4ms]
2023-10-20 08:11:27.104 [info] > git for-each-ref --format=%(refname)%00%(upstream:short)%00%(objectname)%00%(upstream:track)%00%(upstream:remotename)%00%(upstream:remoteref) refs/heads/try-different-approach-to-datetime-picker refs/remotes/try-different-approach-to-datetime-picker [1ms]
2023-10-20 08:11:27.109 [info] > git status -z -uall [1ms]
2023-10-20 08:11:36.614 [info] > git config --get commit.template [4ms]
2023-10-20 08:11:36.615 [info] > git for-each-ref --format=%(refname)%00%(upstream:short)%00%(objectname)%00%(upstream:track)%00%(upstream:remotename)%00%(upstream:remoteref) refs/heads/try-different-approach-to-datetime-picker refs/remotes/try-different-approach-to-datetime-picker [1ms]
2023-10-20 08:11:36.621 [info] > git status -z -uall [1ms]
