2023-09-16 20:20:38.091 [info] [Ionide.Ionide-fsharp]: Command `fsharp.explorer.renameFile` already registered by Ionide for F# (Ionide.Ionide-fsharp)
2023-09-16 20:20:40.944 [info] [perf] Render performance baseline is 21ms
2023-09-16 20:22:13.269 [error] Language client is not ready yet: Error: Language client is not ready yet
	at LanguageClient.sendRequest (/home/coean/.vscode-oss/extensions/rust-lang.rust-0.7.8-universal/node_modules/vscode-languageclient/lib/client.js:1789:19)
	at /home/coean/.vscode-oss/extensions/rust-lang.rust-0.7.8-universal/out/src/providers/signatureHelpProvider.js:35:16
	at new Promise (<anonymous>)
	at SignatureHelpProvider.provideHover (/home/coean/.vscode-oss/extensions/rust-lang.rust-0.7.8-universal/out/src/providers/signatureHelpProvider.js:34:16)
	at SignatureHelpProvider.provideSignatureHelp (/home/coean/.vscode-oss/extensions/rust-lang.rust-0.7.8-universal/out/src/providers/signatureHelpProvider.js:15:25)
	at N.provideSignatureHelp (/usr/share/vscodium/resources/app/out/vs/workbench/api/node/extensionHostProcess.js:109:67644)
	at /usr/share/vscodium/resources/app/out/vs/workbench/api/node/extensionHostProcess.js:109:88842
	at de._withAdapter (/usr/share/vscodium/resources/app/out/vs/workbench/api/node/extensionHostProcess.js:109:77185)
	at de.$provideSignatureHelp (/usr/share/vscodium/resources/app/out/vs/workbench/api/node/extensionHostProcess.js:109:88818)
	at i._doInvokeHandler (/usr/share/vscodium/resources/app/out/vs/workbench/api/node/extensionHostProcess.js:116:13691)
	at i._invokeHandler (/usr/share/vscodium/resources/app/out/vs/workbench/api/node/extensionHostProcess.js:116:13373)
	at i._receiveRequest (/usr/share/vscodium/resources/app/out/vs/workbench/api/node/extensionHostProcess.js:116:12079)
	at i._receiveOneMessage (/usr/share/vscodium/resources/app/out/vs/workbench/api/node/extensionHostProcess.js:116:10830)
	at n.value (/usr/share/vscodium/resources/app/out/vs/workbench/api/node/extensionHostProcess.js:116:8937)
	at m._deliver (/usr/share/vscodium/resources/app/out/vs/workbench/api/node/extensionHostProcess.js:63:2465)
	at m.fire (/usr/share/vscodium/resources/app/out/vs/workbench/api/node/extensionHostProcess.js:63:2784)
	at b.fire (/usr/share/vscodium/resources/app/out/vs/workbench/api/node/extensionHostProcess.js:79:16604)
	at n.value (/usr/share/vscodium/resources/app/out/vs/workbench/api/node/extensionHostProcess.js:135:9474)
	at m._deliver (/usr/share/vscodium/resources/app/out/vs/workbench/api/node/extensionHostProcess.js:63:2465)
	at m.fire (/usr/share/vscodium/resources/app/out/vs/workbench/api/node/extensionHostProcess.js:63:2784)
	at b.fire (/usr/share/vscodium/resources/app/out/vs/workbench/api/node/extensionHostProcess.js:79:16604)
	at MessagePortMain.<anonymous> (/usr/share/vscodium/resources/app/out/vs/workbench/api/node/extensionHostProcess.js:135:7551)
	at MessagePortMain.emit (node:events:513:28)
	at MessagePortMain._internalPort.emit (node:electron/js2c/utility_init:2:367)
2023-09-16 20:23:16.828 [error] Language client is not ready yet: Error: Language client is not ready yet
	at LanguageClient.sendRequest (/home/coean/.vscode-oss/extensions/rust-lang.rust-0.7.8-universal/node_modules/vscode-languageclient/lib/client.js:1789:19)
	at /home/coean/.vscode-oss/extensions/rust-lang.rust-0.7.8-universal/out/src/providers/signatureHelpProvider.js:35:16
	at new Promise (<anonymous>)
	at SignatureHelpProvider.provideHover (/home/coean/.vscode-oss/extensions/rust-lang.rust-0.7.8-universal/out/src/providers/signatureHelpProvider.js:34:16)
	at SignatureHelpProvider.provideSignatureHelp (/home/coean/.vscode-oss/extensions/rust-lang.rust-0.7.8-universal/out/src/providers/signatureHelpProvider.js:15:25)
	at N.provideSignatureHelp (/usr/share/vscodium/resources/app/out/vs/workbench/api/node/extensionHostProcess.js:109:67644)
	at /usr/share/vscodium/resources/app/out/vs/workbench/api/node/extensionHostProcess.js:109:88842
	at de._withAdapter (/usr/share/vscodium/resources/app/out/vs/workbench/api/node/extensionHostProcess.js:109:77185)
	at de.$provideSignatureHelp (/usr/share/vscodium/resources/app/out/vs/workbench/api/node/extensionHostProcess.js:109:88818)
	at i._doInvokeHandler (/usr/share/vscodium/resources/app/out/vs/workbench/api/node/extensionHostProcess.js:116:13691)
	at i._invokeHandler (/usr/share/vscodium/resources/app/out/vs/workbench/api/node/extensionHostProcess.js:116:13373)
	at i._receiveRequest (/usr/share/vscodium/resources/app/out/vs/workbench/api/node/extensionHostProcess.js:116:12079)
	at i._receiveOneMessage (/usr/share/vscodium/resources/app/out/vs/workbench/api/node/extensionHostProcess.js:116:10830)
	at n.value (/usr/share/vscodium/resources/app/out/vs/workbench/api/node/extensionHostProcess.js:116:8937)
	at m._deliver (/usr/share/vscodium/resources/app/out/vs/workbench/api/node/extensionHostProcess.js:63:2465)
	at m.fire (/usr/share/vscodium/resources/app/out/vs/workbench/api/node/extensionHostProcess.js:63:2784)
	at b.fire (/usr/share/vscodium/resources/app/out/vs/workbench/api/node/extensionHostProcess.js:79:16604)
	at n.value (/usr/share/vscodium/resources/app/out/vs/workbench/api/node/extensionHostProcess.js:135:9474)
	at m._deliver (/usr/share/vscodium/resources/app/out/vs/workbench/api/node/extensionHostProcess.js:63:2465)
	at m.fire (/usr/share/vscodium/resources/app/out/vs/workbench/api/node/extensionHostProcess.js:63:2784)
	at b.fire (/usr/share/vscodium/resources/app/out/vs/workbench/api/node/extensionHostProcess.js:79:16604)
	at MessagePortMain.<anonymous> (/usr/share/vscodium/resources/app/out/vs/workbench/api/node/extensionHostProcess.js:135:7551)
	at MessagePortMain.emit (node:events:513:28)
	at MessagePortMain._internalPort.emit (node:electron/js2c/utility_init:2:367)
2023-09-16 20:25:42.026 [error] Language client is not ready yet: Error: Language client is not ready yet
	at LanguageClient.sendRequest (/home/coean/.vscode-oss/extensions/rust-lang.rust-0.7.8-universal/node_modules/vscode-languageclient/lib/client.js:1789:19)
	at /home/coean/.vscode-oss/extensions/rust-lang.rust-0.7.8-universal/out/src/providers/signatureHelpProvider.js:35:16
	at new Promise (<anonymous>)
	at SignatureHelpProvider.provideHover (/home/coean/.vscode-oss/extensions/rust-lang.rust-0.7.8-universal/out/src/providers/signatureHelpProvider.js:34:16)
	at SignatureHelpProvider.provideSignatureHelp (/home/coean/.vscode-oss/extensions/rust-lang.rust-0.7.8-universal/out/src/providers/signatureHelpProvider.js:15:25)
	at N.provideSignatureHelp (/usr/share/vscodium/resources/app/out/vs/workbench/api/node/extensionHostProcess.js:109:67644)
	at /usr/share/vscodium/resources/app/out/vs/workbench/api/node/extensionHostProcess.js:109:88842
	at de._withAdapter (/usr/share/vscodium/resources/app/out/vs/workbench/api/node/extensionHostProcess.js:109:77185)
	at de.$provideSignatureHelp (/usr/share/vscodium/resources/app/out/vs/workbench/api/node/extensionHostProcess.js:109:88818)
	at i._doInvokeHandler (/usr/share/vscodium/resources/app/out/vs/workbench/api/node/extensionHostProcess.js:116:13691)
	at i._invokeHandler (/usr/share/vscodium/resources/app/out/vs/workbench/api/node/extensionHostProcess.js:116:13373)
	at i._receiveRequest (/usr/share/vscodium/resources/app/out/vs/workbench/api/node/extensionHostProcess.js:116:12079)
	at i._receiveOneMessage (/usr/share/vscodium/resources/app/out/vs/workbench/api/node/extensionHostProcess.js:116:10830)
	at n.value (/usr/share/vscodium/resources/app/out/vs/workbench/api/node/extensionHostProcess.js:116:8937)
	at m._deliver (/usr/share/vscodium/resources/app/out/vs/workbench/api/node/extensionHostProcess.js:63:2465)
	at m.fire (/usr/share/vscodium/resources/app/out/vs/workbench/api/node/extensionHostProcess.js:63:2784)
	at b.fire (/usr/share/vscodium/resources/app/out/vs/workbench/api/node/extensionHostProcess.js:79:16604)
	at n.value (/usr/share/vscodium/resources/app/out/vs/workbench/api/node/extensionHostProcess.js:135:9474)
	at m._deliver (/usr/share/vscodium/resources/app/out/vs/workbench/api/node/extensionHostProcess.js:63:2465)
	at m.fire (/usr/share/vscodium/resources/app/out/vs/workbench/api/node/extensionHostProcess.js:63:2784)
	at b.fire (/usr/share/vscodium/resources/app/out/vs/workbench/api/node/extensionHostProcess.js:79:16604)
	at MessagePortMain.<anonymous> (/usr/share/vscodium/resources/app/out/vs/workbench/api/node/extensionHostProcess.js:135:7551)
	at MessagePortMain.emit (node:events:513:28)
	at MessagePortMain._internalPort.emit (node:electron/js2c/utility_init:2:367)
2023-09-16 20:25:44.405 [error] Language client is not ready yet: Error: Language client is not ready yet
	at LanguageClient.sendRequest (/home/coean/.vscode-oss/extensions/rust-lang.rust-0.7.8-universal/node_modules/vscode-languageclient/lib/client.js:1789:19)
	at /home/coean/.vscode-oss/extensions/rust-lang.rust-0.7.8-universal/out/src/providers/signatureHelpProvider.js:35:16
	at new Promise (<anonymous>)
	at SignatureHelpProvider.provideHover (/home/coean/.vscode-oss/extensions/rust-lang.rust-0.7.8-universal/out/src/providers/signatureHelpProvider.js:34:16)
	at SignatureHelpProvider.provideSignatureHelp (/home/coean/.vscode-oss/extensions/rust-lang.rust-0.7.8-universal/out/src/providers/signatureHelpProvider.js:20:29)
	at N.provideSignatureHelp (/usr/share/vscodium/resources/app/out/vs/workbench/api/node/extensionHostProcess.js:109:67644)
	at /usr/share/vscodium/resources/app/out/vs/workbench/api/node/extensionHostProcess.js:109:88842
	at de._withAdapter (/usr/share/vscodium/resources/app/out/vs/workbench/api/node/extensionHostProcess.js:109:77185)
	at de.$provideSignatureHelp (/usr/share/vscodium/resources/app/out/vs/workbench/api/node/extensionHostProcess.js:109:88818)
	at i._doInvokeHandler (/usr/share/vscodium/resources/app/out/vs/workbench/api/node/extensionHostProcess.js:116:13691)
	at i._invokeHandler (/usr/share/vscodium/resources/app/out/vs/workbench/api/node/extensionHostProcess.js:116:13373)
	at i._receiveRequest (/usr/share/vscodium/resources/app/out/vs/workbench/api/node/extensionHostProcess.js:116:12079)
	at i._receiveOneMessage (/usr/share/vscodium/resources/app/out/vs/workbench/api/node/extensionHostProcess.js:116:10830)
	at n.value (/usr/share/vscodium/resources/app/out/vs/workbench/api/node/extensionHostProcess.js:116:8937)
	at m._deliver (/usr/share/vscodium/resources/app/out/vs/workbench/api/node/extensionHostProcess.js:63:2465)
	at m.fire (/usr/share/vscodium/resources/app/out/vs/workbench/api/node/extensionHostProcess.js:63:2784)
	at b.fire (/usr/share/vscodium/resources/app/out/vs/workbench/api/node/extensionHostProcess.js:79:16604)
	at n.value (/usr/share/vscodium/resources/app/out/vs/workbench/api/node/extensionHostProcess.js:135:9474)
	at m._deliver (/usr/share/vscodium/resources/app/out/vs/workbench/api/node/extensionHostProcess.js:63:2465)
	at m.fire (/usr/share/vscodium/resources/app/out/vs/workbench/api/node/extensionHostProcess.js:63:2784)
	at b.fire (/usr/share/vscodium/resources/app/out/vs/workbench/api/node/extensionHostProcess.js:79:16604)
	at MessagePortMain.<anonymous> (/usr/share/vscodium/resources/app/out/vs/workbench/api/node/extensionHostProcess.js:135:7551)
	at MessagePortMain.emit (node:events:513:28)
	at MessagePortMain._internalPort.emit (node:electron/js2c/utility_init:2:367)
2023-09-16 20:25:57.325 [error] Language client is not ready yet: Error: Language client is not ready yet
	at LanguageClient.sendRequest (/home/coean/.vscode-oss/extensions/rust-lang.rust-0.7.8-universal/node_modules/vscode-languageclient/lib/client.js:1789:19)
	at /home/coean/.vscode-oss/extensions/rust-lang.rust-0.7.8-universal/out/src/providers/signatureHelpProvider.js:35:16
	at new Promise (<anonymous>)
	at SignatureHelpProvider.provideHover (/home/coean/.vscode-oss/extensions/rust-lang.rust-0.7.8-universal/out/src/providers/signatureHelpProvider.js:34:16)
	at SignatureHelpProvider.provideSignatureHelp (/home/coean/.vscode-oss/extensions/rust-lang.rust-0.7.8-universal/out/src/providers/signatureHelpProvider.js:15:25)
	at N.provideSignatureHelp (/usr/share/vscodium/resources/app/out/vs/workbench/api/node/extensionHostProcess.js:109:67644)
	at /usr/share/vscodium/resources/app/out/vs/workbench/api/node/extensionHostProcess.js:109:88842
	at de._withAdapter (/usr/share/vscodium/resources/app/out/vs/workbench/api/node/extensionHostProcess.js:109:77185)
	at de.$provideSignatureHelp (/usr/share/vscodium/resources/app/out/vs/workbench/api/node/extensionHostProcess.js:109:88818)
	at i._doInvokeHandler (/usr/share/vscodium/resources/app/out/vs/workbench/api/node/extensionHostProcess.js:116:13691)
	at i._invokeHandler (/usr/share/vscodium/resources/app/out/vs/workbench/api/node/extensionHostProcess.js:116:13373)
	at i._receiveRequest (/usr/share/vscodium/resources/app/out/vs/workbench/api/node/extensionHostProcess.js:116:12079)
	at i._receiveOneMessage (/usr/share/vscodium/resources/app/out/vs/workbench/api/node/extensionHostProcess.js:116:10830)
	at n.value (/usr/share/vscodium/resources/app/out/vs/workbench/api/node/extensionHostProcess.js:116:8937)
	at m._deliver (/usr/share/vscodium/resources/app/out/vs/workbench/api/node/extensionHostProcess.js:63:2465)
	at m.fire (/usr/share/vscodium/resources/app/out/vs/workbench/api/node/extensionHostProcess.js:63:2784)
	at b.fire (/usr/share/vscodium/resources/app/out/vs/workbench/api/node/extensionHostProcess.js:79:16604)
	at n.value (/usr/share/vscodium/resources/app/out/vs/workbench/api/node/extensionHostProcess.js:135:9474)
	at m._deliver (/usr/share/vscodium/resources/app/out/vs/workbench/api/node/extensionHostProcess.js:63:2465)
	at m.fire (/usr/share/vscodium/resources/app/out/vs/workbench/api/node/extensionHostProcess.js:63:2784)
	at b.fire (/usr/share/vscodium/resources/app/out/vs/workbench/api/node/extensionHostProcess.js:79:16604)
	at MessagePortMain.<anonymous> (/usr/share/vscodium/resources/app/out/vs/workbench/api/node/extensionHostProcess.js:135:7551)
	at MessagePortMain.emit (node:events:513:28)
	at MessagePortMain._internalPort.emit (node:electron/js2c/utility_init:2:367)
2023-09-16 20:26:47.195 [error] Language client is not ready yet: Error: Language client is not ready yet
	at LanguageClient.sendRequest (/home/coean/.vscode-oss/extensions/rust-lang.rust-0.7.8-universal/node_modules/vscode-languageclient/lib/client.js:1789:19)
	at /home/coean/.vscode-oss/extensions/rust-lang.rust-0.7.8-universal/out/src/providers/signatureHelpProvider.js:35:16
	at new Promise (<anonymous>)
	at SignatureHelpProvider.provideHover (/home/coean/.vscode-oss/extensions/rust-lang.rust-0.7.8-universal/out/src/providers/signatureHelpProvider.js:34:16)
	at SignatureHelpProvider.provideSignatureHelp (/home/coean/.vscode-oss/extensions/rust-lang.rust-0.7.8-universal/out/src/providers/signatureHelpProvider.js:15:25)
	at N.provideSignatureHelp (/usr/share/vscodium/resources/app/out/vs/workbench/api/node/extensionHostProcess.js:109:67644)
	at /usr/share/vscodium/resources/app/out/vs/workbench/api/node/extensionHostProcess.js:109:88842
	at de._withAdapter (/usr/share/vscodium/resources/app/out/vs/workbench/api/node/extensionHostProcess.js:109:77185)
	at de.$provideSignatureHelp (/usr/share/vscodium/resources/app/out/vs/workbench/api/node/extensionHostProcess.js:109:88818)
	at i._doInvokeHandler (/usr/share/vscodium/resources/app/out/vs/workbench/api/node/extensionHostProcess.js:116:13691)
	at i._invokeHandler (/usr/share/vscodium/resources/app/out/vs/workbench/api/node/extensionHostProcess.js:116:13373)
	at i._receiveRequest (/usr/share/vscodium/resources/app/out/vs/workbench/api/node/extensionHostProcess.js:116:12079)
	at i._receiveOneMessage (/usr/share/vscodium/resources/app/out/vs/workbench/api/node/extensionHostProcess.js:116:10830)
	at n.value (/usr/share/vscodium/resources/app/out/vs/workbench/api/node/extensionHostProcess.js:116:8937)
	at m._deliver (/usr/share/vscodium/resources/app/out/vs/workbench/api/node/extensionHostProcess.js:63:2465)
	at m.fire (/usr/share/vscodium/resources/app/out/vs/workbench/api/node/extensionHostProcess.js:63:2784)
	at b.fire (/usr/share/vscodium/resources/app/out/vs/workbench/api/node/extensionHostProcess.js:79:16604)
	at n.value (/usr/share/vscodium/resources/app/out/vs/workbench/api/node/extensionHostProcess.js:135:9474)
	at m._deliver (/usr/share/vscodium/resources/app/out/vs/workbench/api/node/extensionHostProcess.js:63:2465)
	at m.fire (/usr/share/vscodium/resources/app/out/vs/workbench/api/node/extensionHostProcess.js:63:2784)
	at b.fire (/usr/share/vscodium/resources/app/out/vs/workbench/api/node/extensionHostProcess.js:79:16604)
	at MessagePortMain.<anonymous> (/usr/share/vscodium/resources/app/out/vs/workbench/api/node/extensionHostProcess.js:135:7551)
	at MessagePortMain.emit (node:events:513:28)
	at MessagePortMain._internalPort.emit (node:electron/js2c/utility_init:2:367)
2023-09-16 20:27:39.408 [error] Language client is not ready yet: Error: Language client is not ready yet
	at LanguageClient.sendRequest (/home/coean/.vscode-oss/extensions/rust-lang.rust-0.7.8-universal/node_modules/vscode-languageclient/lib/client.js:1789:19)
	at /home/coean/.vscode-oss/extensions/rust-lang.rust-0.7.8-universal/out/src/providers/signatureHelpProvider.js:35:16
	at new Promise (<anonymous>)
	at SignatureHelpProvider.provideHover (/home/coean/.vscode-oss/extensions/rust-lang.rust-0.7.8-universal/out/src/providers/signatureHelpProvider.js:34:16)
	at SignatureHelpProvider.provideSignatureHelp (/home/coean/.vscode-oss/extensions/rust-lang.rust-0.7.8-universal/out/src/providers/signatureHelpProvider.js:15:25)
	at N.provideSignatureHelp (/usr/share/vscodium/resources/app/out/vs/workbench/api/node/extensionHostProcess.js:109:67644)
	at /usr/share/vscodium/resources/app/out/vs/workbench/api/node/extensionHostProcess.js:109:88842
	at de._withAdapter (/usr/share/vscodium/resources/app/out/vs/workbench/api/node/extensionHostProcess.js:109:77185)
	at de.$provideSignatureHelp (/usr/share/vscodium/resources/app/out/vs/workbench/api/node/extensionHostProcess.js:109:88818)
	at i._doInvokeHandler (/usr/share/vscodium/resources/app/out/vs/workbench/api/node/extensionHostProcess.js:116:13691)
	at i._invokeHandler (/usr/share/vscodium/resources/app/out/vs/workbench/api/node/extensionHostProcess.js:116:13373)
	at i._receiveRequest (/usr/share/vscodium/resources/app/out/vs/workbench/api/node/extensionHostProcess.js:116:12079)
	at i._receiveOneMessage (/usr/share/vscodium/resources/app/out/vs/workbench/api/node/extensionHostProcess.js:116:10830)
	at n.value (/usr/share/vscodium/resources/app/out/vs/workbench/api/node/extensionHostProcess.js:116:8937)
	at m._deliver (/usr/share/vscodium/resources/app/out/vs/workbench/api/node/extensionHostProcess.js:63:2465)
	at m.fire (/usr/share/vscodium/resources/app/out/vs/workbench/api/node/extensionHostProcess.js:63:2784)
	at b.fire (/usr/share/vscodium/resources/app/out/vs/workbench/api/node/extensionHostProcess.js:79:16604)
	at n.value (/usr/share/vscodium/resources/app/out/vs/workbench/api/node/extensionHostProcess.js:135:9474)
	at m._deliver (/usr/share/vscodium/resources/app/out/vs/workbench/api/node/extensionHostProcess.js:63:2465)
	at m.fire (/usr/share/vscodium/resources/app/out/vs/workbench/api/node/extensionHostProcess.js:63:2784)
	at b.fire (/usr/share/vscodium/resources/app/out/vs/workbench/api/node/extensionHostProcess.js:79:16604)
	at MessagePortMain.<anonymous> (/usr/share/vscodium/resources/app/out/vs/workbench/api/node/extensionHostProcess.js:135:7551)
	at MessagePortMain.emit (node:events:513:28)
	at MessagePortMain._internalPort.emit (node:electron/js2c/utility_init:2:367)
2023-09-16 20:27:53.750 [error] Language client is not ready yet: Error: Language client is not ready yet
	at LanguageClient.sendRequest (/home/coean/.vscode-oss/extensions/rust-lang.rust-0.7.8-universal/node_modules/vscode-languageclient/lib/client.js:1789:19)
	at /home/coean/.vscode-oss/extensions/rust-lang.rust-0.7.8-universal/out/src/providers/signatureHelpProvider.js:35:16
	at new Promise (<anonymous>)
	at SignatureHelpProvider.provideHover (/home/coean/.vscode-oss/extensions/rust-lang.rust-0.7.8-universal/out/src/providers/signatureHelpProvider.js:34:16)
	at SignatureHelpProvider.provideSignatureHelp (/home/coean/.vscode-oss/extensions/rust-lang.rust-0.7.8-universal/out/src/providers/signatureHelpProvider.js:15:25)
	at N.provideSignatureHelp (/usr/share/vscodium/resources/app/out/vs/workbench/api/node/extensionHostProcess.js:109:67644)
	at /usr/share/vscodium/resources/app/out/vs/workbench/api/node/extensionHostProcess.js:109:88842
	at de._withAdapter (/usr/share/vscodium/resources/app/out/vs/workbench/api/node/extensionHostProcess.js:109:77185)
	at de.$provideSignatureHelp (/usr/share/vscodium/resources/app/out/vs/workbench/api/node/extensionHostProcess.js:109:88818)
	at i._doInvokeHandler (/usr/share/vscodium/resources/app/out/vs/workbench/api/node/extensionHostProcess.js:116:13691)
	at i._invokeHandler (/usr/share/vscodium/resources/app/out/vs/workbench/api/node/extensionHostProcess.js:116:13373)
	at i._receiveRequest (/usr/share/vscodium/resources/app/out/vs/workbench/api/node/extensionHostProcess.js:116:12079)
	at i._receiveOneMessage (/usr/share/vscodium/resources/app/out/vs/workbench/api/node/extensionHostProcess.js:116:10830)
	at n.value (/usr/share/vscodium/resources/app/out/vs/workbench/api/node/extensionHostProcess.js:116:8937)
	at m._deliver (/usr/share/vscodium/resources/app/out/vs/workbench/api/node/extensionHostProcess.js:63:2465)
	at m.fire (/usr/share/vscodium/resources/app/out/vs/workbench/api/node/extensionHostProcess.js:63:2784)
	at b.fire (/usr/share/vscodium/resources/app/out/vs/workbench/api/node/extensionHostProcess.js:79:16604)
	at n.value (/usr/share/vscodium/resources/app/out/vs/workbench/api/node/extensionHostProcess.js:135:9474)
	at m._deliver (/usr/share/vscodium/resources/app/out/vs/workbench/api/node/extensionHostProcess.js:63:2465)
	at m.fire (/usr/share/vscodium/resources/app/out/vs/workbench/api/node/extensionHostProcess.js:63:2784)
	at b.fire (/usr/share/vscodium/resources/app/out/vs/workbench/api/node/extensionHostProcess.js:79:16604)
	at MessagePortMain.<anonymous> (/usr/share/vscodium/resources/app/out/vs/workbench/api/node/extensionHostProcess.js:135:7551)
	at MessagePortMain.emit (node:events:513:28)
	at MessagePortMain._internalPort.emit (node:electron/js2c/utility_init:2:367)
2023-09-16 20:28:47.167 [error] Language client is not ready yet: Error: Language client is not ready yet
	at LanguageClient.sendRequest (/home/coean/.vscode-oss/extensions/rust-lang.rust-0.7.8-universal/node_modules/vscode-languageclient/lib/client.js:1789:19)
	at /home/coean/.vscode-oss/extensions/rust-lang.rust-0.7.8-universal/out/src/providers/signatureHelpProvider.js:35:16
	at new Promise (<anonymous>)
	at SignatureHelpProvider.provideHover (/home/coean/.vscode-oss/extensions/rust-lang.rust-0.7.8-universal/out/src/providers/signatureHelpProvider.js:34:16)
	at SignatureHelpProvider.provideSignatureHelp (/home/coean/.vscode-oss/extensions/rust-lang.rust-0.7.8-universal/out/src/providers/signatureHelpProvider.js:15:25)
	at N.provideSignatureHelp (/usr/share/vscodium/resources/app/out/vs/workbench/api/node/extensionHostProcess.js:109:67644)
	at /usr/share/vscodium/resources/app/out/vs/workbench/api/node/extensionHostProcess.js:109:88842
	at de._withAdapter (/usr/share/vscodium/resources/app/out/vs/workbench/api/node/extensionHostProcess.js:109:77185)
	at de.$provideSignatureHelp (/usr/share/vscodium/resources/app/out/vs/workbench/api/node/extensionHostProcess.js:109:88818)
	at i._doInvokeHandler (/usr/share/vscodium/resources/app/out/vs/workbench/api/node/extensionHostProcess.js:116:13691)
	at i._invokeHandler (/usr/share/vscodium/resources/app/out/vs/workbench/api/node/extensionHostProcess.js:116:13373)
	at i._receiveRequest (/usr/share/vscodium/resources/app/out/vs/workbench/api/node/extensionHostProcess.js:116:12079)
	at i._receiveOneMessage (/usr/share/vscodium/resources/app/out/vs/workbench/api/node/extensionHostProcess.js:116:10830)
	at n.value (/usr/share/vscodium/resources/app/out/vs/workbench/api/node/extensionHostProcess.js:116:8937)
	at m._deliver (/usr/share/vscodium/resources/app/out/vs/workbench/api/node/extensionHostProcess.js:63:2465)
	at m.fire (/usr/share/vscodium/resources/app/out/vs/workbench/api/node/extensionHostProcess.js:63:2784)
	at b.fire (/usr/share/vscodium/resources/app/out/vs/workbench/api/node/extensionHostProcess.js:79:16604)
	at n.value (/usr/share/vscodium/resources/app/out/vs/workbench/api/node/extensionHostProcess.js:135:9474)
	at m._deliver (/usr/share/vscodium/resources/app/out/vs/workbench/api/node/extensionHostProcess.js:63:2465)
	at m.fire (/usr/share/vscodium/resources/app/out/vs/workbench/api/node/extensionHostProcess.js:63:2784)
	at b.fire (/usr/share/vscodium/resources/app/out/vs/workbench/api/node/extensionHostProcess.js:79:16604)
	at MessagePortMain.<anonymous> (/usr/share/vscodium/resources/app/out/vs/workbench/api/node/extensionHostProcess.js:135:7551)
	at MessagePortMain.emit (node:events:513:28)
	at MessagePortMain._internalPort.emit (node:electron/js2c/utility_init:2:367)
2023-09-16 20:29:46.283 [error] Language client is not ready yet: Error: Language client is not ready yet
	at LanguageClient.sendRequest (/home/coean/.vscode-oss/extensions/rust-lang.rust-0.7.8-universal/node_modules/vscode-languageclient/lib/client.js:1789:19)
	at /home/coean/.vscode-oss/extensions/rust-lang.rust-0.7.8-universal/out/src/providers/signatureHelpProvider.js:35:16
	at new Promise (<anonymous>)
	at SignatureHelpProvider.provideHover (/home/coean/.vscode-oss/extensions/rust-lang.rust-0.7.8-universal/out/src/providers/signatureHelpProvider.js:34:16)
	at SignatureHelpProvider.provideSignatureHelp (/home/coean/.vscode-oss/extensions/rust-lang.rust-0.7.8-universal/out/src/providers/signatureHelpProvider.js:15:25)
	at N.provideSignatureHelp (/usr/share/vscodium/resources/app/out/vs/workbench/api/node/extensionHostProcess.js:109:67644)
	at /usr/share/vscodium/resources/app/out/vs/workbench/api/node/extensionHostProcess.js:109:88842
	at de._withAdapter (/usr/share/vscodium/resources/app/out/vs/workbench/api/node/extensionHostProcess.js:109:77185)
	at de.$provideSignatureHelp (/usr/share/vscodium/resources/app/out/vs/workbench/api/node/extensionHostProcess.js:109:88818)
	at i._doInvokeHandler (/usr/share/vscodium/resources/app/out/vs/workbench/api/node/extensionHostProcess.js:116:13691)
	at i._invokeHandler (/usr/share/vscodium/resources/app/out/vs/workbench/api/node/extensionHostProcess.js:116:13373)
	at i._receiveRequest (/usr/share/vscodium/resources/app/out/vs/workbench/api/node/extensionHostProcess.js:116:12079)
	at i._receiveOneMessage (/usr/share/vscodium/resources/app/out/vs/workbench/api/node/extensionHostProcess.js:116:10830)
	at n.value (/usr/share/vscodium/resources/app/out/vs/workbench/api/node/extensionHostProcess.js:116:8937)
	at m._deliver (/usr/share/vscodium/resources/app/out/vs/workbench/api/node/extensionHostProcess.js:63:2465)
	at m.fire (/usr/share/vscodium/resources/app/out/vs/workbench/api/node/extensionHostProcess.js:63:2784)
	at b.fire (/usr/share/vscodium/resources/app/out/vs/workbench/api/node/extensionHostProcess.js:79:16604)
	at n.value (/usr/share/vscodium/resources/app/out/vs/workbench/api/node/extensionHostProcess.js:135:9474)
	at m._deliver (/usr/share/vscodium/resources/app/out/vs/workbench/api/node/extensionHostProcess.js:63:2465)
	at m.fire (/usr/share/vscodium/resources/app/out/vs/workbench/api/node/extensionHostProcess.js:63:2784)
	at b.fire (/usr/share/vscodium/resources/app/out/vs/workbench/api/node/extensionHostProcess.js:79:16604)
	at MessagePortMain.<anonymous> (/usr/share/vscodium/resources/app/out/vs/workbench/api/node/extensionHostProcess.js:135:7551)
	at MessagePortMain.emit (node:events:513:28)
	at MessagePortMain._internalPort.emit (node:electron/js2c/utility_init:2:367)
2023-09-16 20:31:10.052 [error] Language client is not ready yet: Error: Language client is not ready yet
	at LanguageClient.sendRequest (/home/coean/.vscode-oss/extensions/rust-lang.rust-0.7.8-universal/node_modules/vscode-languageclient/lib/client.js:1789:19)
	at /home/coean/.vscode-oss/extensions/rust-lang.rust-0.7.8-universal/out/src/providers/signatureHelpProvider.js:35:16
	at new Promise (<anonymous>)
	at SignatureHelpProvider.provideHover (/home/coean/.vscode-oss/extensions/rust-lang.rust-0.7.8-universal/out/src/providers/signatureHelpProvider.js:34:16)
	at SignatureHelpProvider.provideSignatureHelp (/home/coean/.vscode-oss/extensions/rust-lang.rust-0.7.8-universal/out/src/providers/signatureHelpProvider.js:15:25)
	at N.provideSignatureHelp (/usr/share/vscodium/resources/app/out/vs/workbench/api/node/extensionHostProcess.js:109:67644)
	at /usr/share/vscodium/resources/app/out/vs/workbench/api/node/extensionHostProcess.js:109:88842
	at de._withAdapter (/usr/share/vscodium/resources/app/out/vs/workbench/api/node/extensionHostProcess.js:109:77185)
	at de.$provideSignatureHelp (/usr/share/vscodium/resources/app/out/vs/workbench/api/node/extensionHostProcess.js:109:88818)
	at i._doInvokeHandler (/usr/share/vscodium/resources/app/out/vs/workbench/api/node/extensionHostProcess.js:116:13691)
	at i._invokeHandler (/usr/share/vscodium/resources/app/out/vs/workbench/api/node/extensionHostProcess.js:116:13373)
	at i._receiveRequest (/usr/share/vscodium/resources/app/out/vs/workbench/api/node/extensionHostProcess.js:116:12079)
	at i._receiveOneMessage (/usr/share/vscodium/resources/app/out/vs/workbench/api/node/extensionHostProcess.js:116:10830)
	at n.value (/usr/share/vscodium/resources/app/out/vs/workbench/api/node/extensionHostProcess.js:116:8937)
	at m._deliver (/usr/share/vscodium/resources/app/out/vs/workbench/api/node/extensionHostProcess.js:63:2465)
	at m.fire (/usr/share/vscodium/resources/app/out/vs/workbench/api/node/extensionHostProcess.js:63:2784)
	at b.fire (/usr/share/vscodium/resources/app/out/vs/workbench/api/node/extensionHostProcess.js:79:16604)
	at n.value (/usr/share/vscodium/resources/app/out/vs/workbench/api/node/extensionHostProcess.js:135:9474)
	at m._deliver (/usr/share/vscodium/resources/app/out/vs/workbench/api/node/extensionHostProcess.js:63:2465)
	at m.fire (/usr/share/vscodium/resources/app/out/vs/workbench/api/node/extensionHostProcess.js:63:2784)
	at b.fire (/usr/share/vscodium/resources/app/out/vs/workbench/api/node/extensionHostProcess.js:79:16604)
	at MessagePortMain.<anonymous> (/usr/share/vscodium/resources/app/out/vs/workbench/api/node/extensionHostProcess.js:135:7551)
	at MessagePortMain.emit (node:events:513:28)
	at MessagePortMain._internalPort.emit (node:electron/js2c/utility_init:2:367)
2023-09-16 20:31:36.283 [error] Language client is not ready yet: Error: Language client is not ready yet
	at LanguageClient.sendRequest (/home/coean/.vscode-oss/extensions/rust-lang.rust-0.7.8-universal/node_modules/vscode-languageclient/lib/client.js:1789:19)
	at /home/coean/.vscode-oss/extensions/rust-lang.rust-0.7.8-universal/out/src/providers/signatureHelpProvider.js:35:16
	at new Promise (<anonymous>)
	at SignatureHelpProvider.provideHover (/home/coean/.vscode-oss/extensions/rust-lang.rust-0.7.8-universal/out/src/providers/signatureHelpProvider.js:34:16)
	at SignatureHelpProvider.provideSignatureHelp (/home/coean/.vscode-oss/extensions/rust-lang.rust-0.7.8-universal/out/src/providers/signatureHelpProvider.js:15:25)
	at N.provideSignatureHelp (/usr/share/vscodium/resources/app/out/vs/workbench/api/node/extensionHostProcess.js:109:67644)
	at /usr/share/vscodium/resources/app/out/vs/workbench/api/node/extensionHostProcess.js:109:88842
	at de._withAdapter (/usr/share/vscodium/resources/app/out/vs/workbench/api/node/extensionHostProcess.js:109:77185)
	at de.$provideSignatureHelp (/usr/share/vscodium/resources/app/out/vs/workbench/api/node/extensionHostProcess.js:109:88818)
	at i._doInvokeHandler (/usr/share/vscodium/resources/app/out/vs/workbench/api/node/extensionHostProcess.js:116:13691)
	at i._invokeHandler (/usr/share/vscodium/resources/app/out/vs/workbench/api/node/extensionHostProcess.js:116:13373)
	at i._receiveRequest (/usr/share/vscodium/resources/app/out/vs/workbench/api/node/extensionHostProcess.js:116:12079)
	at i._receiveOneMessage (/usr/share/vscodium/resources/app/out/vs/workbench/api/node/extensionHostProcess.js:116:10830)
	at n.value (/usr/share/vscodium/resources/app/out/vs/workbench/api/node/extensionHostProcess.js:116:8937)
	at m._deliver (/usr/share/vscodium/resources/app/out/vs/workbench/api/node/extensionHostProcess.js:63:2465)
	at m.fire (/usr/share/vscodium/resources/app/out/vs/workbench/api/node/extensionHostProcess.js:63:2784)
	at b.fire (/usr/share/vscodium/resources/app/out/vs/workbench/api/node/extensionHostProcess.js:79:16604)
	at n.value (/usr/share/vscodium/resources/app/out/vs/workbench/api/node/extensionHostProcess.js:135:9474)
	at m._deliver (/usr/share/vscodium/resources/app/out/vs/workbench/api/node/extensionHostProcess.js:63:2465)
	at m.fire (/usr/share/vscodium/resources/app/out/vs/workbench/api/node/extensionHostProcess.js:63:2784)
	at b.fire (/usr/share/vscodium/resources/app/out/vs/workbench/api/node/extensionHostProcess.js:79:16604)
	at MessagePortMain.<anonymous> (/usr/share/vscodium/resources/app/out/vs/workbench/api/node/extensionHostProcess.js:135:7551)
	at MessagePortMain.emit (node:events:513:28)
	at MessagePortMain._internalPort.emit (node:electron/js2c/utility_init:2:367)
2023-09-16 20:31:57.980 [error] Language client is not ready yet: Error: Language client is not ready yet
	at LanguageClient.sendRequest (/home/coean/.vscode-oss/extensions/rust-lang.rust-0.7.8-universal/node_modules/vscode-languageclient/lib/client.js:1789:19)
	at /home/coean/.vscode-oss/extensions/rust-lang.rust-0.7.8-universal/out/src/providers/signatureHelpProvider.js:35:16
	at new Promise (<anonymous>)
	at SignatureHelpProvider.provideHover (/home/coean/.vscode-oss/extensions/rust-lang.rust-0.7.8-universal/out/src/providers/signatureHelpProvider.js:34:16)
	at SignatureHelpProvider.provideSignatureHelp (/home/coean/.vscode-oss/extensions/rust-lang.rust-0.7.8-universal/out/src/providers/signatureHelpProvider.js:15:25)
	at N.provideSignatureHelp (/usr/share/vscodium/resources/app/out/vs/workbench/api/node/extensionHostProcess.js:109:67644)
	at /usr/share/vscodium/resources/app/out/vs/workbench/api/node/extensionHostProcess.js:109:88842
	at de._withAdapter (/usr/share/vscodium/resources/app/out/vs/workbench/api/node/extensionHostProcess.js:109:77185)
	at de.$provideSignatureHelp (/usr/share/vscodium/resources/app/out/vs/workbench/api/node/extensionHostProcess.js:109:88818)
	at i._doInvokeHandler (/usr/share/vscodium/resources/app/out/vs/workbench/api/node/extensionHostProcess.js:116:13691)
	at i._invokeHandler (/usr/share/vscodium/resources/app/out/vs/workbench/api/node/extensionHostProcess.js:116:13373)
	at i._receiveRequest (/usr/share/vscodium/resources/app/out/vs/workbench/api/node/extensionHostProcess.js:116:12079)
	at i._receiveOneMessage (/usr/share/vscodium/resources/app/out/vs/workbench/api/node/extensionHostProcess.js:116:10830)
	at n.value (/usr/share/vscodium/resources/app/out/vs/workbench/api/node/extensionHostProcess.js:116:8937)
	at m._deliver (/usr/share/vscodium/resources/app/out/vs/workbench/api/node/extensionHostProcess.js:63:2465)
	at m.fire (/usr/share/vscodium/resources/app/out/vs/workbench/api/node/extensionHostProcess.js:63:2784)
	at b.fire (/usr/share/vscodium/resources/app/out/vs/workbench/api/node/extensionHostProcess.js:79:16604)
	at n.value (/usr/share/vscodium/resources/app/out/vs/workbench/api/node/extensionHostProcess.js:135:9474)
	at m._deliver (/usr/share/vscodium/resources/app/out/vs/workbench/api/node/extensionHostProcess.js:63:2465)
	at m.fire (/usr/share/vscodium/resources/app/out/vs/workbench/api/node/extensionHostProcess.js:63:2784)
	at b.fire (/usr/share/vscodium/resources/app/out/vs/workbench/api/node/extensionHostProcess.js:79:16604)
	at MessagePortMain.<anonymous> (/usr/share/vscodium/resources/app/out/vs/workbench/api/node/extensionHostProcess.js:135:7551)
	at MessagePortMain.emit (node:events:513:28)
	at MessagePortMain._internalPort.emit (node:electron/js2c/utility_init:2:367)
2023-09-16 20:36:12.799 [error] Language client is not ready yet: Error: Language client is not ready yet
	at LanguageClient.sendRequest (/home/coean/.vscode-oss/extensions/rust-lang.rust-0.7.8-universal/node_modules/vscode-languageclient/lib/client.js:1789:19)
	at /home/coean/.vscode-oss/extensions/rust-lang.rust-0.7.8-universal/out/src/providers/signatureHelpProvider.js:35:16
	at new Promise (<anonymous>)
	at SignatureHelpProvider.provideHover (/home/coean/.vscode-oss/extensions/rust-lang.rust-0.7.8-universal/out/src/providers/signatureHelpProvider.js:34:16)
	at SignatureHelpProvider.provideSignatureHelp (/home/coean/.vscode-oss/extensions/rust-lang.rust-0.7.8-universal/out/src/providers/signatureHelpProvider.js:15:25)
	at N.provideSignatureHelp (/usr/share/vscodium/resources/app/out/vs/workbench/api/node/extensionHostProcess.js:109:67644)
	at /usr/share/vscodium/resources/app/out/vs/workbench/api/node/extensionHostProcess.js:109:88842
	at de._withAdapter (/usr/share/vscodium/resources/app/out/vs/workbench/api/node/extensionHostProcess.js:109:77185)
	at de.$provideSignatureHelp (/usr/share/vscodium/resources/app/out/vs/workbench/api/node/extensionHostProcess.js:109:88818)
	at i._doInvokeHandler (/usr/share/vscodium/resources/app/out/vs/workbench/api/node/extensionHostProcess.js:116:13691)
	at i._invokeHandler (/usr/share/vscodium/resources/app/out/vs/workbench/api/node/extensionHostProcess.js:116:13373)
	at i._receiveRequest (/usr/share/vscodium/resources/app/out/vs/workbench/api/node/extensionHostProcess.js:116:12079)
	at i._receiveOneMessage (/usr/share/vscodium/resources/app/out/vs/workbench/api/node/extensionHostProcess.js:116:10830)
	at n.value (/usr/share/vscodium/resources/app/out/vs/workbench/api/node/extensionHostProcess.js:116:8937)
	at m._deliver (/usr/share/vscodium/resources/app/out/vs/workbench/api/node/extensionHostProcess.js:63:2465)
	at m.fire (/usr/share/vscodium/resources/app/out/vs/workbench/api/node/extensionHostProcess.js:63:2784)
	at b.fire (/usr/share/vscodium/resources/app/out/vs/workbench/api/node/extensionHostProcess.js:79:16604)
	at n.value (/usr/share/vscodium/resources/app/out/vs/workbench/api/node/extensionHostProcess.js:135:9474)
	at m._deliver (/usr/share/vscodium/resources/app/out/vs/workbench/api/node/extensionHostProcess.js:63:2465)
	at m.fire (/usr/share/vscodium/resources/app/out/vs/workbench/api/node/extensionHostProcess.js:63:2784)
	at b.fire (/usr/share/vscodium/resources/app/out/vs/workbench/api/node/extensionHostProcess.js:79:16604)
	at MessagePortMain.<anonymous> (/usr/share/vscodium/resources/app/out/vs/workbench/api/node/extensionHostProcess.js:135:7551)
	at MessagePortMain.emit (node:events:513:28)
	at MessagePortMain._internalPort.emit (node:electron/js2c/utility_init:2:367)
2023-09-16 20:36:26.618 [error] Language client is not ready yet: Error: Language client is not ready yet
	at LanguageClient.sendRequest (/home/coean/.vscode-oss/extensions/rust-lang.rust-0.7.8-universal/node_modules/vscode-languageclient/lib/client.js:1789:19)
	at /home/coean/.vscode-oss/extensions/rust-lang.rust-0.7.8-universal/out/src/providers/signatureHelpProvider.js:35:16
	at new Promise (<anonymous>)
	at SignatureHelpProvider.provideHover (/home/coean/.vscode-oss/extensions/rust-lang.rust-0.7.8-universal/out/src/providers/signatureHelpProvider.js:34:16)
	at SignatureHelpProvider.provideSignatureHelp (/home/coean/.vscode-oss/extensions/rust-lang.rust-0.7.8-universal/out/src/providers/signatureHelpProvider.js:20:29)
	at N.provideSignatureHelp (/usr/share/vscodium/resources/app/out/vs/workbench/api/node/extensionHostProcess.js:109:67644)
	at /usr/share/vscodium/resources/app/out/vs/workbench/api/node/extensionHostProcess.js:109:88842
	at de._withAdapter (/usr/share/vscodium/resources/app/out/vs/workbench/api/node/extensionHostProcess.js:109:77185)
	at de.$provideSignatureHelp (/usr/share/vscodium/resources/app/out/vs/workbench/api/node/extensionHostProcess.js:109:88818)
	at i._doInvokeHandler (/usr/share/vscodium/resources/app/out/vs/workbench/api/node/extensionHostProcess.js:116:13691)
	at i._invokeHandler (/usr/share/vscodium/resources/app/out/vs/workbench/api/node/extensionHostProcess.js:116:13373)
	at i._receiveRequest (/usr/share/vscodium/resources/app/out/vs/workbench/api/node/extensionHostProcess.js:116:12079)
	at i._receiveOneMessage (/usr/share/vscodium/resources/app/out/vs/workbench/api/node/extensionHostProcess.js:116:10830)
	at n.value (/usr/share/vscodium/resources/app/out/vs/workbench/api/node/extensionHostProcess.js:116:8937)
	at m._deliver (/usr/share/vscodium/resources/app/out/vs/workbench/api/node/extensionHostProcess.js:63:2465)
	at m.fire (/usr/share/vscodium/resources/app/out/vs/workbench/api/node/extensionHostProcess.js:63:2784)
	at b.fire (/usr/share/vscodium/resources/app/out/vs/workbench/api/node/extensionHostProcess.js:79:16604)
	at n.value (/usr/share/vscodium/resources/app/out/vs/workbench/api/node/extensionHostProcess.js:135:9474)
	at m._deliver (/usr/share/vscodium/resources/app/out/vs/workbench/api/node/extensionHostProcess.js:63:2465)
	at m.fire (/usr/share/vscodium/resources/app/out/vs/workbench/api/node/extensionHostProcess.js:63:2784)
	at b.fire (/usr/share/vscodium/resources/app/out/vs/workbench/api/node/extensionHostProcess.js:79:16604)
	at MessagePortMain.<anonymous> (/usr/share/vscodium/resources/app/out/vs/workbench/api/node/extensionHostProcess.js:135:7551)
	at MessagePortMain.emit (node:events:513:28)
	at MessagePortMain._internalPort.emit (node:electron/js2c/utility_init:2:367)
2023-09-16 20:36:45.136 [error] Language client is not ready yet: Error: Language client is not ready yet
	at LanguageClient.sendRequest (/home/coean/.vscode-oss/extensions/rust-lang.rust-0.7.8-universal/node_modules/vscode-languageclient/lib/client.js:1789:19)
	at /home/coean/.vscode-oss/extensions/rust-lang.rust-0.7.8-universal/out/src/providers/signatureHelpProvider.js:35:16
	at new Promise (<anonymous>)
	at SignatureHelpProvider.provideHover (/home/coean/.vscode-oss/extensions/rust-lang.rust-0.7.8-universal/out/src/providers/signatureHelpProvider.js:34:16)
	at SignatureHelpProvider.provideSignatureHelp (/home/coean/.vscode-oss/extensions/rust-lang.rust-0.7.8-universal/out/src/providers/signatureHelpProvider.js:15:25)
	at N.provideSignatureHelp (/usr/share/vscodium/resources/app/out/vs/workbench/api/node/extensionHostProcess.js:109:67644)
	at /usr/share/vscodium/resources/app/out/vs/workbench/api/node/extensionHostProcess.js:109:88842
	at de._withAdapter (/usr/share/vscodium/resources/app/out/vs/workbench/api/node/extensionHostProcess.js:109:77185)
	at de.$provideSignatureHelp (/usr/share/vscodium/resources/app/out/vs/workbench/api/node/extensionHostProcess.js:109:88818)
	at i._doInvokeHandler (/usr/share/vscodium/resources/app/out/vs/workbench/api/node/extensionHostProcess.js:116:13691)
	at i._invokeHandler (/usr/share/vscodium/resources/app/out/vs/workbench/api/node/extensionHostProcess.js:116:13373)
	at i._receiveRequest (/usr/share/vscodium/resources/app/out/vs/workbench/api/node/extensionHostProcess.js:116:12079)
	at i._receiveOneMessage (/usr/share/vscodium/resources/app/out/vs/workbench/api/node/extensionHostProcess.js:116:10830)
	at n.value (/usr/share/vscodium/resources/app/out/vs/workbench/api/node/extensionHostProcess.js:116:8937)
	at m._deliver (/usr/share/vscodium/resources/app/out/vs/workbench/api/node/extensionHostProcess.js:63:2465)
	at m.fire (/usr/share/vscodium/resources/app/out/vs/workbench/api/node/extensionHostProcess.js:63:2784)
	at b.fire (/usr/share/vscodium/resources/app/out/vs/workbench/api/node/extensionHostProcess.js:79:16604)
	at n.value (/usr/share/vscodium/resources/app/out/vs/workbench/api/node/extensionHostProcess.js:135:9474)
	at m._deliver (/usr/share/vscodium/resources/app/out/vs/workbench/api/node/extensionHostProcess.js:63:2465)
	at m.fire (/usr/share/vscodium/resources/app/out/vs/workbench/api/node/extensionHostProcess.js:63:2784)
	at b.fire (/usr/share/vscodium/resources/app/out/vs/workbench/api/node/extensionHostProcess.js:79:16604)
	at MessagePortMain.<anonymous> (/usr/share/vscodium/resources/app/out/vs/workbench/api/node/extensionHostProcess.js:135:7551)
	at MessagePortMain.emit (node:events:513:28)
	at MessagePortMain._internalPort.emit (node:electron/js2c/utility_init:2:367)
2023-09-16 20:39:25.730 [error] Language client is not ready yet: Error: Language client is not ready yet
	at LanguageClient.sendRequest (/home/coean/.vscode-oss/extensions/rust-lang.rust-0.7.8-universal/node_modules/vscode-languageclient/lib/client.js:1789:19)
	at /home/coean/.vscode-oss/extensions/rust-lang.rust-0.7.8-universal/out/src/providers/signatureHelpProvider.js:35:16
	at new Promise (<anonymous>)
	at SignatureHelpProvider.provideHover (/home/coean/.vscode-oss/extensions/rust-lang.rust-0.7.8-universal/out/src/providers/signatureHelpProvider.js:34:16)
	at SignatureHelpProvider.provideSignatureHelp (/home/coean/.vscode-oss/extensions/rust-lang.rust-0.7.8-universal/out/src/providers/signatureHelpProvider.js:15:25)
	at N.provideSignatureHelp (/usr/share/vscodium/resources/app/out/vs/workbench/api/node/extensionHostProcess.js:109:67644)
	at /usr/share/vscodium/resources/app/out/vs/workbench/api/node/extensionHostProcess.js:109:88842
	at de._withAdapter (/usr/share/vscodium/resources/app/out/vs/workbench/api/node/extensionHostProcess.js:109:77185)
	at de.$provideSignatureHelp (/usr/share/vscodium/resources/app/out/vs/workbench/api/node/extensionHostProcess.js:109:88818)
	at i._doInvokeHandler (/usr/share/vscodium/resources/app/out/vs/workbench/api/node/extensionHostProcess.js:116:13691)
	at i._invokeHandler (/usr/share/vscodium/resources/app/out/vs/workbench/api/node/extensionHostProcess.js:116:13373)
	at i._receiveRequest (/usr/share/vscodium/resources/app/out/vs/workbench/api/node/extensionHostProcess.js:116:12079)
	at i._receiveOneMessage (/usr/share/vscodium/resources/app/out/vs/workbench/api/node/extensionHostProcess.js:116:10830)
	at n.value (/usr/share/vscodium/resources/app/out/vs/workbench/api/node/extensionHostProcess.js:116:8937)
	at m._deliver (/usr/share/vscodium/resources/app/out/vs/workbench/api/node/extensionHostProcess.js:63:2465)
	at m.fire (/usr/share/vscodium/resources/app/out/vs/workbench/api/node/extensionHostProcess.js:63:2784)
	at b.fire (/usr/share/vscodium/resources/app/out/vs/workbench/api/node/extensionHostProcess.js:79:16604)
	at n.value (/usr/share/vscodium/resources/app/out/vs/workbench/api/node/extensionHostProcess.js:135:9474)
	at m._deliver (/usr/share/vscodium/resources/app/out/vs/workbench/api/node/extensionHostProcess.js:63:2465)
	at m.fire (/usr/share/vscodium/resources/app/out/vs/workbench/api/node/extensionHostProcess.js:63:2784)
	at b.fire (/usr/share/vscodium/resources/app/out/vs/workbench/api/node/extensionHostProcess.js:79:16604)
	at MessagePortMain.<anonymous> (/usr/share/vscodium/resources/app/out/vs/workbench/api/node/extensionHostProcess.js:135:7551)
	at MessagePortMain.emit (node:events:513:28)
	at MessagePortMain._internalPort.emit (node:electron/js2c/utility_init:2:367)
2023-09-16 20:41:21.908 [error] Language client is not ready yet: Error: Language client is not ready yet
	at LanguageClient.sendRequest (/home/coean/.vscode-oss/extensions/rust-lang.rust-0.7.8-universal/node_modules/vscode-languageclient/lib/client.js:1789:19)
	at /home/coean/.vscode-oss/extensions/rust-lang.rust-0.7.8-universal/out/src/providers/signatureHelpProvider.js:35:16
	at new Promise (<anonymous>)
	at SignatureHelpProvider.provideHover (/home/coean/.vscode-oss/extensions/rust-lang.rust-0.7.8-universal/out/src/providers/signatureHelpProvider.js:34:16)
	at SignatureHelpProvider.provideSignatureHelp (/home/coean/.vscode-oss/extensions/rust-lang.rust-0.7.8-universal/out/src/providers/signatureHelpProvider.js:15:25)
	at N.provideSignatureHelp (/usr/share/vscodium/resources/app/out/vs/workbench/api/node/extensionHostProcess.js:109:67644)
	at /usr/share/vscodium/resources/app/out/vs/workbench/api/node/extensionHostProcess.js:109:88842
	at de._withAdapter (/usr/share/vscodium/resources/app/out/vs/workbench/api/node/extensionHostProcess.js:109:77185)
	at de.$provideSignatureHelp (/usr/share/vscodium/resources/app/out/vs/workbench/api/node/extensionHostProcess.js:109:88818)
	at i._doInvokeHandler (/usr/share/vscodium/resources/app/out/vs/workbench/api/node/extensionHostProcess.js:116:13691)
	at i._invokeHandler (/usr/share/vscodium/resources/app/out/vs/workbench/api/node/extensionHostProcess.js:116:13373)
	at i._receiveRequest (/usr/share/vscodium/resources/app/out/vs/workbench/api/node/extensionHostProcess.js:116:12079)
	at i._receiveOneMessage (/usr/share/vscodium/resources/app/out/vs/workbench/api/node/extensionHostProcess.js:116:10830)
	at n.value (/usr/share/vscodium/resources/app/out/vs/workbench/api/node/extensionHostProcess.js:116:8937)
	at m._deliver (/usr/share/vscodium/resources/app/out/vs/workbench/api/node/extensionHostProcess.js:63:2465)
	at m.fire (/usr/share/vscodium/resources/app/out/vs/workbench/api/node/extensionHostProcess.js:63:2784)
	at b.fire (/usr/share/vscodium/resources/app/out/vs/workbench/api/node/extensionHostProcess.js:79:16604)
	at n.value (/usr/share/vscodium/resources/app/out/vs/workbench/api/node/extensionHostProcess.js:135:9474)
	at m._deliver (/usr/share/vscodium/resources/app/out/vs/workbench/api/node/extensionHostProcess.js:63:2465)
	at m.fire (/usr/share/vscodium/resources/app/out/vs/workbench/api/node/extensionHostProcess.js:63:2784)
	at b.fire (/usr/share/vscodium/resources/app/out/vs/workbench/api/node/extensionHostProcess.js:79:16604)
	at MessagePortMain.<anonymous> (/usr/share/vscodium/resources/app/out/vs/workbench/api/node/extensionHostProcess.js:135:7551)
	at MessagePortMain.emit (node:events:513:28)
	at MessagePortMain._internalPort.emit (node:electron/js2c/utility_init:2:367)
2023-09-16 20:42:46.992 [error] Language client is not ready yet: Error: Language client is not ready yet
	at LanguageClient.sendRequest (/home/coean/.vscode-oss/extensions/rust-lang.rust-0.7.8-universal/node_modules/vscode-languageclient/lib/client.js:1789:19)
	at /home/coean/.vscode-oss/extensions/rust-lang.rust-0.7.8-universal/out/src/providers/signatureHelpProvider.js:35:16
	at new Promise (<anonymous>)
	at SignatureHelpProvider.provideHover (/home/coean/.vscode-oss/extensions/rust-lang.rust-0.7.8-universal/out/src/providers/signatureHelpProvider.js:34:16)
	at SignatureHelpProvider.provideSignatureHelp (/home/coean/.vscode-oss/extensions/rust-lang.rust-0.7.8-universal/out/src/providers/signatureHelpProvider.js:15:25)
	at N.provideSignatureHelp (/usr/share/vscodium/resources/app/out/vs/workbench/api/node/extensionHostProcess.js:109:67644)
	at /usr/share/vscodium/resources/app/out/vs/workbench/api/node/extensionHostProcess.js:109:88842
	at de._withAdapter (/usr/share/vscodium/resources/app/out/vs/workbench/api/node/extensionHostProcess.js:109:77185)
	at de.$provideSignatureHelp (/usr/share/vscodium/resources/app/out/vs/workbench/api/node/extensionHostProcess.js:109:88818)
	at i._doInvokeHandler (/usr/share/vscodium/resources/app/out/vs/workbench/api/node/extensionHostProcess.js:116:13691)
	at i._invokeHandler (/usr/share/vscodium/resources/app/out/vs/workbench/api/node/extensionHostProcess.js:116:13373)
	at i._receiveRequest (/usr/share/vscodium/resources/app/out/vs/workbench/api/node/extensionHostProcess.js:116:12079)
	at i._receiveOneMessage (/usr/share/vscodium/resources/app/out/vs/workbench/api/node/extensionHostProcess.js:116:10830)
	at n.value (/usr/share/vscodium/resources/app/out/vs/workbench/api/node/extensionHostProcess.js:116:8937)
	at m._deliver (/usr/share/vscodium/resources/app/out/vs/workbench/api/node/extensionHostProcess.js:63:2465)
	at m.fire (/usr/share/vscodium/resources/app/out/vs/workbench/api/node/extensionHostProcess.js:63:2784)
	at b.fire (/usr/share/vscodium/resources/app/out/vs/workbench/api/node/extensionHostProcess.js:79:16604)
	at n.value (/usr/share/vscodium/resources/app/out/vs/workbench/api/node/extensionHostProcess.js:135:9474)
	at m._deliver (/usr/share/vscodium/resources/app/out/vs/workbench/api/node/extensionHostProcess.js:63:2465)
	at m.fire (/usr/share/vscodium/resources/app/out/vs/workbench/api/node/extensionHostProcess.js:63:2784)
	at b.fire (/usr/share/vscodium/resources/app/out/vs/workbench/api/node/extensionHostProcess.js:79:16604)
	at MessagePortMain.<anonymous> (/usr/share/vscodium/resources/app/out/vs/workbench/api/node/extensionHostProcess.js:135:7551)
	at MessagePortMain.emit (node:events:513:28)
	at MessagePortMain._internalPort.emit (node:electron/js2c/utility_init:2:367)
2023-09-16 20:45:34.047 [error] Language client is not ready yet: Error: Language client is not ready yet
	at LanguageClient.sendRequest (/home/coean/.vscode-oss/extensions/rust-lang.rust-0.7.8-universal/node_modules/vscode-languageclient/lib/client.js:1789:19)
	at /home/coean/.vscode-oss/extensions/rust-lang.rust-0.7.8-universal/out/src/providers/signatureHelpProvider.js:35:16
	at new Promise (<anonymous>)
	at SignatureHelpProvider.provideHover (/home/coean/.vscode-oss/extensions/rust-lang.rust-0.7.8-universal/out/src/providers/signatureHelpProvider.js:34:16)
	at SignatureHelpProvider.provideSignatureHelp (/home/coean/.vscode-oss/extensions/rust-lang.rust-0.7.8-universal/out/src/providers/signatureHelpProvider.js:15:25)
	at N.provideSignatureHelp (/usr/share/vscodium/resources/app/out/vs/workbench/api/node/extensionHostProcess.js:109:67644)
	at /usr/share/vscodium/resources/app/out/vs/workbench/api/node/extensionHostProcess.js:109:88842
	at de._withAdapter (/usr/share/vscodium/resources/app/out/vs/workbench/api/node/extensionHostProcess.js:109:77185)
	at de.$provideSignatureHelp (/usr/share/vscodium/resources/app/out/vs/workbench/api/node/extensionHostProcess.js:109:88818)
	at i._doInvokeHandler (/usr/share/vscodium/resources/app/out/vs/workbench/api/node/extensionHostProcess.js:116:13691)
	at i._invokeHandler (/usr/share/vscodium/resources/app/out/vs/workbench/api/node/extensionHostProcess.js:116:13373)
	at i._receiveRequest (/usr/share/vscodium/resources/app/out/vs/workbench/api/node/extensionHostProcess.js:116:12079)
	at i._receiveOneMessage (/usr/share/vscodium/resources/app/out/vs/workbench/api/node/extensionHostProcess.js:116:10830)
	at n.value (/usr/share/vscodium/resources/app/out/vs/workbench/api/node/extensionHostProcess.js:116:8937)
	at m._deliver (/usr/share/vscodium/resources/app/out/vs/workbench/api/node/extensionHostProcess.js:63:2465)
	at m.fire (/usr/share/vscodium/resources/app/out/vs/workbench/api/node/extensionHostProcess.js:63:2784)
	at b.fire (/usr/share/vscodium/resources/app/out/vs/workbench/api/node/extensionHostProcess.js:79:16604)
	at n.value (/usr/share/vscodium/resources/app/out/vs/workbench/api/node/extensionHostProcess.js:135:9474)
	at m._deliver (/usr/share/vscodium/resources/app/out/vs/workbench/api/node/extensionHostProcess.js:63:2465)
	at m.fire (/usr/share/vscodium/resources/app/out/vs/workbench/api/node/extensionHostProcess.js:63:2784)
	at b.fire (/usr/share/vscodium/resources/app/out/vs/workbench/api/node/extensionHostProcess.js:79:16604)
	at MessagePortMain.<anonymous> (/usr/share/vscodium/resources/app/out/vs/workbench/api/node/extensionHostProcess.js:135:7551)
	at MessagePortMain.emit (node:events:513:28)
	at MessagePortMain._internalPort.emit (node:electron/js2c/utility_init:2:367)
