2023-09-16 20:19:33.797 [info] Extension host with pid 232012 started
2023-09-16 20:19:33.797 [info] Skipping acquiring lock for /home/coean/.config/VSCodium/User/workspaceStorage/2503de965541afc815ab7753981550a6.
2023-09-16 20:19:33.818 [info] ExtensionService#_doActivateExtension vscode.git-base, startup: true, activationEvent: '*', root cause: vscode.git
2023-09-16 20:19:33.820 [info] ExtensionService#_doActivateExtension hbenl.test-adapter-converter, startup: true, activationEvent: '*', root cause: hbenl.vscode-test-explorer
2023-09-16 20:19:33.821 [info] ExtensionService#_doActivateExtension rust-lang.rust, startup: true, activationEvent: 'workspaceContains:Cargo.toml'
2023-09-16 20:19:33.848 [info] ExtensionService#_doActivateExtension serayuzgur.crates, startup: true, activationEvent: 'workspaceContains:Cargo.toml'
2023-09-16 20:19:33.878 [info] ExtensionService#_doActivateExtension vscode.git, startup: true, activationEvent: '*'
2023-09-16 20:19:33.897 [info] ExtensionService#_doActivateExtension vscode.github, startup: true, activationEvent: '*'
2023-09-16 20:19:33.905 [info] ExtensionService#_doActivateExtension hbenl.vscode-test-explorer, startup: true, activationEvent: '*'
2023-09-16 20:19:33.955 [info] ExtensionService#_doActivateExtension Swellaby.vscode-rust-test-adapter, startup: true, activationEvent: '*'
2023-09-16 20:19:33.957 [error] Activating extension Swellaby.vscode-rust-test-adapter failed due to an error:
2023-09-16 20:19:33.957 [error] Error: Cannot find module '/home/coean/.vscode-oss/extensions/swellaby.vscode-rust-test-adapter-0.11.1-universal/src/main.js'
Require stack:
- /usr/share/vscodium/resources/app/out/vs/loader.js
- /usr/share/vscodium/resources/app/out/bootstrap-amd.js
- /usr/share/vscodium/resources/app/out/bootstrap-fork.js
- 
	at Module._resolveFilename (node:internal/modules/cjs/loader:1082:15)
	at o._resolveFilename (node:electron/js2c/utility_init:2:3040)
	at Module._load (node:internal/modules/cjs/loader:927:27)
	at f._load (node:electron/js2c/asar_bundle:2:13330)
	at c._load (/usr/share/vscodium/resources/app/out/vs/workbench/api/node/extensionHostProcess.js:135:6970)
	at m._load (/usr/share/vscodium/resources/app/out/vs/workbench/api/node/extensionHostProcess.js:132:35694)
	at I._load (/usr/share/vscodium/resources/app/out/vs/workbench/api/node/extensionHostProcess.js:99:24572)
	at Module.require (node:internal/modules/cjs/loader:1148:19)
	at require (node:internal/modules/cjs/helpers:110:18)
	at Function.i [as __$__nodeRequire] (/usr/share/vscodium/resources/app/out/vs/loader.js:5:98)
	at n._loadCommonJSModule (/usr/share/vscodium/resources/app/out/vs/workbench/api/node/extensionHostProcess.js:132:37321)
	at async Promise.all (index 0)
2023-09-16 20:19:33.958 [info] Eager extensions activated
2023-09-16 20:19:33.992 [info] ExtensionService#_doActivateExtension vscode.debug-auto-launch, startup: false, activationEvent: 'onStartupFinished'
2023-09-16 20:19:33.994 [info] ExtensionService#_doActivateExtension vscode.merge-conflict, startup: false, activationEvent: 'onStartupFinished'
2023-09-16 20:19:34.038 [info] ExtensionService#_doActivateExtension vscode.github-authentication, startup: false, activationEvent: 'onAuthenticationRequest:github'
2023-09-16 20:20:23.847 [info] Extension host terminating: renderer closed the MessagePort
2023-09-16 20:20:23.852 [error] Canceled: Canceled
	at new d (/usr/share/vscodium/resources/app/out/vs/workbench/api/node/extensionHostProcess.js:107:64223)
	at i._remoteCall (/usr/share/vscodium/resources/app/out/vs/workbench/api/node/extensionHostProcess.js:116:13748)
	at U.<computed>.F.charCodeAt.U.<computed> (/usr/share/vscodium/resources/app/out/vs/workbench/api/node/extensionHostProcess.js:116:10288)
	at r._doExecuteCommand (/usr/share/vscodium/resources/app/out/vs/workbench/api/node/extensionHostProcess.js:107:94560)
	at r.executeCommand (/usr/share/vscodium/resources/app/out/vs/workbench/api/node/extensionHostProcess.js:107:93885)
	at l.registerCommand.description (/usr/share/vscodium/resources/app/out/vs/workbench/api/node/extensionHostProcess.js:107:93126)
	at r._executeContributedCommand (/usr/share/vscodium/resources/app/out/vs/workbench/api/node/extensionHostProcess.js:107:95195)
	at r._doExecuteCommand (/usr/share/vscodium/resources/app/out/vs/workbench/api/node/extensionHostProcess.js:107:94018)
	at r.executeCommand (/usr/share/vscodium/resources/app/out/vs/workbench/api/node/extensionHostProcess.js:107:93885)
	at Object.executeCommand (/usr/share/vscodium/resources/app/out/vs/workbench/api/node/extensionHostProcess.js:122:27416)
	at n.D [as value] (/usr/share/vscodium/resources/app/extensions/git/dist/main.js:2:1308949)
	at m._deliver (/usr/share/vscodium/resources/app/out/vs/workbench/api/node/extensionHostProcess.js:63:2465)
	at m._deliverQueue (/usr/share/vscodium/resources/app/out/vs/workbench/api/node/extensionHostProcess.js:63:2556)
	at m.fire (/usr/share/vscodium/resources/app/out/vs/workbench/api/node/extensionHostProcess.js:63:2891)
	at Object.m [as dispose] (/usr/share/vscodium/resources/app/extensions/git/dist/main.js:2:1324733)
	at /usr/share/vscodium/resources/app/extensions/git/dist/main.js:2:1329574
	at Array.forEach (<anonymous>)
	at g.dispose (/usr/share/vscodium/resources/app/extensions/git/dist/main.js:2:1329560)
	at y.<anonymous> (/usr/share/vscodium/resources/app/out/vs/workbench/api/node/extensionHostProcess.js:103:5042)
	at y.dispose (/usr/share/vscodium/resources/app/out/vs/workbench/api/node/extensionHostProcess.js:103:5139)
	at y.<anonymous> (/usr/share/vscodium/resources/app/extensions/git/dist/main.js:2:1310961)
	at y.dispose (/usr/share/vscodium/resources/app/out/vs/workbench/api/node/extensionHostProcess.js:103:5139)
	at _ (/usr/share/vscodium/resources/app/out/vs/workbench/api/node/extensionHostProcess.js:13:12152)
	at n._deactivate (/usr/share/vscodium/resources/app/out/vs/workbench/api/node/extensionHostProcess.js:118:12619)
	at /usr/share/vscodium/resources/app/out/vs/workbench/api/node/extensionHostProcess.js:118:9852
	at Array.map (<anonymous>)
	at n._deactivateAll (/usr/share/vscodium/resources/app/out/vs/workbench/api/node/extensionHostProcess.js:118:9839)
	at n.terminate (/usr/share/vscodium/resources/app/out/vs/workbench/api/node/extensionHostProcess.js:118:10222)
	at o.terminate (/usr/share/vscodium/resources/app/out/vs/workbench/api/node/extensionHostProcess.js:122:1908)
	at I (/usr/share/vscodium/resources/app/out/vs/workbench/api/node/extensionHostProcess.js:135:11525)
	at MessagePortMain.<anonymous> (/usr/share/vscodium/resources/app/out/vs/workbench/api/node/extensionHostProcess.js:135:7600)
	at MessagePortMain.emit (node:events:513:28)
	at MessagePortMain._internalPort.emit (node:electron/js2c/utility_init:2:367) setContext undefined
2023-09-16 20:20:23.853 [error] Canceled: Canceled
	at new d (/usr/share/vscodium/resources/app/out/vs/workbench/api/node/extensionHostProcess.js:107:64223)
	at i._remoteCall (/usr/share/vscodium/resources/app/out/vs/workbench/api/node/extensionHostProcess.js:116:13748)
	at U.<computed>.F.charCodeAt.U.<computed> (/usr/share/vscodium/resources/app/out/vs/workbench/api/node/extensionHostProcess.js:116:10288)
	at r._doExecuteCommand (/usr/share/vscodium/resources/app/out/vs/workbench/api/node/extensionHostProcess.js:107:94560)
	at r.executeCommand (/usr/share/vscodium/resources/app/out/vs/workbench/api/node/extensionHostProcess.js:107:93885)
	at l.registerCommand.description (/usr/share/vscodium/resources/app/out/vs/workbench/api/node/extensionHostProcess.js:107:93126)
	at r._executeContributedCommand (/usr/share/vscodium/resources/app/out/vs/workbench/api/node/extensionHostProcess.js:107:95195)
	at r._doExecuteCommand (/usr/share/vscodium/resources/app/out/vs/workbench/api/node/extensionHostProcess.js:107:94018)
	at r.executeCommand (/usr/share/vscodium/resources/app/out/vs/workbench/api/node/extensionHostProcess.js:107:93885)
	at Object.executeCommand (/usr/share/vscodium/resources/app/out/vs/workbench/api/node/extensionHostProcess.js:122:27416)
	at set b [as b] (/usr/share/vscodium/resources/app/extensions/github/dist/extension.js:2:714383)
	at /usr/share/vscodium/resources/app/extensions/github/dist/extension.js:2:715024
	at n.value (/usr/share/vscodium/resources/app/extensions/git/dist/main.js:2:1396551)
	at m._deliver (/usr/share/vscodium/resources/app/out/vs/workbench/api/node/extensionHostProcess.js:63:2465)
	at m._deliverQueue (/usr/share/vscodium/resources/app/out/vs/workbench/api/node/extensionHostProcess.js:63:2556)
	at m.fire (/usr/share/vscodium/resources/app/out/vs/workbench/api/node/extensionHostProcess.js:63:2891)
	at Object.m [as dispose] (/usr/share/vscodium/resources/app/extensions/git/dist/main.js:2:1324733)
	at /usr/share/vscodium/resources/app/extensions/git/dist/main.js:2:1329574
	at Array.forEach (<anonymous>)
	at g.dispose (/usr/share/vscodium/resources/app/extensions/git/dist/main.js:2:1329560)
	at y.<anonymous> (/usr/share/vscodium/resources/app/out/vs/workbench/api/node/extensionHostProcess.js:103:5042)
	at y.dispose (/usr/share/vscodium/resources/app/out/vs/workbench/api/node/extensionHostProcess.js:103:5139)
	at y.<anonymous> (/usr/share/vscodium/resources/app/extensions/git/dist/main.js:2:1310961)
	at y.dispose (/usr/share/vscodium/resources/app/out/vs/workbench/api/node/extensionHostProcess.js:103:5139)
	at _ (/usr/share/vscodium/resources/app/out/vs/workbench/api/node/extensionHostProcess.js:13:12152)
	at n._deactivate (/usr/share/vscodium/resources/app/out/vs/workbench/api/node/extensionHostProcess.js:118:12619)
	at /usr/share/vscodium/resources/app/out/vs/workbench/api/node/extensionHostProcess.js:118:9852
	at Array.map (<anonymous>)
	at n._deactivateAll (/usr/share/vscodium/resources/app/out/vs/workbench/api/node/extensionHostProcess.js:118:9839)
	at n.terminate (/usr/share/vscodium/resources/app/out/vs/workbench/api/node/extensionHostProcess.js:118:10222)
	at o.terminate (/usr/share/vscodium/resources/app/out/vs/workbench/api/node/extensionHostProcess.js:122:1908)
	at I (/usr/share/vscodium/resources/app/out/vs/workbench/api/node/extensionHostProcess.js:135:11525)
	at MessagePortMain.<anonymous> (/usr/share/vscodium/resources/app/out/vs/workbench/api/node/extensionHostProcess.js:135:7600)
	at MessagePortMain.emit (node:events:513:28)
	at MessagePortMain._internalPort.emit (node:electron/js2c/utility_init:2:367) setContext undefined
2023-09-16 20:20:23.853 [info] Extension host with pid 232012 exiting with code 0
