2023-09-16 20:20:38.182 [info] Extension host with pid 232832 started
2023-09-16 20:20:38.182 [info] Skipping acquiring lock for /home/coean/.config/VSCodium/User/workspaceStorage/3fabba001b5b13b66d5a2f77c3462a91.
2023-09-16 20:20:38.254 [info] ExtensionService#_doActivateExtension vscode.emmet, startup: false, activationEvent: 'onLanguage'
2023-09-16 20:20:38.259 [info] ExtensionService#_doActivateExtension rust-lang.rust, startup: false, activationEvent: 'onLanguage:rust'
2023-09-16 20:20:38.276 [info] ExtensionService#_doActivateExtension rust-lang.rust-analyzer, startup: false, activationEvent: 'onLanguage:rust'
2023-09-16 20:20:38.679 [info] ExtensionService#_doActivateExtension vscode.git-base, startup: true, activationEvent: '*', root cause: vscode.git
2023-09-16 20:20:38.681 [info] ExtensionService#_doActivateExtension hbenl.test-adapter-converter, startup: true, activationEvent: '*', root cause: hbenl.vscode-test-explorer
2023-09-16 20:20:38.682 [info] ExtensionService#_doActivateExtension serayuzgur.crates, startup: true, activationEvent: 'workspaceContains:Cargo.toml'
2023-09-16 20:20:38.728 [info] ExtensionService#_doActivateExtension vscode.git, startup: true, activationEvent: '*'
2023-09-16 20:20:38.740 [info] ExtensionService#_doActivateExtension vscode.github, startup: true, activationEvent: '*'
2023-09-16 20:20:38.746 [info] ExtensionService#_doActivateExtension hbenl.vscode-test-explorer, startup: true, activationEvent: '*'
2023-09-16 20:20:38.786 [info] ExtensionService#_doActivateExtension Swellaby.vscode-rust-test-adapter, startup: true, activationEvent: '*'
2023-09-16 20:20:38.788 [error] Activating extension Swellaby.vscode-rust-test-adapter failed due to an error:
2023-09-16 20:20:38.788 [error] Error: Cannot find module '/home/coean/.vscode-oss/extensions/swellaby.vscode-rust-test-adapter-0.11.1-universal/src/main.js'
Require stack:
- /usr/share/vscodium/resources/app/out/vs/loader.js
- /usr/share/vscodium/resources/app/out/bootstrap-amd.js
- /usr/share/vscodium/resources/app/out/bootstrap-fork.js
- 
	at Module._resolveFilename (node:internal/modules/cjs/loader:1082:15)
	at o._resolveFilename (node:electron/js2c/utility_init:2:3040)
	at Module._load (node:internal/modules/cjs/loader:927:27)
	at f._load (node:electron/js2c/asar_bundle:2:13330)
	at c._load (/usr/share/vscodium/resources/app/out/vs/workbench/api/node/extensionHostProcess.js:135:6970)
	at m._load (/usr/share/vscodium/resources/app/out/vs/workbench/api/node/extensionHostProcess.js:132:35694)
	at I._load (/usr/share/vscodium/resources/app/out/vs/workbench/api/node/extensionHostProcess.js:99:24572)
	at Module.require (node:internal/modules/cjs/loader:1148:19)
	at require (node:internal/modules/cjs/helpers:110:18)
	at Function.i [as __$__nodeRequire] (/usr/share/vscodium/resources/app/out/vs/loader.js:5:98)
	at n._loadCommonJSModule (/usr/share/vscodium/resources/app/out/vs/workbench/api/node/extensionHostProcess.js:132:37321)
	at async Promise.all (index 0)
2023-09-16 20:20:38.788 [info] Eager extensions activated
2023-09-16 20:20:38.814 [info] ExtensionService#_doActivateExtension vscode.debug-auto-launch, startup: false, activationEvent: 'onStartupFinished'
2023-09-16 20:20:38.815 [info] ExtensionService#_doActivateExtension vscode.merge-conflict, startup: false, activationEvent: 'onStartupFinished'
2023-09-16 20:20:38.884 [info] ExtensionService#_doActivateExtension vscode.github-authentication, startup: false, activationEvent: 'onAuthenticationRequest:github'
2023-09-16 20:22:13.268 [error] [rust-lang.rust] provider FAILED
2023-09-16 20:22:13.268 [error] Error: Language client is not ready yet
	at LanguageClient.sendRequest (/home/coean/.vscode-oss/extensions/rust-lang.rust-0.7.8-universal/node_modules/vscode-languageclient/lib/client.js:1789:19)
	at /home/coean/.vscode-oss/extensions/rust-lang.rust-0.7.8-universal/out/src/providers/signatureHelpProvider.js:35:16
	at new Promise (<anonymous>)
	at SignatureHelpProvider.provideHover (/home/coean/.vscode-oss/extensions/rust-lang.rust-0.7.8-universal/out/src/providers/signatureHelpProvider.js:34:16)
	at SignatureHelpProvider.provideSignatureHelp (/home/coean/.vscode-oss/extensions/rust-lang.rust-0.7.8-universal/out/src/providers/signatureHelpProvider.js:15:25)
	at N.provideSignatureHelp (/usr/share/vscodium/resources/app/out/vs/workbench/api/node/extensionHostProcess.js:109:67644)
	at /usr/share/vscodium/resources/app/out/vs/workbench/api/node/extensionHostProcess.js:109:88842
	at de._withAdapter (/usr/share/vscodium/resources/app/out/vs/workbench/api/node/extensionHostProcess.js:109:77185)
	at de.$provideSignatureHelp (/usr/share/vscodium/resources/app/out/vs/workbench/api/node/extensionHostProcess.js:109:88818)
	at i._doInvokeHandler (/usr/share/vscodium/resources/app/out/vs/workbench/api/node/extensionHostProcess.js:116:13691)
	at i._invokeHandler (/usr/share/vscodium/resources/app/out/vs/workbench/api/node/extensionHostProcess.js:116:13373)
	at i._receiveRequest (/usr/share/vscodium/resources/app/out/vs/workbench/api/node/extensionHostProcess.js:116:12079)
	at i._receiveOneMessage (/usr/share/vscodium/resources/app/out/vs/workbench/api/node/extensionHostProcess.js:116:10830)
	at n.value (/usr/share/vscodium/resources/app/out/vs/workbench/api/node/extensionHostProcess.js:116:8937)
	at m._deliver (/usr/share/vscodium/resources/app/out/vs/workbench/api/node/extensionHostProcess.js:63:2465)
	at m.fire (/usr/share/vscodium/resources/app/out/vs/workbench/api/node/extensionHostProcess.js:63:2784)
	at b.fire (/usr/share/vscodium/resources/app/out/vs/workbench/api/node/extensionHostProcess.js:79:16604)
	at n.value (/usr/share/vscodium/resources/app/out/vs/workbench/api/node/extensionHostProcess.js:135:9474)
	at m._deliver (/usr/share/vscodium/resources/app/out/vs/workbench/api/node/extensionHostProcess.js:63:2465)
	at m.fire (/usr/share/vscodium/resources/app/out/vs/workbench/api/node/extensionHostProcess.js:63:2784)
	at b.fire (/usr/share/vscodium/resources/app/out/vs/workbench/api/node/extensionHostProcess.js:79:16604)
	at MessagePortMain.<anonymous> (/usr/share/vscodium/resources/app/out/vs/workbench/api/node/extensionHostProcess.js:135:7551)
	at MessagePortMain.emit (node:events:513:28)
	at MessagePortMain._internalPort.emit (node:electron/js2c/utility_init:2:367)
2023-09-16 20:23:16.827 [error] [rust-lang.rust] provider FAILED
2023-09-16 20:23:16.827 [error] Error: Language client is not ready yet
	at LanguageClient.sendRequest (/home/coean/.vscode-oss/extensions/rust-lang.rust-0.7.8-universal/node_modules/vscode-languageclient/lib/client.js:1789:19)
	at /home/coean/.vscode-oss/extensions/rust-lang.rust-0.7.8-universal/out/src/providers/signatureHelpProvider.js:35:16
	at new Promise (<anonymous>)
	at SignatureHelpProvider.provideHover (/home/coean/.vscode-oss/extensions/rust-lang.rust-0.7.8-universal/out/src/providers/signatureHelpProvider.js:34:16)
	at SignatureHelpProvider.provideSignatureHelp (/home/coean/.vscode-oss/extensions/rust-lang.rust-0.7.8-universal/out/src/providers/signatureHelpProvider.js:15:25)
	at N.provideSignatureHelp (/usr/share/vscodium/resources/app/out/vs/workbench/api/node/extensionHostProcess.js:109:67644)
	at /usr/share/vscodium/resources/app/out/vs/workbench/api/node/extensionHostProcess.js:109:88842
	at de._withAdapter (/usr/share/vscodium/resources/app/out/vs/workbench/api/node/extensionHostProcess.js:109:77185)
	at de.$provideSignatureHelp (/usr/share/vscodium/resources/app/out/vs/workbench/api/node/extensionHostProcess.js:109:88818)
	at i._doInvokeHandler (/usr/share/vscodium/resources/app/out/vs/workbench/api/node/extensionHostProcess.js:116:13691)
	at i._invokeHandler (/usr/share/vscodium/resources/app/out/vs/workbench/api/node/extensionHostProcess.js:116:13373)
	at i._receiveRequest (/usr/share/vscodium/resources/app/out/vs/workbench/api/node/extensionHostProcess.js:116:12079)
	at i._receiveOneMessage (/usr/share/vscodium/resources/app/out/vs/workbench/api/node/extensionHostProcess.js:116:10830)
	at n.value (/usr/share/vscodium/resources/app/out/vs/workbench/api/node/extensionHostProcess.js:116:8937)
	at m._deliver (/usr/share/vscodium/resources/app/out/vs/workbench/api/node/extensionHostProcess.js:63:2465)
	at m.fire (/usr/share/vscodium/resources/app/out/vs/workbench/api/node/extensionHostProcess.js:63:2784)
	at b.fire (/usr/share/vscodium/resources/app/out/vs/workbench/api/node/extensionHostProcess.js:79:16604)
	at n.value (/usr/share/vscodium/resources/app/out/vs/workbench/api/node/extensionHostProcess.js:135:9474)
	at m._deliver (/usr/share/vscodium/resources/app/out/vs/workbench/api/node/extensionHostProcess.js:63:2465)
	at m.fire (/usr/share/vscodium/resources/app/out/vs/workbench/api/node/extensionHostProcess.js:63:2784)
	at b.fire (/usr/share/vscodium/resources/app/out/vs/workbench/api/node/extensionHostProcess.js:79:16604)
	at MessagePortMain.<anonymous> (/usr/share/vscodium/resources/app/out/vs/workbench/api/node/extensionHostProcess.js:135:7551)
	at MessagePortMain.emit (node:events:513:28)
	at MessagePortMain._internalPort.emit (node:electron/js2c/utility_init:2:367)
2023-09-16 20:25:42.025 [error] [rust-lang.rust] provider FAILED
2023-09-16 20:25:42.025 [error] Error: Language client is not ready yet
	at LanguageClient.sendRequest (/home/coean/.vscode-oss/extensions/rust-lang.rust-0.7.8-universal/node_modules/vscode-languageclient/lib/client.js:1789:19)
	at /home/coean/.vscode-oss/extensions/rust-lang.rust-0.7.8-universal/out/src/providers/signatureHelpProvider.js:35:16
	at new Promise (<anonymous>)
	at SignatureHelpProvider.provideHover (/home/coean/.vscode-oss/extensions/rust-lang.rust-0.7.8-universal/out/src/providers/signatureHelpProvider.js:34:16)
	at SignatureHelpProvider.provideSignatureHelp (/home/coean/.vscode-oss/extensions/rust-lang.rust-0.7.8-universal/out/src/providers/signatureHelpProvider.js:15:25)
	at N.provideSignatureHelp (/usr/share/vscodium/resources/app/out/vs/workbench/api/node/extensionHostProcess.js:109:67644)
	at /usr/share/vscodium/resources/app/out/vs/workbench/api/node/extensionHostProcess.js:109:88842
	at de._withAdapter (/usr/share/vscodium/resources/app/out/vs/workbench/api/node/extensionHostProcess.js:109:77185)
	at de.$provideSignatureHelp (/usr/share/vscodium/resources/app/out/vs/workbench/api/node/extensionHostProcess.js:109:88818)
	at i._doInvokeHandler (/usr/share/vscodium/resources/app/out/vs/workbench/api/node/extensionHostProcess.js:116:13691)
	at i._invokeHandler (/usr/share/vscodium/resources/app/out/vs/workbench/api/node/extensionHostProcess.js:116:13373)
	at i._receiveRequest (/usr/share/vscodium/resources/app/out/vs/workbench/api/node/extensionHostProcess.js:116:12079)
	at i._receiveOneMessage (/usr/share/vscodium/resources/app/out/vs/workbench/api/node/extensionHostProcess.js:116:10830)
	at n.value (/usr/share/vscodium/resources/app/out/vs/workbench/api/node/extensionHostProcess.js:116:8937)
	at m._deliver (/usr/share/vscodium/resources/app/out/vs/workbench/api/node/extensionHostProcess.js:63:2465)
	at m.fire (/usr/share/vscodium/resources/app/out/vs/workbench/api/node/extensionHostProcess.js:63:2784)
	at b.fire (/usr/share/vscodium/resources/app/out/vs/workbench/api/node/extensionHostProcess.js:79:16604)
	at n.value (/usr/share/vscodium/resources/app/out/vs/workbench/api/node/extensionHostProcess.js:135:9474)
	at m._deliver (/usr/share/vscodium/resources/app/out/vs/workbench/api/node/extensionHostProcess.js:63:2465)
	at m.fire (/usr/share/vscodium/resources/app/out/vs/workbench/api/node/extensionHostProcess.js:63:2784)
	at b.fire (/usr/share/vscodium/resources/app/out/vs/workbench/api/node/extensionHostProcess.js:79:16604)
	at MessagePortMain.<anonymous> (/usr/share/vscodium/resources/app/out/vs/workbench/api/node/extensionHostProcess.js:135:7551)
	at MessagePortMain.emit (node:events:513:28)
	at MessagePortMain._internalPort.emit (node:electron/js2c/utility_init:2:367)
2023-09-16 20:25:44.404 [error] [rust-lang.rust] provider FAILED
2023-09-16 20:25:44.404 [error] Error: Language client is not ready yet
	at LanguageClient.sendRequest (/home/coean/.vscode-oss/extensions/rust-lang.rust-0.7.8-universal/node_modules/vscode-languageclient/lib/client.js:1789:19)
	at /home/coean/.vscode-oss/extensions/rust-lang.rust-0.7.8-universal/out/src/providers/signatureHelpProvider.js:35:16
	at new Promise (<anonymous>)
	at SignatureHelpProvider.provideHover (/home/coean/.vscode-oss/extensions/rust-lang.rust-0.7.8-universal/out/src/providers/signatureHelpProvider.js:34:16)
	at SignatureHelpProvider.provideSignatureHelp (/home/coean/.vscode-oss/extensions/rust-lang.rust-0.7.8-universal/out/src/providers/signatureHelpProvider.js:20:29)
	at N.provideSignatureHelp (/usr/share/vscodium/resources/app/out/vs/workbench/api/node/extensionHostProcess.js:109:67644)
	at /usr/share/vscodium/resources/app/out/vs/workbench/api/node/extensionHostProcess.js:109:88842
	at de._withAdapter (/usr/share/vscodium/resources/app/out/vs/workbench/api/node/extensionHostProcess.js:109:77185)
	at de.$provideSignatureHelp (/usr/share/vscodium/resources/app/out/vs/workbench/api/node/extensionHostProcess.js:109:88818)
	at i._doInvokeHandler (/usr/share/vscodium/resources/app/out/vs/workbench/api/node/extensionHostProcess.js:116:13691)
	at i._invokeHandler (/usr/share/vscodium/resources/app/out/vs/workbench/api/node/extensionHostProcess.js:116:13373)
	at i._receiveRequest (/usr/share/vscodium/resources/app/out/vs/workbench/api/node/extensionHostProcess.js:116:12079)
	at i._receiveOneMessage (/usr/share/vscodium/resources/app/out/vs/workbench/api/node/extensionHostProcess.js:116:10830)
	at n.value (/usr/share/vscodium/resources/app/out/vs/workbench/api/node/extensionHostProcess.js:116:8937)
	at m._deliver (/usr/share/vscodium/resources/app/out/vs/workbench/api/node/extensionHostProcess.js:63:2465)
	at m.fire (/usr/share/vscodium/resources/app/out/vs/workbench/api/node/extensionHostProcess.js:63:2784)
	at b.fire (/usr/share/vscodium/resources/app/out/vs/workbench/api/node/extensionHostProcess.js:79:16604)
	at n.value (/usr/share/vscodium/resources/app/out/vs/workbench/api/node/extensionHostProcess.js:135:9474)
	at m._deliver (/usr/share/vscodium/resources/app/out/vs/workbench/api/node/extensionHostProcess.js:63:2465)
	at m.fire (/usr/share/vscodium/resources/app/out/vs/workbench/api/node/extensionHostProcess.js:63:2784)
	at b.fire (/usr/share/vscodium/resources/app/out/vs/workbench/api/node/extensionHostProcess.js:79:16604)
	at MessagePortMain.<anonymous> (/usr/share/vscodium/resources/app/out/vs/workbench/api/node/extensionHostProcess.js:135:7551)
	at MessagePortMain.emit (node:events:513:28)
	at MessagePortMain._internalPort.emit (node:electron/js2c/utility_init:2:367)
2023-09-16 20:25:57.324 [error] [rust-lang.rust] provider FAILED
2023-09-16 20:25:57.324 [error] Error: Language client is not ready yet
	at LanguageClient.sendRequest (/home/coean/.vscode-oss/extensions/rust-lang.rust-0.7.8-universal/node_modules/vscode-languageclient/lib/client.js:1789:19)
	at /home/coean/.vscode-oss/extensions/rust-lang.rust-0.7.8-universal/out/src/providers/signatureHelpProvider.js:35:16
	at new Promise (<anonymous>)
	at SignatureHelpProvider.provideHover (/home/coean/.vscode-oss/extensions/rust-lang.rust-0.7.8-universal/out/src/providers/signatureHelpProvider.js:34:16)
	at SignatureHelpProvider.provideSignatureHelp (/home/coean/.vscode-oss/extensions/rust-lang.rust-0.7.8-universal/out/src/providers/signatureHelpProvider.js:15:25)
	at N.provideSignatureHelp (/usr/share/vscodium/resources/app/out/vs/workbench/api/node/extensionHostProcess.js:109:67644)
	at /usr/share/vscodium/resources/app/out/vs/workbench/api/node/extensionHostProcess.js:109:88842
	at de._withAdapter (/usr/share/vscodium/resources/app/out/vs/workbench/api/node/extensionHostProcess.js:109:77185)
	at de.$provideSignatureHelp (/usr/share/vscodium/resources/app/out/vs/workbench/api/node/extensionHostProcess.js:109:88818)
	at i._doInvokeHandler (/usr/share/vscodium/resources/app/out/vs/workbench/api/node/extensionHostProcess.js:116:13691)
	at i._invokeHandler (/usr/share/vscodium/resources/app/out/vs/workbench/api/node/extensionHostProcess.js:116:13373)
	at i._receiveRequest (/usr/share/vscodium/resources/app/out/vs/workbench/api/node/extensionHostProcess.js:116:12079)
	at i._receiveOneMessage (/usr/share/vscodium/resources/app/out/vs/workbench/api/node/extensionHostProcess.js:116:10830)
	at n.value (/usr/share/vscodium/resources/app/out/vs/workbench/api/node/extensionHostProcess.js:116:8937)
	at m._deliver (/usr/share/vscodium/resources/app/out/vs/workbench/api/node/extensionHostProcess.js:63:2465)
	at m.fire (/usr/share/vscodium/resources/app/out/vs/workbench/api/node/extensionHostProcess.js:63:2784)
	at b.fire (/usr/share/vscodium/resources/app/out/vs/workbench/api/node/extensionHostProcess.js:79:16604)
	at n.value (/usr/share/vscodium/resources/app/out/vs/workbench/api/node/extensionHostProcess.js:135:9474)
	at m._deliver (/usr/share/vscodium/resources/app/out/vs/workbench/api/node/extensionHostProcess.js:63:2465)
	at m.fire (/usr/share/vscodium/resources/app/out/vs/workbench/api/node/extensionHostProcess.js:63:2784)
	at b.fire (/usr/share/vscodium/resources/app/out/vs/workbench/api/node/extensionHostProcess.js:79:16604)
	at MessagePortMain.<anonymous> (/usr/share/vscodium/resources/app/out/vs/workbench/api/node/extensionHostProcess.js:135:7551)
	at MessagePortMain.emit (node:events:513:28)
	at MessagePortMain._internalPort.emit (node:electron/js2c/utility_init:2:367)
2023-09-16 20:26:47.194 [error] [rust-lang.rust] provider FAILED
2023-09-16 20:26:47.194 [error] Error: Language client is not ready yet
	at LanguageClient.sendRequest (/home/coean/.vscode-oss/extensions/rust-lang.rust-0.7.8-universal/node_modules/vscode-languageclient/lib/client.js:1789:19)
	at /home/coean/.vscode-oss/extensions/rust-lang.rust-0.7.8-universal/out/src/providers/signatureHelpProvider.js:35:16
	at new Promise (<anonymous>)
	at SignatureHelpProvider.provideHover (/home/coean/.vscode-oss/extensions/rust-lang.rust-0.7.8-universal/out/src/providers/signatureHelpProvider.js:34:16)
	at SignatureHelpProvider.provideSignatureHelp (/home/coean/.vscode-oss/extensions/rust-lang.rust-0.7.8-universal/out/src/providers/signatureHelpProvider.js:15:25)
	at N.provideSignatureHelp (/usr/share/vscodium/resources/app/out/vs/workbench/api/node/extensionHostProcess.js:109:67644)
	at /usr/share/vscodium/resources/app/out/vs/workbench/api/node/extensionHostProcess.js:109:88842
	at de._withAdapter (/usr/share/vscodium/resources/app/out/vs/workbench/api/node/extensionHostProcess.js:109:77185)
	at de.$provideSignatureHelp (/usr/share/vscodium/resources/app/out/vs/workbench/api/node/extensionHostProcess.js:109:88818)
	at i._doInvokeHandler (/usr/share/vscodium/resources/app/out/vs/workbench/api/node/extensionHostProcess.js:116:13691)
	at i._invokeHandler (/usr/share/vscodium/resources/app/out/vs/workbench/api/node/extensionHostProcess.js:116:13373)
	at i._receiveRequest (/usr/share/vscodium/resources/app/out/vs/workbench/api/node/extensionHostProcess.js:116:12079)
	at i._receiveOneMessage (/usr/share/vscodium/resources/app/out/vs/workbench/api/node/extensionHostProcess.js:116:10830)
	at n.value (/usr/share/vscodium/resources/app/out/vs/workbench/api/node/extensionHostProcess.js:116:8937)
	at m._deliver (/usr/share/vscodium/resources/app/out/vs/workbench/api/node/extensionHostProcess.js:63:2465)
	at m.fire (/usr/share/vscodium/resources/app/out/vs/workbench/api/node/extensionHostProcess.js:63:2784)
	at b.fire (/usr/share/vscodium/resources/app/out/vs/workbench/api/node/extensionHostProcess.js:79:16604)
	at n.value (/usr/share/vscodium/resources/app/out/vs/workbench/api/node/extensionHostProcess.js:135:9474)
	at m._deliver (/usr/share/vscodium/resources/app/out/vs/workbench/api/node/extensionHostProcess.js:63:2465)
	at m.fire (/usr/share/vscodium/resources/app/out/vs/workbench/api/node/extensionHostProcess.js:63:2784)
	at b.fire (/usr/share/vscodium/resources/app/out/vs/workbench/api/node/extensionHostProcess.js:79:16604)
	at MessagePortMain.<anonymous> (/usr/share/vscodium/resources/app/out/vs/workbench/api/node/extensionHostProcess.js:135:7551)
	at MessagePortMain.emit (node:events:513:28)
	at MessagePortMain._internalPort.emit (node:electron/js2c/utility_init:2:367)
2023-09-16 20:27:39.407 [error] [rust-lang.rust] provider FAILED
2023-09-16 20:27:39.407 [error] Error: Language client is not ready yet
	at LanguageClient.sendRequest (/home/coean/.vscode-oss/extensions/rust-lang.rust-0.7.8-universal/node_modules/vscode-languageclient/lib/client.js:1789:19)
	at /home/coean/.vscode-oss/extensions/rust-lang.rust-0.7.8-universal/out/src/providers/signatureHelpProvider.js:35:16
	at new Promise (<anonymous>)
	at SignatureHelpProvider.provideHover (/home/coean/.vscode-oss/extensions/rust-lang.rust-0.7.8-universal/out/src/providers/signatureHelpProvider.js:34:16)
	at SignatureHelpProvider.provideSignatureHelp (/home/coean/.vscode-oss/extensions/rust-lang.rust-0.7.8-universal/out/src/providers/signatureHelpProvider.js:15:25)
	at N.provideSignatureHelp (/usr/share/vscodium/resources/app/out/vs/workbench/api/node/extensionHostProcess.js:109:67644)
	at /usr/share/vscodium/resources/app/out/vs/workbench/api/node/extensionHostProcess.js:109:88842
	at de._withAdapter (/usr/share/vscodium/resources/app/out/vs/workbench/api/node/extensionHostProcess.js:109:77185)
	at de.$provideSignatureHelp (/usr/share/vscodium/resources/app/out/vs/workbench/api/node/extensionHostProcess.js:109:88818)
	at i._doInvokeHandler (/usr/share/vscodium/resources/app/out/vs/workbench/api/node/extensionHostProcess.js:116:13691)
	at i._invokeHandler (/usr/share/vscodium/resources/app/out/vs/workbench/api/node/extensionHostProcess.js:116:13373)
	at i._receiveRequest (/usr/share/vscodium/resources/app/out/vs/workbench/api/node/extensionHostProcess.js:116:12079)
	at i._receiveOneMessage (/usr/share/vscodium/resources/app/out/vs/workbench/api/node/extensionHostProcess.js:116:10830)
	at n.value (/usr/share/vscodium/resources/app/out/vs/workbench/api/node/extensionHostProcess.js:116:8937)
	at m._deliver (/usr/share/vscodium/resources/app/out/vs/workbench/api/node/extensionHostProcess.js:63:2465)
	at m.fire (/usr/share/vscodium/resources/app/out/vs/workbench/api/node/extensionHostProcess.js:63:2784)
	at b.fire (/usr/share/vscodium/resources/app/out/vs/workbench/api/node/extensionHostProcess.js:79:16604)
	at n.value (/usr/share/vscodium/resources/app/out/vs/workbench/api/node/extensionHostProcess.js:135:9474)
	at m._deliver (/usr/share/vscodium/resources/app/out/vs/workbench/api/node/extensionHostProcess.js:63:2465)
	at m.fire (/usr/share/vscodium/resources/app/out/vs/workbench/api/node/extensionHostProcess.js:63:2784)
	at b.fire (/usr/share/vscodium/resources/app/out/vs/workbench/api/node/extensionHostProcess.js:79:16604)
	at MessagePortMain.<anonymous> (/usr/share/vscodium/resources/app/out/vs/workbench/api/node/extensionHostProcess.js:135:7551)
	at MessagePortMain.emit (node:events:513:28)
	at MessagePortMain._internalPort.emit (node:electron/js2c/utility_init:2:367)
2023-09-16 20:27:53.750 [error] [rust-lang.rust] provider FAILED
2023-09-16 20:27:53.750 [error] Error: Language client is not ready yet
	at LanguageClient.sendRequest (/home/coean/.vscode-oss/extensions/rust-lang.rust-0.7.8-universal/node_modules/vscode-languageclient/lib/client.js:1789:19)
	at /home/coean/.vscode-oss/extensions/rust-lang.rust-0.7.8-universal/out/src/providers/signatureHelpProvider.js:35:16
	at new Promise (<anonymous>)
	at SignatureHelpProvider.provideHover (/home/coean/.vscode-oss/extensions/rust-lang.rust-0.7.8-universal/out/src/providers/signatureHelpProvider.js:34:16)
	at SignatureHelpProvider.provideSignatureHelp (/home/coean/.vscode-oss/extensions/rust-lang.rust-0.7.8-universal/out/src/providers/signatureHelpProvider.js:15:25)
	at N.provideSignatureHelp (/usr/share/vscodium/resources/app/out/vs/workbench/api/node/extensionHostProcess.js:109:67644)
	at /usr/share/vscodium/resources/app/out/vs/workbench/api/node/extensionHostProcess.js:109:88842
	at de._withAdapter (/usr/share/vscodium/resources/app/out/vs/workbench/api/node/extensionHostProcess.js:109:77185)
	at de.$provideSignatureHelp (/usr/share/vscodium/resources/app/out/vs/workbench/api/node/extensionHostProcess.js:109:88818)
	at i._doInvokeHandler (/usr/share/vscodium/resources/app/out/vs/workbench/api/node/extensionHostProcess.js:116:13691)
	at i._invokeHandler (/usr/share/vscodium/resources/app/out/vs/workbench/api/node/extensionHostProcess.js:116:13373)
	at i._receiveRequest (/usr/share/vscodium/resources/app/out/vs/workbench/api/node/extensionHostProcess.js:116:12079)
	at i._receiveOneMessage (/usr/share/vscodium/resources/app/out/vs/workbench/api/node/extensionHostProcess.js:116:10830)
	at n.value (/usr/share/vscodium/resources/app/out/vs/workbench/api/node/extensionHostProcess.js:116:8937)
	at m._deliver (/usr/share/vscodium/resources/app/out/vs/workbench/api/node/extensionHostProcess.js:63:2465)
	at m.fire (/usr/share/vscodium/resources/app/out/vs/workbench/api/node/extensionHostProcess.js:63:2784)
	at b.fire (/usr/share/vscodium/resources/app/out/vs/workbench/api/node/extensionHostProcess.js:79:16604)
	at n.value (/usr/share/vscodium/resources/app/out/vs/workbench/api/node/extensionHostProcess.js:135:9474)
	at m._deliver (/usr/share/vscodium/resources/app/out/vs/workbench/api/node/extensionHostProcess.js:63:2465)
	at m.fire (/usr/share/vscodium/resources/app/out/vs/workbench/api/node/extensionHostProcess.js:63:2784)
	at b.fire (/usr/share/vscodium/resources/app/out/vs/workbench/api/node/extensionHostProcess.js:79:16604)
	at MessagePortMain.<anonymous> (/usr/share/vscodium/resources/app/out/vs/workbench/api/node/extensionHostProcess.js:135:7551)
	at MessagePortMain.emit (node:events:513:28)
	at MessagePortMain._internalPort.emit (node:electron/js2c/utility_init:2:367)
2023-09-16 20:28:47.166 [error] [rust-lang.rust] provider FAILED
2023-09-16 20:28:47.166 [error] Error: Language client is not ready yet
	at LanguageClient.sendRequest (/home/coean/.vscode-oss/extensions/rust-lang.rust-0.7.8-universal/node_modules/vscode-languageclient/lib/client.js:1789:19)
	at /home/coean/.vscode-oss/extensions/rust-lang.rust-0.7.8-universal/out/src/providers/signatureHelpProvider.js:35:16
	at new Promise (<anonymous>)
	at SignatureHelpProvider.provideHover (/home/coean/.vscode-oss/extensions/rust-lang.rust-0.7.8-universal/out/src/providers/signatureHelpProvider.js:34:16)
	at SignatureHelpProvider.provideSignatureHelp (/home/coean/.vscode-oss/extensions/rust-lang.rust-0.7.8-universal/out/src/providers/signatureHelpProvider.js:15:25)
	at N.provideSignatureHelp (/usr/share/vscodium/resources/app/out/vs/workbench/api/node/extensionHostProcess.js:109:67644)
	at /usr/share/vscodium/resources/app/out/vs/workbench/api/node/extensionHostProcess.js:109:88842
	at de._withAdapter (/usr/share/vscodium/resources/app/out/vs/workbench/api/node/extensionHostProcess.js:109:77185)
	at de.$provideSignatureHelp (/usr/share/vscodium/resources/app/out/vs/workbench/api/node/extensionHostProcess.js:109:88818)
	at i._doInvokeHandler (/usr/share/vscodium/resources/app/out/vs/workbench/api/node/extensionHostProcess.js:116:13691)
	at i._invokeHandler (/usr/share/vscodium/resources/app/out/vs/workbench/api/node/extensionHostProcess.js:116:13373)
	at i._receiveRequest (/usr/share/vscodium/resources/app/out/vs/workbench/api/node/extensionHostProcess.js:116:12079)
	at i._receiveOneMessage (/usr/share/vscodium/resources/app/out/vs/workbench/api/node/extensionHostProcess.js:116:10830)
	at n.value (/usr/share/vscodium/resources/app/out/vs/workbench/api/node/extensionHostProcess.js:116:8937)
	at m._deliver (/usr/share/vscodium/resources/app/out/vs/workbench/api/node/extensionHostProcess.js:63:2465)
	at m.fire (/usr/share/vscodium/resources/app/out/vs/workbench/api/node/extensionHostProcess.js:63:2784)
	at b.fire (/usr/share/vscodium/resources/app/out/vs/workbench/api/node/extensionHostProcess.js:79:16604)
	at n.value (/usr/share/vscodium/resources/app/out/vs/workbench/api/node/extensionHostProcess.js:135:9474)
	at m._deliver (/usr/share/vscodium/resources/app/out/vs/workbench/api/node/extensionHostProcess.js:63:2465)
	at m.fire (/usr/share/vscodium/resources/app/out/vs/workbench/api/node/extensionHostProcess.js:63:2784)
	at b.fire (/usr/share/vscodium/resources/app/out/vs/workbench/api/node/extensionHostProcess.js:79:16604)
	at MessagePortMain.<anonymous> (/usr/share/vscodium/resources/app/out/vs/workbench/api/node/extensionHostProcess.js:135:7551)
	at MessagePortMain.emit (node:events:513:28)
	at MessagePortMain._internalPort.emit (node:electron/js2c/utility_init:2:367)
2023-09-16 20:29:46.283 [error] [rust-lang.rust] provider FAILED
2023-09-16 20:29:46.283 [error] Error: Language client is not ready yet
	at LanguageClient.sendRequest (/home/coean/.vscode-oss/extensions/rust-lang.rust-0.7.8-universal/node_modules/vscode-languageclient/lib/client.js:1789:19)
	at /home/coean/.vscode-oss/extensions/rust-lang.rust-0.7.8-universal/out/src/providers/signatureHelpProvider.js:35:16
	at new Promise (<anonymous>)
	at SignatureHelpProvider.provideHover (/home/coean/.vscode-oss/extensions/rust-lang.rust-0.7.8-universal/out/src/providers/signatureHelpProvider.js:34:16)
	at SignatureHelpProvider.provideSignatureHelp (/home/coean/.vscode-oss/extensions/rust-lang.rust-0.7.8-universal/out/src/providers/signatureHelpProvider.js:15:25)
	at N.provideSignatureHelp (/usr/share/vscodium/resources/app/out/vs/workbench/api/node/extensionHostProcess.js:109:67644)
	at /usr/share/vscodium/resources/app/out/vs/workbench/api/node/extensionHostProcess.js:109:88842
	at de._withAdapter (/usr/share/vscodium/resources/app/out/vs/workbench/api/node/extensionHostProcess.js:109:77185)
	at de.$provideSignatureHelp (/usr/share/vscodium/resources/app/out/vs/workbench/api/node/extensionHostProcess.js:109:88818)
	at i._doInvokeHandler (/usr/share/vscodium/resources/app/out/vs/workbench/api/node/extensionHostProcess.js:116:13691)
	at i._invokeHandler (/usr/share/vscodium/resources/app/out/vs/workbench/api/node/extensionHostProcess.js:116:13373)
	at i._receiveRequest (/usr/share/vscodium/resources/app/out/vs/workbench/api/node/extensionHostProcess.js:116:12079)
	at i._receiveOneMessage (/usr/share/vscodium/resources/app/out/vs/workbench/api/node/extensionHostProcess.js:116:10830)
	at n.value (/usr/share/vscodium/resources/app/out/vs/workbench/api/node/extensionHostProcess.js:116:8937)
	at m._deliver (/usr/share/vscodium/resources/app/out/vs/workbench/api/node/extensionHostProcess.js:63:2465)
	at m.fire (/usr/share/vscodium/resources/app/out/vs/workbench/api/node/extensionHostProcess.js:63:2784)
	at b.fire (/usr/share/vscodium/resources/app/out/vs/workbench/api/node/extensionHostProcess.js:79:16604)
	at n.value (/usr/share/vscodium/resources/app/out/vs/workbench/api/node/extensionHostProcess.js:135:9474)
	at m._deliver (/usr/share/vscodium/resources/app/out/vs/workbench/api/node/extensionHostProcess.js:63:2465)
	at m.fire (/usr/share/vscodium/resources/app/out/vs/workbench/api/node/extensionHostProcess.js:63:2784)
	at b.fire (/usr/share/vscodium/resources/app/out/vs/workbench/api/node/extensionHostProcess.js:79:16604)
	at MessagePortMain.<anonymous> (/usr/share/vscodium/resources/app/out/vs/workbench/api/node/extensionHostProcess.js:135:7551)
	at MessagePortMain.emit (node:events:513:28)
	at MessagePortMain._internalPort.emit (node:electron/js2c/utility_init:2:367)
2023-09-16 20:31:10.051 [error] [rust-lang.rust] provider FAILED
2023-09-16 20:31:10.051 [error] Error: Language client is not ready yet
	at LanguageClient.sendRequest (/home/coean/.vscode-oss/extensions/rust-lang.rust-0.7.8-universal/node_modules/vscode-languageclient/lib/client.js:1789:19)
	at /home/coean/.vscode-oss/extensions/rust-lang.rust-0.7.8-universal/out/src/providers/signatureHelpProvider.js:35:16
	at new Promise (<anonymous>)
	at SignatureHelpProvider.provideHover (/home/coean/.vscode-oss/extensions/rust-lang.rust-0.7.8-universal/out/src/providers/signatureHelpProvider.js:34:16)
	at SignatureHelpProvider.provideSignatureHelp (/home/coean/.vscode-oss/extensions/rust-lang.rust-0.7.8-universal/out/src/providers/signatureHelpProvider.js:15:25)
	at N.provideSignatureHelp (/usr/share/vscodium/resources/app/out/vs/workbench/api/node/extensionHostProcess.js:109:67644)
	at /usr/share/vscodium/resources/app/out/vs/workbench/api/node/extensionHostProcess.js:109:88842
	at de._withAdapter (/usr/share/vscodium/resources/app/out/vs/workbench/api/node/extensionHostProcess.js:109:77185)
	at de.$provideSignatureHelp (/usr/share/vscodium/resources/app/out/vs/workbench/api/node/extensionHostProcess.js:109:88818)
	at i._doInvokeHandler (/usr/share/vscodium/resources/app/out/vs/workbench/api/node/extensionHostProcess.js:116:13691)
	at i._invokeHandler (/usr/share/vscodium/resources/app/out/vs/workbench/api/node/extensionHostProcess.js:116:13373)
	at i._receiveRequest (/usr/share/vscodium/resources/app/out/vs/workbench/api/node/extensionHostProcess.js:116:12079)
	at i._receiveOneMessage (/usr/share/vscodium/resources/app/out/vs/workbench/api/node/extensionHostProcess.js:116:10830)
	at n.value (/usr/share/vscodium/resources/app/out/vs/workbench/api/node/extensionHostProcess.js:116:8937)
	at m._deliver (/usr/share/vscodium/resources/app/out/vs/workbench/api/node/extensionHostProcess.js:63:2465)
	at m.fire (/usr/share/vscodium/resources/app/out/vs/workbench/api/node/extensionHostProcess.js:63:2784)
	at b.fire (/usr/share/vscodium/resources/app/out/vs/workbench/api/node/extensionHostProcess.js:79:16604)
	at n.value (/usr/share/vscodium/resources/app/out/vs/workbench/api/node/extensionHostProcess.js:135:9474)
	at m._deliver (/usr/share/vscodium/resources/app/out/vs/workbench/api/node/extensionHostProcess.js:63:2465)
	at m.fire (/usr/share/vscodium/resources/app/out/vs/workbench/api/node/extensionHostProcess.js:63:2784)
	at b.fire (/usr/share/vscodium/resources/app/out/vs/workbench/api/node/extensionHostProcess.js:79:16604)
	at MessagePortMain.<anonymous> (/usr/share/vscodium/resources/app/out/vs/workbench/api/node/extensionHostProcess.js:135:7551)
	at MessagePortMain.emit (node:events:513:28)
	at MessagePortMain._internalPort.emit (node:electron/js2c/utility_init:2:367)
2023-09-16 20:31:36.282 [error] [rust-lang.rust] provider FAILED
2023-09-16 20:31:36.282 [error] Error: Language client is not ready yet
	at LanguageClient.sendRequest (/home/coean/.vscode-oss/extensions/rust-lang.rust-0.7.8-universal/node_modules/vscode-languageclient/lib/client.js:1789:19)
	at /home/coean/.vscode-oss/extensions/rust-lang.rust-0.7.8-universal/out/src/providers/signatureHelpProvider.js:35:16
	at new Promise (<anonymous>)
	at SignatureHelpProvider.provideHover (/home/coean/.vscode-oss/extensions/rust-lang.rust-0.7.8-universal/out/src/providers/signatureHelpProvider.js:34:16)
	at SignatureHelpProvider.provideSignatureHelp (/home/coean/.vscode-oss/extensions/rust-lang.rust-0.7.8-universal/out/src/providers/signatureHelpProvider.js:15:25)
	at N.provideSignatureHelp (/usr/share/vscodium/resources/app/out/vs/workbench/api/node/extensionHostProcess.js:109:67644)
	at /usr/share/vscodium/resources/app/out/vs/workbench/api/node/extensionHostProcess.js:109:88842
	at de._withAdapter (/usr/share/vscodium/resources/app/out/vs/workbench/api/node/extensionHostProcess.js:109:77185)
	at de.$provideSignatureHelp (/usr/share/vscodium/resources/app/out/vs/workbench/api/node/extensionHostProcess.js:109:88818)
	at i._doInvokeHandler (/usr/share/vscodium/resources/app/out/vs/workbench/api/node/extensionHostProcess.js:116:13691)
	at i._invokeHandler (/usr/share/vscodium/resources/app/out/vs/workbench/api/node/extensionHostProcess.js:116:13373)
	at i._receiveRequest (/usr/share/vscodium/resources/app/out/vs/workbench/api/node/extensionHostProcess.js:116:12079)
	at i._receiveOneMessage (/usr/share/vscodium/resources/app/out/vs/workbench/api/node/extensionHostProcess.js:116:10830)
	at n.value (/usr/share/vscodium/resources/app/out/vs/workbench/api/node/extensionHostProcess.js:116:8937)
	at m._deliver (/usr/share/vscodium/resources/app/out/vs/workbench/api/node/extensionHostProcess.js:63:2465)
	at m.fire (/usr/share/vscodium/resources/app/out/vs/workbench/api/node/extensionHostProcess.js:63:2784)
	at b.fire (/usr/share/vscodium/resources/app/out/vs/workbench/api/node/extensionHostProcess.js:79:16604)
	at n.value (/usr/share/vscodium/resources/app/out/vs/workbench/api/node/extensionHostProcess.js:135:9474)
	at m._deliver (/usr/share/vscodium/resources/app/out/vs/workbench/api/node/extensionHostProcess.js:63:2465)
	at m.fire (/usr/share/vscodium/resources/app/out/vs/workbench/api/node/extensionHostProcess.js:63:2784)
	at b.fire (/usr/share/vscodium/resources/app/out/vs/workbench/api/node/extensionHostProcess.js:79:16604)
	at MessagePortMain.<anonymous> (/usr/share/vscodium/resources/app/out/vs/workbench/api/node/extensionHostProcess.js:135:7551)
	at MessagePortMain.emit (node:events:513:28)
	at MessagePortMain._internalPort.emit (node:electron/js2c/utility_init:2:367)
2023-09-16 20:31:57.979 [error] [rust-lang.rust] provider FAILED
2023-09-16 20:31:57.980 [error] Error: Language client is not ready yet
	at LanguageClient.sendRequest (/home/coean/.vscode-oss/extensions/rust-lang.rust-0.7.8-universal/node_modules/vscode-languageclient/lib/client.js:1789:19)
	at /home/coean/.vscode-oss/extensions/rust-lang.rust-0.7.8-universal/out/src/providers/signatureHelpProvider.js:35:16
	at new Promise (<anonymous>)
	at SignatureHelpProvider.provideHover (/home/coean/.vscode-oss/extensions/rust-lang.rust-0.7.8-universal/out/src/providers/signatureHelpProvider.js:34:16)
	at SignatureHelpProvider.provideSignatureHelp (/home/coean/.vscode-oss/extensions/rust-lang.rust-0.7.8-universal/out/src/providers/signatureHelpProvider.js:15:25)
	at N.provideSignatureHelp (/usr/share/vscodium/resources/app/out/vs/workbench/api/node/extensionHostProcess.js:109:67644)
	at /usr/share/vscodium/resources/app/out/vs/workbench/api/node/extensionHostProcess.js:109:88842
	at de._withAdapter (/usr/share/vscodium/resources/app/out/vs/workbench/api/node/extensionHostProcess.js:109:77185)
	at de.$provideSignatureHelp (/usr/share/vscodium/resources/app/out/vs/workbench/api/node/extensionHostProcess.js:109:88818)
	at i._doInvokeHandler (/usr/share/vscodium/resources/app/out/vs/workbench/api/node/extensionHostProcess.js:116:13691)
	at i._invokeHandler (/usr/share/vscodium/resources/app/out/vs/workbench/api/node/extensionHostProcess.js:116:13373)
	at i._receiveRequest (/usr/share/vscodium/resources/app/out/vs/workbench/api/node/extensionHostProcess.js:116:12079)
	at i._receiveOneMessage (/usr/share/vscodium/resources/app/out/vs/workbench/api/node/extensionHostProcess.js:116:10830)
	at n.value (/usr/share/vscodium/resources/app/out/vs/workbench/api/node/extensionHostProcess.js:116:8937)
	at m._deliver (/usr/share/vscodium/resources/app/out/vs/workbench/api/node/extensionHostProcess.js:63:2465)
	at m.fire (/usr/share/vscodium/resources/app/out/vs/workbench/api/node/extensionHostProcess.js:63:2784)
	at b.fire (/usr/share/vscodium/resources/app/out/vs/workbench/api/node/extensionHostProcess.js:79:16604)
	at n.value (/usr/share/vscodium/resources/app/out/vs/workbench/api/node/extensionHostProcess.js:135:9474)
	at m._deliver (/usr/share/vscodium/resources/app/out/vs/workbench/api/node/extensionHostProcess.js:63:2465)
	at m.fire (/usr/share/vscodium/resources/app/out/vs/workbench/api/node/extensionHostProcess.js:63:2784)
	at b.fire (/usr/share/vscodium/resources/app/out/vs/workbench/api/node/extensionHostProcess.js:79:16604)
	at MessagePortMain.<anonymous> (/usr/share/vscodium/resources/app/out/vs/workbench/api/node/extensionHostProcess.js:135:7551)
	at MessagePortMain.emit (node:events:513:28)
	at MessagePortMain._internalPort.emit (node:electron/js2c/utility_init:2:367)
2023-09-16 20:36:12.798 [error] [rust-lang.rust] provider FAILED
2023-09-16 20:36:12.798 [error] Error: Language client is not ready yet
	at LanguageClient.sendRequest (/home/coean/.vscode-oss/extensions/rust-lang.rust-0.7.8-universal/node_modules/vscode-languageclient/lib/client.js:1789:19)
	at /home/coean/.vscode-oss/extensions/rust-lang.rust-0.7.8-universal/out/src/providers/signatureHelpProvider.js:35:16
	at new Promise (<anonymous>)
	at SignatureHelpProvider.provideHover (/home/coean/.vscode-oss/extensions/rust-lang.rust-0.7.8-universal/out/src/providers/signatureHelpProvider.js:34:16)
	at SignatureHelpProvider.provideSignatureHelp (/home/coean/.vscode-oss/extensions/rust-lang.rust-0.7.8-universal/out/src/providers/signatureHelpProvider.js:15:25)
	at N.provideSignatureHelp (/usr/share/vscodium/resources/app/out/vs/workbench/api/node/extensionHostProcess.js:109:67644)
	at /usr/share/vscodium/resources/app/out/vs/workbench/api/node/extensionHostProcess.js:109:88842
	at de._withAdapter (/usr/share/vscodium/resources/app/out/vs/workbench/api/node/extensionHostProcess.js:109:77185)
	at de.$provideSignatureHelp (/usr/share/vscodium/resources/app/out/vs/workbench/api/node/extensionHostProcess.js:109:88818)
	at i._doInvokeHandler (/usr/share/vscodium/resources/app/out/vs/workbench/api/node/extensionHostProcess.js:116:13691)
	at i._invokeHandler (/usr/share/vscodium/resources/app/out/vs/workbench/api/node/extensionHostProcess.js:116:13373)
	at i._receiveRequest (/usr/share/vscodium/resources/app/out/vs/workbench/api/node/extensionHostProcess.js:116:12079)
	at i._receiveOneMessage (/usr/share/vscodium/resources/app/out/vs/workbench/api/node/extensionHostProcess.js:116:10830)
	at n.value (/usr/share/vscodium/resources/app/out/vs/workbench/api/node/extensionHostProcess.js:116:8937)
	at m._deliver (/usr/share/vscodium/resources/app/out/vs/workbench/api/node/extensionHostProcess.js:63:2465)
	at m.fire (/usr/share/vscodium/resources/app/out/vs/workbench/api/node/extensionHostProcess.js:63:2784)
	at b.fire (/usr/share/vscodium/resources/app/out/vs/workbench/api/node/extensionHostProcess.js:79:16604)
	at n.value (/usr/share/vscodium/resources/app/out/vs/workbench/api/node/extensionHostProcess.js:135:9474)
	at m._deliver (/usr/share/vscodium/resources/app/out/vs/workbench/api/node/extensionHostProcess.js:63:2465)
	at m.fire (/usr/share/vscodium/resources/app/out/vs/workbench/api/node/extensionHostProcess.js:63:2784)
	at b.fire (/usr/share/vscodium/resources/app/out/vs/workbench/api/node/extensionHostProcess.js:79:16604)
	at MessagePortMain.<anonymous> (/usr/share/vscodium/resources/app/out/vs/workbench/api/node/extensionHostProcess.js:135:7551)
	at MessagePortMain.emit (node:events:513:28)
	at MessagePortMain._internalPort.emit (node:electron/js2c/utility_init:2:367)
2023-09-16 20:36:26.617 [error] [rust-lang.rust] provider FAILED
2023-09-16 20:36:26.617 [error] Error: Language client is not ready yet
	at LanguageClient.sendRequest (/home/coean/.vscode-oss/extensions/rust-lang.rust-0.7.8-universal/node_modules/vscode-languageclient/lib/client.js:1789:19)
	at /home/coean/.vscode-oss/extensions/rust-lang.rust-0.7.8-universal/out/src/providers/signatureHelpProvider.js:35:16
	at new Promise (<anonymous>)
	at SignatureHelpProvider.provideHover (/home/coean/.vscode-oss/extensions/rust-lang.rust-0.7.8-universal/out/src/providers/signatureHelpProvider.js:34:16)
	at SignatureHelpProvider.provideSignatureHelp (/home/coean/.vscode-oss/extensions/rust-lang.rust-0.7.8-universal/out/src/providers/signatureHelpProvider.js:20:29)
	at N.provideSignatureHelp (/usr/share/vscodium/resources/app/out/vs/workbench/api/node/extensionHostProcess.js:109:67644)
	at /usr/share/vscodium/resources/app/out/vs/workbench/api/node/extensionHostProcess.js:109:88842
	at de._withAdapter (/usr/share/vscodium/resources/app/out/vs/workbench/api/node/extensionHostProcess.js:109:77185)
	at de.$provideSignatureHelp (/usr/share/vscodium/resources/app/out/vs/workbench/api/node/extensionHostProcess.js:109:88818)
	at i._doInvokeHandler (/usr/share/vscodium/resources/app/out/vs/workbench/api/node/extensionHostProcess.js:116:13691)
	at i._invokeHandler (/usr/share/vscodium/resources/app/out/vs/workbench/api/node/extensionHostProcess.js:116:13373)
	at i._receiveRequest (/usr/share/vscodium/resources/app/out/vs/workbench/api/node/extensionHostProcess.js:116:12079)
	at i._receiveOneMessage (/usr/share/vscodium/resources/app/out/vs/workbench/api/node/extensionHostProcess.js:116:10830)
	at n.value (/usr/share/vscodium/resources/app/out/vs/workbench/api/node/extensionHostProcess.js:116:8937)
	at m._deliver (/usr/share/vscodium/resources/app/out/vs/workbench/api/node/extensionHostProcess.js:63:2465)
	at m.fire (/usr/share/vscodium/resources/app/out/vs/workbench/api/node/extensionHostProcess.js:63:2784)
	at b.fire (/usr/share/vscodium/resources/app/out/vs/workbench/api/node/extensionHostProcess.js:79:16604)
	at n.value (/usr/share/vscodium/resources/app/out/vs/workbench/api/node/extensionHostProcess.js:135:9474)
	at m._deliver (/usr/share/vscodium/resources/app/out/vs/workbench/api/node/extensionHostProcess.js:63:2465)
	at m.fire (/usr/share/vscodium/resources/app/out/vs/workbench/api/node/extensionHostProcess.js:63:2784)
	at b.fire (/usr/share/vscodium/resources/app/out/vs/workbench/api/node/extensionHostProcess.js:79:16604)
	at MessagePortMain.<anonymous> (/usr/share/vscodium/resources/app/out/vs/workbench/api/node/extensionHostProcess.js:135:7551)
	at MessagePortMain.emit (node:events:513:28)
	at MessagePortMain._internalPort.emit (node:electron/js2c/utility_init:2:367)
2023-09-16 20:36:45.136 [error] [rust-lang.rust] provider FAILED
2023-09-16 20:36:45.136 [error] Error: Language client is not ready yet
	at LanguageClient.sendRequest (/home/coean/.vscode-oss/extensions/rust-lang.rust-0.7.8-universal/node_modules/vscode-languageclient/lib/client.js:1789:19)
	at /home/coean/.vscode-oss/extensions/rust-lang.rust-0.7.8-universal/out/src/providers/signatureHelpProvider.js:35:16
	at new Promise (<anonymous>)
	at SignatureHelpProvider.provideHover (/home/coean/.vscode-oss/extensions/rust-lang.rust-0.7.8-universal/out/src/providers/signatureHelpProvider.js:34:16)
	at SignatureHelpProvider.provideSignatureHelp (/home/coean/.vscode-oss/extensions/rust-lang.rust-0.7.8-universal/out/src/providers/signatureHelpProvider.js:15:25)
	at N.provideSignatureHelp (/usr/share/vscodium/resources/app/out/vs/workbench/api/node/extensionHostProcess.js:109:67644)
	at /usr/share/vscodium/resources/app/out/vs/workbench/api/node/extensionHostProcess.js:109:88842
	at de._withAdapter (/usr/share/vscodium/resources/app/out/vs/workbench/api/node/extensionHostProcess.js:109:77185)
	at de.$provideSignatureHelp (/usr/share/vscodium/resources/app/out/vs/workbench/api/node/extensionHostProcess.js:109:88818)
	at i._doInvokeHandler (/usr/share/vscodium/resources/app/out/vs/workbench/api/node/extensionHostProcess.js:116:13691)
	at i._invokeHandler (/usr/share/vscodium/resources/app/out/vs/workbench/api/node/extensionHostProcess.js:116:13373)
	at i._receiveRequest (/usr/share/vscodium/resources/app/out/vs/workbench/api/node/extensionHostProcess.js:116:12079)
	at i._receiveOneMessage (/usr/share/vscodium/resources/app/out/vs/workbench/api/node/extensionHostProcess.js:116:10830)
	at n.value (/usr/share/vscodium/resources/app/out/vs/workbench/api/node/extensionHostProcess.js:116:8937)
	at m._deliver (/usr/share/vscodium/resources/app/out/vs/workbench/api/node/extensionHostProcess.js:63:2465)
	at m.fire (/usr/share/vscodium/resources/app/out/vs/workbench/api/node/extensionHostProcess.js:63:2784)
	at b.fire (/usr/share/vscodium/resources/app/out/vs/workbench/api/node/extensionHostProcess.js:79:16604)
	at n.value (/usr/share/vscodium/resources/app/out/vs/workbench/api/node/extensionHostProcess.js:135:9474)
	at m._deliver (/usr/share/vscodium/resources/app/out/vs/workbench/api/node/extensionHostProcess.js:63:2465)
	at m.fire (/usr/share/vscodium/resources/app/out/vs/workbench/api/node/extensionHostProcess.js:63:2784)
	at b.fire (/usr/share/vscodium/resources/app/out/vs/workbench/api/node/extensionHostProcess.js:79:16604)
	at MessagePortMain.<anonymous> (/usr/share/vscodium/resources/app/out/vs/workbench/api/node/extensionHostProcess.js:135:7551)
	at MessagePortMain.emit (node:events:513:28)
	at MessagePortMain._internalPort.emit (node:electron/js2c/utility_init:2:367)
2023-09-16 20:39:25.729 [error] [rust-lang.rust] provider FAILED
2023-09-16 20:39:25.729 [error] Error: Language client is not ready yet
	at LanguageClient.sendRequest (/home/coean/.vscode-oss/extensions/rust-lang.rust-0.7.8-universal/node_modules/vscode-languageclient/lib/client.js:1789:19)
	at /home/coean/.vscode-oss/extensions/rust-lang.rust-0.7.8-universal/out/src/providers/signatureHelpProvider.js:35:16
	at new Promise (<anonymous>)
	at SignatureHelpProvider.provideHover (/home/coean/.vscode-oss/extensions/rust-lang.rust-0.7.8-universal/out/src/providers/signatureHelpProvider.js:34:16)
	at SignatureHelpProvider.provideSignatureHelp (/home/coean/.vscode-oss/extensions/rust-lang.rust-0.7.8-universal/out/src/providers/signatureHelpProvider.js:15:25)
	at N.provideSignatureHelp (/usr/share/vscodium/resources/app/out/vs/workbench/api/node/extensionHostProcess.js:109:67644)
	at /usr/share/vscodium/resources/app/out/vs/workbench/api/node/extensionHostProcess.js:109:88842
	at de._withAdapter (/usr/share/vscodium/resources/app/out/vs/workbench/api/node/extensionHostProcess.js:109:77185)
	at de.$provideSignatureHelp (/usr/share/vscodium/resources/app/out/vs/workbench/api/node/extensionHostProcess.js:109:88818)
	at i._doInvokeHandler (/usr/share/vscodium/resources/app/out/vs/workbench/api/node/extensionHostProcess.js:116:13691)
	at i._invokeHandler (/usr/share/vscodium/resources/app/out/vs/workbench/api/node/extensionHostProcess.js:116:13373)
	at i._receiveRequest (/usr/share/vscodium/resources/app/out/vs/workbench/api/node/extensionHostProcess.js:116:12079)
	at i._receiveOneMessage (/usr/share/vscodium/resources/app/out/vs/workbench/api/node/extensionHostProcess.js:116:10830)
	at n.value (/usr/share/vscodium/resources/app/out/vs/workbench/api/node/extensionHostProcess.js:116:8937)
	at m._deliver (/usr/share/vscodium/resources/app/out/vs/workbench/api/node/extensionHostProcess.js:63:2465)
	at m.fire (/usr/share/vscodium/resources/app/out/vs/workbench/api/node/extensionHostProcess.js:63:2784)
	at b.fire (/usr/share/vscodium/resources/app/out/vs/workbench/api/node/extensionHostProcess.js:79:16604)
	at n.value (/usr/share/vscodium/resources/app/out/vs/workbench/api/node/extensionHostProcess.js:135:9474)
	at m._deliver (/usr/share/vscodium/resources/app/out/vs/workbench/api/node/extensionHostProcess.js:63:2465)
	at m.fire (/usr/share/vscodium/resources/app/out/vs/workbench/api/node/extensionHostProcess.js:63:2784)
	at b.fire (/usr/share/vscodium/resources/app/out/vs/workbench/api/node/extensionHostProcess.js:79:16604)
	at MessagePortMain.<anonymous> (/usr/share/vscodium/resources/app/out/vs/workbench/api/node/extensionHostProcess.js:135:7551)
	at MessagePortMain.emit (node:events:513:28)
	at MessagePortMain._internalPort.emit (node:electron/js2c/utility_init:2:367)
2023-09-16 20:41:21.907 [error] [rust-lang.rust] provider FAILED
2023-09-16 20:41:21.908 [error] Error: Language client is not ready yet
	at LanguageClient.sendRequest (/home/coean/.vscode-oss/extensions/rust-lang.rust-0.7.8-universal/node_modules/vscode-languageclient/lib/client.js:1789:19)
	at /home/coean/.vscode-oss/extensions/rust-lang.rust-0.7.8-universal/out/src/providers/signatureHelpProvider.js:35:16
	at new Promise (<anonymous>)
	at SignatureHelpProvider.provideHover (/home/coean/.vscode-oss/extensions/rust-lang.rust-0.7.8-universal/out/src/providers/signatureHelpProvider.js:34:16)
	at SignatureHelpProvider.provideSignatureHelp (/home/coean/.vscode-oss/extensions/rust-lang.rust-0.7.8-universal/out/src/providers/signatureHelpProvider.js:15:25)
	at N.provideSignatureHelp (/usr/share/vscodium/resources/app/out/vs/workbench/api/node/extensionHostProcess.js:109:67644)
	at /usr/share/vscodium/resources/app/out/vs/workbench/api/node/extensionHostProcess.js:109:88842
	at de._withAdapter (/usr/share/vscodium/resources/app/out/vs/workbench/api/node/extensionHostProcess.js:109:77185)
	at de.$provideSignatureHelp (/usr/share/vscodium/resources/app/out/vs/workbench/api/node/extensionHostProcess.js:109:88818)
	at i._doInvokeHandler (/usr/share/vscodium/resources/app/out/vs/workbench/api/node/extensionHostProcess.js:116:13691)
	at i._invokeHandler (/usr/share/vscodium/resources/app/out/vs/workbench/api/node/extensionHostProcess.js:116:13373)
	at i._receiveRequest (/usr/share/vscodium/resources/app/out/vs/workbench/api/node/extensionHostProcess.js:116:12079)
	at i._receiveOneMessage (/usr/share/vscodium/resources/app/out/vs/workbench/api/node/extensionHostProcess.js:116:10830)
	at n.value (/usr/share/vscodium/resources/app/out/vs/workbench/api/node/extensionHostProcess.js:116:8937)
	at m._deliver (/usr/share/vscodium/resources/app/out/vs/workbench/api/node/extensionHostProcess.js:63:2465)
	at m.fire (/usr/share/vscodium/resources/app/out/vs/workbench/api/node/extensionHostProcess.js:63:2784)
	at b.fire (/usr/share/vscodium/resources/app/out/vs/workbench/api/node/extensionHostProcess.js:79:16604)
	at n.value (/usr/share/vscodium/resources/app/out/vs/workbench/api/node/extensionHostProcess.js:135:9474)
	at m._deliver (/usr/share/vscodium/resources/app/out/vs/workbench/api/node/extensionHostProcess.js:63:2465)
	at m.fire (/usr/share/vscodium/resources/app/out/vs/workbench/api/node/extensionHostProcess.js:63:2784)
	at b.fire (/usr/share/vscodium/resources/app/out/vs/workbench/api/node/extensionHostProcess.js:79:16604)
	at MessagePortMain.<anonymous> (/usr/share/vscodium/resources/app/out/vs/workbench/api/node/extensionHostProcess.js:135:7551)
	at MessagePortMain.emit (node:events:513:28)
	at MessagePortMain._internalPort.emit (node:electron/js2c/utility_init:2:367)
2023-09-16 20:42:46.991 [error] [rust-lang.rust] provider FAILED
2023-09-16 20:42:46.991 [error] Error: Language client is not ready yet
	at LanguageClient.sendRequest (/home/coean/.vscode-oss/extensions/rust-lang.rust-0.7.8-universal/node_modules/vscode-languageclient/lib/client.js:1789:19)
	at /home/coean/.vscode-oss/extensions/rust-lang.rust-0.7.8-universal/out/src/providers/signatureHelpProvider.js:35:16
	at new Promise (<anonymous>)
	at SignatureHelpProvider.provideHover (/home/coean/.vscode-oss/extensions/rust-lang.rust-0.7.8-universal/out/src/providers/signatureHelpProvider.js:34:16)
	at SignatureHelpProvider.provideSignatureHelp (/home/coean/.vscode-oss/extensions/rust-lang.rust-0.7.8-universal/out/src/providers/signatureHelpProvider.js:15:25)
	at N.provideSignatureHelp (/usr/share/vscodium/resources/app/out/vs/workbench/api/node/extensionHostProcess.js:109:67644)
	at /usr/share/vscodium/resources/app/out/vs/workbench/api/node/extensionHostProcess.js:109:88842
	at de._withAdapter (/usr/share/vscodium/resources/app/out/vs/workbench/api/node/extensionHostProcess.js:109:77185)
	at de.$provideSignatureHelp (/usr/share/vscodium/resources/app/out/vs/workbench/api/node/extensionHostProcess.js:109:88818)
	at i._doInvokeHandler (/usr/share/vscodium/resources/app/out/vs/workbench/api/node/extensionHostProcess.js:116:13691)
	at i._invokeHandler (/usr/share/vscodium/resources/app/out/vs/workbench/api/node/extensionHostProcess.js:116:13373)
	at i._receiveRequest (/usr/share/vscodium/resources/app/out/vs/workbench/api/node/extensionHostProcess.js:116:12079)
	at i._receiveOneMessage (/usr/share/vscodium/resources/app/out/vs/workbench/api/node/extensionHostProcess.js:116:10830)
	at n.value (/usr/share/vscodium/resources/app/out/vs/workbench/api/node/extensionHostProcess.js:116:8937)
	at m._deliver (/usr/share/vscodium/resources/app/out/vs/workbench/api/node/extensionHostProcess.js:63:2465)
	at m.fire (/usr/share/vscodium/resources/app/out/vs/workbench/api/node/extensionHostProcess.js:63:2784)
	at b.fire (/usr/share/vscodium/resources/app/out/vs/workbench/api/node/extensionHostProcess.js:79:16604)
	at n.value (/usr/share/vscodium/resources/app/out/vs/workbench/api/node/extensionHostProcess.js:135:9474)
	at m._deliver (/usr/share/vscodium/resources/app/out/vs/workbench/api/node/extensionHostProcess.js:63:2465)
	at m.fire (/usr/share/vscodium/resources/app/out/vs/workbench/api/node/extensionHostProcess.js:63:2784)
	at b.fire (/usr/share/vscodium/resources/app/out/vs/workbench/api/node/extensionHostProcess.js:79:16604)
	at MessagePortMain.<anonymous> (/usr/share/vscodium/resources/app/out/vs/workbench/api/node/extensionHostProcess.js:135:7551)
	at MessagePortMain.emit (node:events:513:28)
	at MessagePortMain._internalPort.emit (node:electron/js2c/utility_init:2:367)
2023-09-16 20:45:34.046 [error] [rust-lang.rust] provider FAILED
2023-09-16 20:45:34.046 [error] Error: Language client is not ready yet
	at LanguageClient.sendRequest (/home/coean/.vscode-oss/extensions/rust-lang.rust-0.7.8-universal/node_modules/vscode-languageclient/lib/client.js:1789:19)
	at /home/coean/.vscode-oss/extensions/rust-lang.rust-0.7.8-universal/out/src/providers/signatureHelpProvider.js:35:16
	at new Promise (<anonymous>)
	at SignatureHelpProvider.provideHover (/home/coean/.vscode-oss/extensions/rust-lang.rust-0.7.8-universal/out/src/providers/signatureHelpProvider.js:34:16)
	at SignatureHelpProvider.provideSignatureHelp (/home/coean/.vscode-oss/extensions/rust-lang.rust-0.7.8-universal/out/src/providers/signatureHelpProvider.js:15:25)
	at N.provideSignatureHelp (/usr/share/vscodium/resources/app/out/vs/workbench/api/node/extensionHostProcess.js:109:67644)
	at /usr/share/vscodium/resources/app/out/vs/workbench/api/node/extensionHostProcess.js:109:88842
	at de._withAdapter (/usr/share/vscodium/resources/app/out/vs/workbench/api/node/extensionHostProcess.js:109:77185)
	at de.$provideSignatureHelp (/usr/share/vscodium/resources/app/out/vs/workbench/api/node/extensionHostProcess.js:109:88818)
	at i._doInvokeHandler (/usr/share/vscodium/resources/app/out/vs/workbench/api/node/extensionHostProcess.js:116:13691)
	at i._invokeHandler (/usr/share/vscodium/resources/app/out/vs/workbench/api/node/extensionHostProcess.js:116:13373)
	at i._receiveRequest (/usr/share/vscodium/resources/app/out/vs/workbench/api/node/extensionHostProcess.js:116:12079)
	at i._receiveOneMessage (/usr/share/vscodium/resources/app/out/vs/workbench/api/node/extensionHostProcess.js:116:10830)
	at n.value (/usr/share/vscodium/resources/app/out/vs/workbench/api/node/extensionHostProcess.js:116:8937)
	at m._deliver (/usr/share/vscodium/resources/app/out/vs/workbench/api/node/extensionHostProcess.js:63:2465)
	at m.fire (/usr/share/vscodium/resources/app/out/vs/workbench/api/node/extensionHostProcess.js:63:2784)
	at b.fire (/usr/share/vscodium/resources/app/out/vs/workbench/api/node/extensionHostProcess.js:79:16604)
	at n.value (/usr/share/vscodium/resources/app/out/vs/workbench/api/node/extensionHostProcess.js:135:9474)
	at m._deliver (/usr/share/vscodium/resources/app/out/vs/workbench/api/node/extensionHostProcess.js:63:2465)
	at m.fire (/usr/share/vscodium/resources/app/out/vs/workbench/api/node/extensionHostProcess.js:63:2784)
	at b.fire (/usr/share/vscodium/resources/app/out/vs/workbench/api/node/extensionHostProcess.js:79:16604)
	at MessagePortMain.<anonymous> (/usr/share/vscodium/resources/app/out/vs/workbench/api/node/extensionHostProcess.js:135:7551)
	at MessagePortMain.emit (node:events:513:28)
	at MessagePortMain._internalPort.emit (node:electron/js2c/utility_init:2:367)
2023-09-16 20:46:02.361 [info] ExtensionService#_doActivateExtension vscode.npm, startup: false, activationEvent: 'onTerminalQuickFixRequest:ms-vscode.npm-command'
2023-09-18 06:51:19.788 [info] Extension host terminating: renderer closed the MessagePort
2023-09-18 06:51:19.859 [error] Canceled: Canceled
	at new d (/usr/share/vscodium/resources/app/out/vs/workbench/api/node/extensionHostProcess.js:107:64223)
	at i._remoteCall (/usr/share/vscodium/resources/app/out/vs/workbench/api/node/extensionHostProcess.js:116:13748)
	at U.<computed>.F.charCodeAt.U.<computed> (/usr/share/vscodium/resources/app/out/vs/workbench/api/node/extensionHostProcess.js:116:10288)
	at r._doExecuteCommand (/usr/share/vscodium/resources/app/out/vs/workbench/api/node/extensionHostProcess.js:107:94560)
	at r.executeCommand (/usr/share/vscodium/resources/app/out/vs/workbench/api/node/extensionHostProcess.js:107:93885)
	at l.registerCommand.description (/usr/share/vscodium/resources/app/out/vs/workbench/api/node/extensionHostProcess.js:107:93126)
	at r._executeContributedCommand (/usr/share/vscodium/resources/app/out/vs/workbench/api/node/extensionHostProcess.js:107:95195)
	at r._doExecuteCommand (/usr/share/vscodium/resources/app/out/vs/workbench/api/node/extensionHostProcess.js:107:94018)
	at r.executeCommand (/usr/share/vscodium/resources/app/out/vs/workbench/api/node/extensionHostProcess.js:107:93885)
	at Object.executeCommand (/usr/share/vscodium/resources/app/out/vs/workbench/api/node/extensionHostProcess.js:122:27416)
	at n.D [as value] (/usr/share/vscodium/resources/app/extensions/git/dist/main.js:2:1308949)
	at m._deliver (/usr/share/vscodium/resources/app/out/vs/workbench/api/node/extensionHostProcess.js:63:2465)
	at m._deliverQueue (/usr/share/vscodium/resources/app/out/vs/workbench/api/node/extensionHostProcess.js:63:2556)
	at m.fire (/usr/share/vscodium/resources/app/out/vs/workbench/api/node/extensionHostProcess.js:63:2891)
	at Object.m [as dispose] (/usr/share/vscodium/resources/app/extensions/git/dist/main.js:2:1324733)
	at /usr/share/vscodium/resources/app/extensions/git/dist/main.js:2:1329574
	at Array.forEach (<anonymous>)
	at g.dispose (/usr/share/vscodium/resources/app/extensions/git/dist/main.js:2:1329560)
	at y.<anonymous> (/usr/share/vscodium/resources/app/out/vs/workbench/api/node/extensionHostProcess.js:103:5042)
	at y.dispose (/usr/share/vscodium/resources/app/out/vs/workbench/api/node/extensionHostProcess.js:103:5139)
	at y.<anonymous> (/usr/share/vscodium/resources/app/extensions/git/dist/main.js:2:1310961)
	at y.dispose (/usr/share/vscodium/resources/app/out/vs/workbench/api/node/extensionHostProcess.js:103:5139)
	at _ (/usr/share/vscodium/resources/app/out/vs/workbench/api/node/extensionHostProcess.js:13:12152)
	at n._deactivate (/usr/share/vscodium/resources/app/out/vs/workbench/api/node/extensionHostProcess.js:118:12619)
	at /usr/share/vscodium/resources/app/out/vs/workbench/api/node/extensionHostProcess.js:118:9852
	at Array.map (<anonymous>)
	at n._deactivateAll (/usr/share/vscodium/resources/app/out/vs/workbench/api/node/extensionHostProcess.js:118:9839)
	at n.terminate (/usr/share/vscodium/resources/app/out/vs/workbench/api/node/extensionHostProcess.js:118:10222)
	at o.terminate (/usr/share/vscodium/resources/app/out/vs/workbench/api/node/extensionHostProcess.js:122:1908)
	at I (/usr/share/vscodium/resources/app/out/vs/workbench/api/node/extensionHostProcess.js:135:11525)
	at MessagePortMain.<anonymous> (/usr/share/vscodium/resources/app/out/vs/workbench/api/node/extensionHostProcess.js:135:7600)
	at MessagePortMain.emit (node:events:513:28)
	at MessagePortMain._internalPort.emit (node:electron/js2c/utility_init:2:367) setContext undefined
2023-09-18 06:51:19.864 [error] Canceled: Canceled
	at new d (/usr/share/vscodium/resources/app/out/vs/workbench/api/node/extensionHostProcess.js:107:64223)
	at i._remoteCall (/usr/share/vscodium/resources/app/out/vs/workbench/api/node/extensionHostProcess.js:116:13748)
	at U.<computed>.F.charCodeAt.U.<computed> (/usr/share/vscodium/resources/app/out/vs/workbench/api/node/extensionHostProcess.js:116:10288)
	at r._doExecuteCommand (/usr/share/vscodium/resources/app/out/vs/workbench/api/node/extensionHostProcess.js:107:94560)
	at r.executeCommand (/usr/share/vscodium/resources/app/out/vs/workbench/api/node/extensionHostProcess.js:107:93885)
	at l.registerCommand.description (/usr/share/vscodium/resources/app/out/vs/workbench/api/node/extensionHostProcess.js:107:93126)
	at r._executeContributedCommand (/usr/share/vscodium/resources/app/out/vs/workbench/api/node/extensionHostProcess.js:107:95195)
	at r._doExecuteCommand (/usr/share/vscodium/resources/app/out/vs/workbench/api/node/extensionHostProcess.js:107:94018)
	at r.executeCommand (/usr/share/vscodium/resources/app/out/vs/workbench/api/node/extensionHostProcess.js:107:93885)
	at Object.executeCommand (/usr/share/vscodium/resources/app/out/vs/workbench/api/node/extensionHostProcess.js:122:27416)
	at set b [as b] (/usr/share/vscodium/resources/app/extensions/github/dist/extension.js:2:714383)
	at /usr/share/vscodium/resources/app/extensions/github/dist/extension.js:2:715024
	at n.value (/usr/share/vscodium/resources/app/extensions/git/dist/main.js:2:1396551)
	at m._deliver (/usr/share/vscodium/resources/app/out/vs/workbench/api/node/extensionHostProcess.js:63:2465)
	at m._deliverQueue (/usr/share/vscodium/resources/app/out/vs/workbench/api/node/extensionHostProcess.js:63:2556)
	at m.fire (/usr/share/vscodium/resources/app/out/vs/workbench/api/node/extensionHostProcess.js:63:2891)
	at Object.m [as dispose] (/usr/share/vscodium/resources/app/extensions/git/dist/main.js:2:1324733)
	at /usr/share/vscodium/resources/app/extensions/git/dist/main.js:2:1329574
	at Array.forEach (<anonymous>)
	at g.dispose (/usr/share/vscodium/resources/app/extensions/git/dist/main.js:2:1329560)
	at y.<anonymous> (/usr/share/vscodium/resources/app/out/vs/workbench/api/node/extensionHostProcess.js:103:5042)
	at y.dispose (/usr/share/vscodium/resources/app/out/vs/workbench/api/node/extensionHostProcess.js:103:5139)
	at y.<anonymous> (/usr/share/vscodium/resources/app/extensions/git/dist/main.js:2:1310961)
	at y.dispose (/usr/share/vscodium/resources/app/out/vs/workbench/api/node/extensionHostProcess.js:103:5139)
	at _ (/usr/share/vscodium/resources/app/out/vs/workbench/api/node/extensionHostProcess.js:13:12152)
	at n._deactivate (/usr/share/vscodium/resources/app/out/vs/workbench/api/node/extensionHostProcess.js:118:12619)
	at /usr/share/vscodium/resources/app/out/vs/workbench/api/node/extensionHostProcess.js:118:9852
	at Array.map (<anonymous>)
	at n._deactivateAll (/usr/share/vscodium/resources/app/out/vs/workbench/api/node/extensionHostProcess.js:118:9839)
	at n.terminate (/usr/share/vscodium/resources/app/out/vs/workbench/api/node/extensionHostProcess.js:118:10222)
	at o.terminate (/usr/share/vscodium/resources/app/out/vs/workbench/api/node/extensionHostProcess.js:122:1908)
	at I (/usr/share/vscodium/resources/app/out/vs/workbench/api/node/extensionHostProcess.js:135:11525)
	at MessagePortMain.<anonymous> (/usr/share/vscodium/resources/app/out/vs/workbench/api/node/extensionHostProcess.js:135:7600)
	at MessagePortMain.emit (node:events:513:28)
	at MessagePortMain._internalPort.emit (node:electron/js2c/utility_init:2:367) setContext undefined
2023-09-18 06:51:19.866 [error] Canceled: Canceled
	at new d (/usr/share/vscodium/resources/app/out/vs/workbench/api/node/extensionHostProcess.js:107:64223)
	at i._remoteCall (/usr/share/vscodium/resources/app/out/vs/workbench/api/node/extensionHostProcess.js:116:13748)
	at U.<computed>.F.charCodeAt.U.<computed> (/usr/share/vscodium/resources/app/out/vs/workbench/api/node/extensionHostProcess.js:116:10288)
	at r._doExecuteCommand (/usr/share/vscodium/resources/app/out/vs/workbench/api/node/extensionHostProcess.js:107:94560)
	at r.executeCommand (/usr/share/vscodium/resources/app/out/vs/workbench/api/node/extensionHostProcess.js:107:93885)
	at l.registerCommand.description (/usr/share/vscodium/resources/app/out/vs/workbench/api/node/extensionHostProcess.js:107:93126)
	at r._executeContributedCommand (/usr/share/vscodium/resources/app/out/vs/workbench/api/node/extensionHostProcess.js:107:95195)
	at r._doExecuteCommand (/usr/share/vscodium/resources/app/out/vs/workbench/api/node/extensionHostProcess.js:107:94018)
	at r.executeCommand (/usr/share/vscodium/resources/app/out/vs/workbench/api/node/extensionHostProcess.js:107:93885)
	at Object.executeCommand (/usr/share/vscodium/resources/app/out/vs/workbench/api/node/extensionHostProcess.js:122:27416)
	at tf (/home/coean/.vscode-oss/extensions/rust-lang.rust-analyzer-0.3.1657-linux-x64/out/main.js:39:70677)
	at Object.W_ (/home/coean/.vscode-oss/extensions/rust-lang.rust-analyzer-0.3.1657-linux-x64/out/main.js:372:268)
	at n._deactivate (/usr/share/vscodium/resources/app/out/vs/workbench/api/node/extensionHostProcess.js:118:12393)
	at /usr/share/vscodium/resources/app/out/vs/workbench/api/node/extensionHostProcess.js:118:9852
	at Array.map (<anonymous>)
	at n._deactivateAll (/usr/share/vscodium/resources/app/out/vs/workbench/api/node/extensionHostProcess.js:118:9839)
	at n.terminate (/usr/share/vscodium/resources/app/out/vs/workbench/api/node/extensionHostProcess.js:118:10222)
	at o.terminate (/usr/share/vscodium/resources/app/out/vs/workbench/api/node/extensionHostProcess.js:122:1908)
	at I (/usr/share/vscodium/resources/app/out/vs/workbench/api/node/extensionHostProcess.js:135:11525)
	at MessagePortMain.<anonymous> (/usr/share/vscodium/resources/app/out/vs/workbench/api/node/extensionHostProcess.js:135:7600)
	at MessagePortMain.emit (node:events:513:28)
	at MessagePortMain._internalPort.emit (node:electron/js2c/utility_init:2:367) setContext undefined
2023-09-18 06:51:19.866 [error] Canceled: Canceled
	at new d (/usr/share/vscodium/resources/app/out/vs/workbench/api/node/extensionHostProcess.js:107:64223)
	at i._remoteCall (/usr/share/vscodium/resources/app/out/vs/workbench/api/node/extensionHostProcess.js:116:13748)
	at U.<computed>.F.charCodeAt.U.<computed> (/usr/share/vscodium/resources/app/out/vs/workbench/api/node/extensionHostProcess.js:116:10288)
	at r._doExecuteCommand (/usr/share/vscodium/resources/app/out/vs/workbench/api/node/extensionHostProcess.js:107:94560)
	at r.executeCommand (/usr/share/vscodium/resources/app/out/vs/workbench/api/node/extensionHostProcess.js:107:93885)
	at l.registerCommand.description (/usr/share/vscodium/resources/app/out/vs/workbench/api/node/extensionHostProcess.js:107:93126)
	at r._executeContributedCommand (/usr/share/vscodium/resources/app/out/vs/workbench/api/node/extensionHostProcess.js:107:95195)
	at r._doExecuteCommand (/usr/share/vscodium/resources/app/out/vs/workbench/api/node/extensionHostProcess.js:107:94018)
	at r.executeCommand (/usr/share/vscodium/resources/app/out/vs/workbench/api/node/extensionHostProcess.js:107:93885)
	at Object.executeCommand (/usr/share/vscodium/resources/app/out/vs/workbench/api/node/extensionHostProcess.js:122:27416)
	at tf (/home/coean/.vscode-oss/extensions/rust-lang.rust-analyzer-0.3.1657-linux-x64/out/main.js:39:70677)
	at Object.W_ (/home/coean/.vscode-oss/extensions/rust-lang.rust-analyzer-0.3.1657-linux-x64/out/main.js:372:268)
	at n._deactivate (/usr/share/vscodium/resources/app/out/vs/workbench/api/node/extensionHostProcess.js:118:12393)
	at /usr/share/vscodium/resources/app/out/vs/workbench/api/node/extensionHostProcess.js:118:9852
	at Array.map (<anonymous>)
	at n._deactivateAll (/usr/share/vscodium/resources/app/out/vs/workbench/api/node/extensionHostProcess.js:118:9839)
	at n.terminate (/usr/share/vscodium/resources/app/out/vs/workbench/api/node/extensionHostProcess.js:118:10222)
	at o.terminate (/usr/share/vscodium/resources/app/out/vs/workbench/api/node/extensionHostProcess.js:122:1908)
	at I (/usr/share/vscodium/resources/app/out/vs/workbench/api/node/extensionHostProcess.js:135:11525)
	at MessagePortMain.<anonymous> (/usr/share/vscodium/resources/app/out/vs/workbench/api/node/extensionHostProcess.js:135:7600)
	at MessagePortMain.emit (node:events:513:28)
	at MessagePortMain._internalPort.emit (node:electron/js2c/utility_init:2:367)
2023-09-18 06:51:19.866 [info] Extension host with pid 232832 exiting with code 0
