2023-09-18 07:36:12.120 [info] Extension host with pid 395201 started
2023-09-18 07:36:12.120 [info] Skipping acquiring lock for /home/coean/.config/VSCodium/User/workspaceStorage/3fabba001b5b13b66d5a2f77c3462a91.
2023-09-18 07:36:12.571 [info] ExtensionService#_doActivateExtension vscode.emmet, startup: false, activationEvent: 'onLanguage'
2023-09-18 07:36:12.585 [info] ExtensionService#_doActivateExtension rust-lang.rust, startup: false, activationEvent: 'onLanguage:rust'
2023-09-18 07:36:12.637 [info] ExtensionService#_doActivateExtension rust-lang.rust-analyzer, startup: false, activationEvent: 'onLanguage:rust'
2023-09-18 07:36:13.057 [info] ExtensionService#_doActivateExtension vscode.git-base, startup: true, activationEvent: '*', root cause: vscode.git
2023-09-18 07:36:13.059 [info] ExtensionService#_doActivateExtension hbenl.test-adapter-converter, startup: true, activationEvent: '*', root cause: hbenl.vscode-test-explorer
2023-09-18 07:36:13.061 [info] ExtensionService#_doActivateExtension serayuzgur.crates, startup: true, activationEvent: 'workspaceContains:Cargo.toml'
2023-09-18 07:36:13.096 [info] ExtensionService#_doActivateExtension vscode.git, startup: true, activationEvent: '*'
2023-09-18 07:36:13.123 [info] ExtensionService#_doActivateExtension vscode.github, startup: true, activationEvent: '*'
2023-09-18 07:36:13.136 [info] ExtensionService#_doActivateExtension hbenl.vscode-test-explorer, startup: true, activationEvent: '*'
2023-09-18 07:36:13.308 [info] ExtensionService#_doActivateExtension Swellaby.vscode-rust-test-adapter, startup: true, activationEvent: '*'
2023-09-18 07:36:13.312 [error] Activating extension Swellaby.vscode-rust-test-adapter failed due to an error:
2023-09-18 07:36:13.312 [error] Error: Cannot find module '/home/coean/.vscode-oss/extensions/swellaby.vscode-rust-test-adapter-0.11.1-universal/src/main.js'
Require stack:
- /usr/share/vscodium/resources/app/out/vs/loader.js
- /usr/share/vscodium/resources/app/out/bootstrap-amd.js
- /usr/share/vscodium/resources/app/out/bootstrap-fork.js
- 
	at Module._resolveFilename (node:internal/modules/cjs/loader:1082:15)
	at o._resolveFilename (node:electron/js2c/utility_init:2:3040)
	at Module._load (node:internal/modules/cjs/loader:927:27)
	at f._load (node:electron/js2c/asar_bundle:2:13330)
	at c._load (/usr/share/vscodium/resources/app/out/vs/workbench/api/node/extensionHostProcess.js:135:6970)
	at m._load (/usr/share/vscodium/resources/app/out/vs/workbench/api/node/extensionHostProcess.js:132:35694)
	at I._load (/usr/share/vscodium/resources/app/out/vs/workbench/api/node/extensionHostProcess.js:99:24572)
	at Module.require (node:internal/modules/cjs/loader:1148:19)
	at require (node:internal/modules/cjs/helpers:110:18)
	at Function.i [as __$__nodeRequire] (/usr/share/vscodium/resources/app/out/vs/loader.js:5:98)
	at n._loadCommonJSModule (/usr/share/vscodium/resources/app/out/vs/workbench/api/node/extensionHostProcess.js:132:37321)
	at async Promise.all (index 0)
2023-09-18 07:36:13.312 [info] Eager extensions activated
2023-09-18 07:36:13.405 [info] ExtensionService#_doActivateExtension vscode.debug-auto-launch, startup: false, activationEvent: 'onStartupFinished'
2023-09-18 07:36:13.406 [info] ExtensionService#_doActivateExtension vscode.merge-conflict, startup: false, activationEvent: 'onStartupFinished'
2023-09-18 07:36:13.492 [info] ExtensionService#_doActivateExtension vscode.github-authentication, startup: false, activationEvent: 'onAuthenticationRequest:github'
2023-09-18 07:40:14.111 [info] Extension host terminating: renderer closed the MessagePort
2023-09-18 07:40:14.119 [error] Canceled: Canceled
	at new d (/usr/share/vscodium/resources/app/out/vs/workbench/api/node/extensionHostProcess.js:107:64223)
	at i._remoteCall (/usr/share/vscodium/resources/app/out/vs/workbench/api/node/extensionHostProcess.js:116:13748)
	at U.<computed>.F.charCodeAt.U.<computed> (/usr/share/vscodium/resources/app/out/vs/workbench/api/node/extensionHostProcess.js:116:10288)
	at r._doExecuteCommand (/usr/share/vscodium/resources/app/out/vs/workbench/api/node/extensionHostProcess.js:107:94560)
	at r.executeCommand (/usr/share/vscodium/resources/app/out/vs/workbench/api/node/extensionHostProcess.js:107:93885)
	at l.registerCommand.description (/usr/share/vscodium/resources/app/out/vs/workbench/api/node/extensionHostProcess.js:107:93126)
	at r._executeContributedCommand (/usr/share/vscodium/resources/app/out/vs/workbench/api/node/extensionHostProcess.js:107:95195)
	at r._doExecuteCommand (/usr/share/vscodium/resources/app/out/vs/workbench/api/node/extensionHostProcess.js:107:94018)
	at r.executeCommand (/usr/share/vscodium/resources/app/out/vs/workbench/api/node/extensionHostProcess.js:107:93885)
	at Object.executeCommand (/usr/share/vscodium/resources/app/out/vs/workbench/api/node/extensionHostProcess.js:122:27416)
	at n.D [as value] (/usr/share/vscodium/resources/app/extensions/git/dist/main.js:2:1308949)
	at m._deliver (/usr/share/vscodium/resources/app/out/vs/workbench/api/node/extensionHostProcess.js:63:2465)
	at m._deliverQueue (/usr/share/vscodium/resources/app/out/vs/workbench/api/node/extensionHostProcess.js:63:2556)
	at m.fire (/usr/share/vscodium/resources/app/out/vs/workbench/api/node/extensionHostProcess.js:63:2891)
	at Object.m [as dispose] (/usr/share/vscodium/resources/app/extensions/git/dist/main.js:2:1324733)
	at /usr/share/vscodium/resources/app/extensions/git/dist/main.js:2:1329574
	at Array.forEach (<anonymous>)
	at g.dispose (/usr/share/vscodium/resources/app/extensions/git/dist/main.js:2:1329560)
	at y.<anonymous> (/usr/share/vscodium/resources/app/out/vs/workbench/api/node/extensionHostProcess.js:103:5042)
	at y.dispose (/usr/share/vscodium/resources/app/out/vs/workbench/api/node/extensionHostProcess.js:103:5139)
	at y.<anonymous> (/usr/share/vscodium/resources/app/extensions/git/dist/main.js:2:1310961)
	at y.dispose (/usr/share/vscodium/resources/app/out/vs/workbench/api/node/extensionHostProcess.js:103:5139)
	at _ (/usr/share/vscodium/resources/app/out/vs/workbench/api/node/extensionHostProcess.js:13:12152)
	at n._deactivate (/usr/share/vscodium/resources/app/out/vs/workbench/api/node/extensionHostProcess.js:118:12619)
	at /usr/share/vscodium/resources/app/out/vs/workbench/api/node/extensionHostProcess.js:118:9852
	at Array.map (<anonymous>)
	at n._deactivateAll (/usr/share/vscodium/resources/app/out/vs/workbench/api/node/extensionHostProcess.js:118:9839)
	at n.terminate (/usr/share/vscodium/resources/app/out/vs/workbench/api/node/extensionHostProcess.js:118:10222)
	at o.terminate (/usr/share/vscodium/resources/app/out/vs/workbench/api/node/extensionHostProcess.js:122:1908)
	at I (/usr/share/vscodium/resources/app/out/vs/workbench/api/node/extensionHostProcess.js:135:11525)
	at MessagePortMain.<anonymous> (/usr/share/vscodium/resources/app/out/vs/workbench/api/node/extensionHostProcess.js:135:7600)
	at MessagePortMain.emit (node:events:513:28)
	at MessagePortMain._internalPort.emit (node:electron/js2c/utility_init:2:367) setContext undefined
2023-09-18 07:40:14.120 [error] Canceled: Canceled
	at new d (/usr/share/vscodium/resources/app/out/vs/workbench/api/node/extensionHostProcess.js:107:64223)
	at i._remoteCall (/usr/share/vscodium/resources/app/out/vs/workbench/api/node/extensionHostProcess.js:116:13748)
	at U.<computed>.F.charCodeAt.U.<computed> (/usr/share/vscodium/resources/app/out/vs/workbench/api/node/extensionHostProcess.js:116:10288)
	at r._doExecuteCommand (/usr/share/vscodium/resources/app/out/vs/workbench/api/node/extensionHostProcess.js:107:94560)
	at r.executeCommand (/usr/share/vscodium/resources/app/out/vs/workbench/api/node/extensionHostProcess.js:107:93885)
	at l.registerCommand.description (/usr/share/vscodium/resources/app/out/vs/workbench/api/node/extensionHostProcess.js:107:93126)
	at r._executeContributedCommand (/usr/share/vscodium/resources/app/out/vs/workbench/api/node/extensionHostProcess.js:107:95195)
	at r._doExecuteCommand (/usr/share/vscodium/resources/app/out/vs/workbench/api/node/extensionHostProcess.js:107:94018)
	at r.executeCommand (/usr/share/vscodium/resources/app/out/vs/workbench/api/node/extensionHostProcess.js:107:93885)
	at Object.executeCommand (/usr/share/vscodium/resources/app/out/vs/workbench/api/node/extensionHostProcess.js:122:27416)
	at set b [as b] (/usr/share/vscodium/resources/app/extensions/github/dist/extension.js:2:714383)
	at /usr/share/vscodium/resources/app/extensions/github/dist/extension.js:2:715024
	at n.value (/usr/share/vscodium/resources/app/extensions/git/dist/main.js:2:1396551)
	at m._deliver (/usr/share/vscodium/resources/app/out/vs/workbench/api/node/extensionHostProcess.js:63:2465)
	at m._deliverQueue (/usr/share/vscodium/resources/app/out/vs/workbench/api/node/extensionHostProcess.js:63:2556)
	at m.fire (/usr/share/vscodium/resources/app/out/vs/workbench/api/node/extensionHostProcess.js:63:2891)
	at Object.m [as dispose] (/usr/share/vscodium/resources/app/extensions/git/dist/main.js:2:1324733)
	at /usr/share/vscodium/resources/app/extensions/git/dist/main.js:2:1329574
	at Array.forEach (<anonymous>)
	at g.dispose (/usr/share/vscodium/resources/app/extensions/git/dist/main.js:2:1329560)
	at y.<anonymous> (/usr/share/vscodium/resources/app/out/vs/workbench/api/node/extensionHostProcess.js:103:5042)
	at y.dispose (/usr/share/vscodium/resources/app/out/vs/workbench/api/node/extensionHostProcess.js:103:5139)
	at y.<anonymous> (/usr/share/vscodium/resources/app/extensions/git/dist/main.js:2:1310961)
	at y.dispose (/usr/share/vscodium/resources/app/out/vs/workbench/api/node/extensionHostProcess.js:103:5139)
	at _ (/usr/share/vscodium/resources/app/out/vs/workbench/api/node/extensionHostProcess.js:13:12152)
	at n._deactivate (/usr/share/vscodium/resources/app/out/vs/workbench/api/node/extensionHostProcess.js:118:12619)
	at /usr/share/vscodium/resources/app/out/vs/workbench/api/node/extensionHostProcess.js:118:9852
	at Array.map (<anonymous>)
	at n._deactivateAll (/usr/share/vscodium/resources/app/out/vs/workbench/api/node/extensionHostProcess.js:118:9839)
	at n.terminate (/usr/share/vscodium/resources/app/out/vs/workbench/api/node/extensionHostProcess.js:118:10222)
	at o.terminate (/usr/share/vscodium/resources/app/out/vs/workbench/api/node/extensionHostProcess.js:122:1908)
	at I (/usr/share/vscodium/resources/app/out/vs/workbench/api/node/extensionHostProcess.js:135:11525)
	at MessagePortMain.<anonymous> (/usr/share/vscodium/resources/app/out/vs/workbench/api/node/extensionHostProcess.js:135:7600)
	at MessagePortMain.emit (node:events:513:28)
	at MessagePortMain._internalPort.emit (node:electron/js2c/utility_init:2:367) setContext undefined
2023-09-18 07:40:14.121 [error] Canceled: Canceled
	at new d (/usr/share/vscodium/resources/app/out/vs/workbench/api/node/extensionHostProcess.js:107:64223)
	at i._remoteCall (/usr/share/vscodium/resources/app/out/vs/workbench/api/node/extensionHostProcess.js:116:13748)
	at U.<computed>.F.charCodeAt.U.<computed> (/usr/share/vscodium/resources/app/out/vs/workbench/api/node/extensionHostProcess.js:116:10288)
	at r._doExecuteCommand (/usr/share/vscodium/resources/app/out/vs/workbench/api/node/extensionHostProcess.js:107:94560)
	at r.executeCommand (/usr/share/vscodium/resources/app/out/vs/workbench/api/node/extensionHostProcess.js:107:93885)
	at l.registerCommand.description (/usr/share/vscodium/resources/app/out/vs/workbench/api/node/extensionHostProcess.js:107:93126)
	at r._executeContributedCommand (/usr/share/vscodium/resources/app/out/vs/workbench/api/node/extensionHostProcess.js:107:95195)
	at r._doExecuteCommand (/usr/share/vscodium/resources/app/out/vs/workbench/api/node/extensionHostProcess.js:107:94018)
	at r.executeCommand (/usr/share/vscodium/resources/app/out/vs/workbench/api/node/extensionHostProcess.js:107:93885)
	at Object.executeCommand (/usr/share/vscodium/resources/app/out/vs/workbench/api/node/extensionHostProcess.js:122:27416)
	at tf (/home/coean/.vscode-oss/extensions/rust-lang.rust-analyzer-0.3.1657-linux-x64/out/main.js:39:70677)
	at Object.W_ (/home/coean/.vscode-oss/extensions/rust-lang.rust-analyzer-0.3.1657-linux-x64/out/main.js:372:268)
	at n._deactivate (/usr/share/vscodium/resources/app/out/vs/workbench/api/node/extensionHostProcess.js:118:12393)
	at /usr/share/vscodium/resources/app/out/vs/workbench/api/node/extensionHostProcess.js:118:9852
	at Array.map (<anonymous>)
	at n._deactivateAll (/usr/share/vscodium/resources/app/out/vs/workbench/api/node/extensionHostProcess.js:118:9839)
	at n.terminate (/usr/share/vscodium/resources/app/out/vs/workbench/api/node/extensionHostProcess.js:118:10222)
	at o.terminate (/usr/share/vscodium/resources/app/out/vs/workbench/api/node/extensionHostProcess.js:122:1908)
	at I (/usr/share/vscodium/resources/app/out/vs/workbench/api/node/extensionHostProcess.js:135:11525)
	at MessagePortMain.<anonymous> (/usr/share/vscodium/resources/app/out/vs/workbench/api/node/extensionHostProcess.js:135:7600)
	at MessagePortMain.emit (node:events:513:28)
	at MessagePortMain._internalPort.emit (node:electron/js2c/utility_init:2:367) setContext undefined
2023-09-18 07:40:14.121 [error] Canceled: Canceled
	at new d (/usr/share/vscodium/resources/app/out/vs/workbench/api/node/extensionHostProcess.js:107:64223)
	at i._remoteCall (/usr/share/vscodium/resources/app/out/vs/workbench/api/node/extensionHostProcess.js:116:13748)
	at U.<computed>.F.charCodeAt.U.<computed> (/usr/share/vscodium/resources/app/out/vs/workbench/api/node/extensionHostProcess.js:116:10288)
	at r._doExecuteCommand (/usr/share/vscodium/resources/app/out/vs/workbench/api/node/extensionHostProcess.js:107:94560)
	at r.executeCommand (/usr/share/vscodium/resources/app/out/vs/workbench/api/node/extensionHostProcess.js:107:93885)
	at l.registerCommand.description (/usr/share/vscodium/resources/app/out/vs/workbench/api/node/extensionHostProcess.js:107:93126)
	at r._executeContributedCommand (/usr/share/vscodium/resources/app/out/vs/workbench/api/node/extensionHostProcess.js:107:95195)
	at r._doExecuteCommand (/usr/share/vscodium/resources/app/out/vs/workbench/api/node/extensionHostProcess.js:107:94018)
	at r.executeCommand (/usr/share/vscodium/resources/app/out/vs/workbench/api/node/extensionHostProcess.js:107:93885)
	at Object.executeCommand (/usr/share/vscodium/resources/app/out/vs/workbench/api/node/extensionHostProcess.js:122:27416)
	at tf (/home/coean/.vscode-oss/extensions/rust-lang.rust-analyzer-0.3.1657-linux-x64/out/main.js:39:70677)
	at Object.W_ (/home/coean/.vscode-oss/extensions/rust-lang.rust-analyzer-0.3.1657-linux-x64/out/main.js:372:268)
	at n._deactivate (/usr/share/vscodium/resources/app/out/vs/workbench/api/node/extensionHostProcess.js:118:12393)
	at /usr/share/vscodium/resources/app/out/vs/workbench/api/node/extensionHostProcess.js:118:9852
	at Array.map (<anonymous>)
	at n._deactivateAll (/usr/share/vscodium/resources/app/out/vs/workbench/api/node/extensionHostProcess.js:118:9839)
	at n.terminate (/usr/share/vscodium/resources/app/out/vs/workbench/api/node/extensionHostProcess.js:118:10222)
	at o.terminate (/usr/share/vscodium/resources/app/out/vs/workbench/api/node/extensionHostProcess.js:122:1908)
	at I (/usr/share/vscodium/resources/app/out/vs/workbench/api/node/extensionHostProcess.js:135:11525)
	at MessagePortMain.<anonymous> (/usr/share/vscodium/resources/app/out/vs/workbench/api/node/extensionHostProcess.js:135:7600)
	at MessagePortMain.emit (node:events:513:28)
	at MessagePortMain._internalPort.emit (node:electron/js2c/utility_init:2:367)
2023-09-18 07:40:14.121 [info] Extension host with pid 395201 exiting with code 0
2023-09-18 07:40:15.304 [info] Extension host with pid 395853 started
2023-09-18 07:40:15.304 [info] Skipping acquiring lock for /home/coean/.config/VSCodium/User/workspaceStorage/4ddde4c8e25955b01e4b7dded0200d78.
2023-09-18 07:40:15.462 [info] ExtensionService#_doActivateExtension vscode.emmet, startup: false, activationEvent: 'onLanguage'
2023-09-18 07:40:15.465 [info] ExtensionService#_doActivateExtension vscode.extension-editing, startup: false, activationEvent: 'onLanguage:markdown'
2023-09-18 07:40:15.476 [info] ExtensionService#_doActivateExtension vscode.markdown-language-features, startup: false, activationEvent: 'onLanguage:markdown'
2023-09-18 07:40:15.723 [info] ExtensionService#_doActivateExtension vscode.git-base, startup: true, activationEvent: '*', root cause: vscode.git
2023-09-18 07:40:15.725 [info] ExtensionService#_doActivateExtension hbenl.test-adapter-converter, startup: true, activationEvent: '*', root cause: hbenl.vscode-test-explorer
2023-09-18 07:40:15.764 [info] ExtensionService#_doActivateExtension vscode.git, startup: true, activationEvent: '*'
2023-09-18 07:40:15.783 [info] ExtensionService#_doActivateExtension vscode.github, startup: true, activationEvent: '*'
2023-09-18 07:40:15.791 [info] ExtensionService#_doActivateExtension vscode.markdown-math, startup: false, activationEvent: 'api', root cause: vscode.markdown-language-features
2023-09-18 07:40:15.805 [info] ExtensionService#_doActivateExtension hbenl.vscode-test-explorer, startup: true, activationEvent: '*'
2023-09-18 07:40:15.850 [info] ExtensionService#_doActivateExtension ms-dotnettools.vscode-dotnet-runtime, startup: true, activationEvent: 'workspaceContains:**/*.{csproj,sln,slnf,csx,cake}', root cause: muhammad-sammy.csharp
2023-09-18 07:40:15.930 [info] ExtensionService#_doActivateExtension Swellaby.vscode-rust-test-adapter, startup: true, activationEvent: '*'
2023-09-18 07:40:15.931 [error] Activating extension Swellaby.vscode-rust-test-adapter failed due to an error:
2023-09-18 07:40:15.931 [error] Error: Cannot find module '/home/coean/.vscode-oss/extensions/swellaby.vscode-rust-test-adapter-0.11.1-universal/src/main.js'
Require stack:
- /usr/share/vscodium/resources/app/out/vs/loader.js
- /usr/share/vscodium/resources/app/out/bootstrap-amd.js
- /usr/share/vscodium/resources/app/out/bootstrap-fork.js
- 
	at Module._resolveFilename (node:internal/modules/cjs/loader:1082:15)
	at o._resolveFilename (node:electron/js2c/utility_init:2:3040)
	at Module._load (node:internal/modules/cjs/loader:927:27)
	at f._load (node:electron/js2c/asar_bundle:2:13330)
	at c._load (/usr/share/vscodium/resources/app/out/vs/workbench/api/node/extensionHostProcess.js:135:6970)
	at m._load (/usr/share/vscodium/resources/app/out/vs/workbench/api/node/extensionHostProcess.js:132:35694)
	at I._load (/usr/share/vscodium/resources/app/out/vs/workbench/api/node/extensionHostProcess.js:99:24572)
	at Module.require (node:internal/modules/cjs/loader:1148:19)
	at require (node:internal/modules/cjs/helpers:110:18)
	at Function.i [as __$__nodeRequire] (/usr/share/vscodium/resources/app/out/vs/loader.js:5:98)
	at n._loadCommonJSModule (/usr/share/vscodium/resources/app/out/vs/workbench/api/node/extensionHostProcess.js:132:37321)
	at async Promise.all (index 0)
2023-09-18 07:40:15.953 [info] ExtensionService#_doActivateExtension muhammad-sammy.csharp, startup: true, activationEvent: 'workspaceContains:**/*.{csproj,sln,slnf,csx,cake}'
2023-09-18 07:40:16.107 [info] ExtensionService#_doActivateExtension Ionide.Ionide-fsharp, startup: true, activationEvent: 'workspaceContains:**/*.fs,**/*.fsproj,**/*.fsx,**/*.sln'
2023-09-18 07:40:25.660 [info] ExtensionService#_doActivateExtension vscode.debug-auto-launch, startup: false, activationEvent: 'onStartupFinished'
2023-09-18 07:40:25.661 [info] ExtensionService#_doActivateExtension vscode.merge-conflict, startup: false, activationEvent: 'onStartupFinished'
2023-09-18 07:40:35.449 [warning] [Ionide.Ionide-fsharp] Accessing a resource scoped configuration without providing a resource is not expected. To get the effective value for '[fsharp]', provide the URI of a resource or 'null' for any resource.
2023-09-18 07:40:35.456 [info] Eager extensions activated
2023-09-18 07:41:45.070 [warning] [Ionide.Ionide-fsharp] Accessing a resource scoped configuration without providing a resource is not expected. To get the effective value for '[fsharp]', provide the URI of a resource or 'null' for any resource.
2023-09-18 07:41:45.141 [info] ExtensionService#_doActivateExtension vadimcn.vscode-lldb, startup: false, activationEvent: 'onStartupFinished'
2023-09-18 07:41:45.798 [warning] [Ionide.Ionide-fsharp] Accessing a resource scoped configuration without providing a resource is not expected. To get the effective value for '[fsharp]', provide the URI of a resource or 'null' for any resource.
2023-09-18 07:41:47.098 [warning] [Ionide.Ionide-fsharp] Accessing a resource scoped configuration without providing a resource is not expected. To get the effective value for '[fsharp]', provide the URI of a resource or 'null' for any resource.
2023-09-18 07:41:47.115 [info] ExtensionService#_doActivateExtension cschlosser.doxdocgen, startup: false, activationEvent: 'onLanguage:cpp'
2023-09-18 07:41:50.661 [warning] [Ionide.Ionide-fsharp] Accessing a resource scoped configuration without providing a resource is not expected. To get the effective value for '[fsharp]', provide the URI of a resource or 'null' for any resource.
2023-09-18 07:41:51.258 [warning] [Ionide.Ionide-fsharp] Accessing a resource scoped configuration without providing a resource is not expected. To get the effective value for '[fsharp]', provide the URI of a resource or 'null' for any resource.
2023-09-18 07:41:51.288 [info] ExtensionService#_doActivateExtension franneck94.vscode-c-cpp-config, startup: false, activationEvent: 'onStartupFinished'
2023-09-18 07:41:51.786 [warning] [Ionide.Ionide-fsharp] Accessing a resource scoped configuration without providing a resource is not expected. To get the effective value for '[fsharp]', provide the URI of a resource or 'null' for any resource.
2023-09-18 07:41:51.807 [info] ExtensionService#_doActivateExtension franneck94.c-cpp-runner, startup: false, activationEvent: 'onLanguage:cpp'
2023-09-18 07:41:56.910 [warning] [Ionide.Ionide-fsharp] Accessing a resource scoped configuration without providing a resource is not expected. To get the effective value for '[fsharp]', provide the URI of a resource or 'null' for any resource.
2023-09-18 07:41:56.937 [info] ExtensionService#_doActivateExtension jbenden.c-cpp-flylint, startup: false, activationEvent: 'onLanguage:cpp'
2023-09-18 08:33:21.357 [info] Extension host terminating: renderer closed the MessagePort
2023-09-18 08:33:21.368 [error] Canceled: Canceled
	at new d (/usr/share/vscodium/resources/app/out/vs/workbench/api/node/extensionHostProcess.js:107:64223)
	at i._remoteCall (/usr/share/vscodium/resources/app/out/vs/workbench/api/node/extensionHostProcess.js:116:13748)
	at U.<computed>.F.charCodeAt.U.<computed> (/usr/share/vscodium/resources/app/out/vs/workbench/api/node/extensionHostProcess.js:116:10288)
	at r._doExecuteCommand (/usr/share/vscodium/resources/app/out/vs/workbench/api/node/extensionHostProcess.js:107:94560)
	at r.executeCommand (/usr/share/vscodium/resources/app/out/vs/workbench/api/node/extensionHostProcess.js:107:93885)
	at l.registerCommand.description (/usr/share/vscodium/resources/app/out/vs/workbench/api/node/extensionHostProcess.js:107:93126)
	at r._executeContributedCommand (/usr/share/vscodium/resources/app/out/vs/workbench/api/node/extensionHostProcess.js:107:95195)
	at r._doExecuteCommand (/usr/share/vscodium/resources/app/out/vs/workbench/api/node/extensionHostProcess.js:107:94018)
	at r.executeCommand (/usr/share/vscodium/resources/app/out/vs/workbench/api/node/extensionHostProcess.js:107:93885)
	at Object.executeCommand (/usr/share/vscodium/resources/app/out/vs/workbench/api/node/extensionHostProcess.js:122:27416)
	at setContextValue (/home/coean/.vscode-oss/extensions/franneck94.c-cpp-runner-5.2.1-universal/dist/main.js:5343:28)
	at Object.deactivate (/home/coean/.vscode-oss/extensions/franneck94.c-cpp-runner-5.2.1-universal/dist/main.js:3482:39)
	at n._deactivate (/usr/share/vscodium/resources/app/out/vs/workbench/api/node/extensionHostProcess.js:118:12393)
	at /usr/share/vscodium/resources/app/out/vs/workbench/api/node/extensionHostProcess.js:118:9852
	at Array.map (<anonymous>)
	at n._deactivateAll (/usr/share/vscodium/resources/app/out/vs/workbench/api/node/extensionHostProcess.js:118:9839)
	at n.terminate (/usr/share/vscodium/resources/app/out/vs/workbench/api/node/extensionHostProcess.js:118:10222)
	at o.terminate (/usr/share/vscodium/resources/app/out/vs/workbench/api/node/extensionHostProcess.js:122:1908)
	at I (/usr/share/vscodium/resources/app/out/vs/workbench/api/node/extensionHostProcess.js:135:11525)
	at MessagePortMain.<anonymous> (/usr/share/vscodium/resources/app/out/vs/workbench/api/node/extensionHostProcess.js:135:7600)
	at MessagePortMain.emit (node:events:513:28)
	at MessagePortMain._internalPort.emit (node:electron/js2c/utility_init:2:367) setContext undefined
2023-09-18 08:33:21.368 [info] Extension host with pid 395853 exiting with code 0
