2023-09-16 19:39:17.528 [info] Log level: Info
2023-09-16 19:39:17.528 [info] Validating found git in: "git"
2023-09-16 19:39:17.528 [info] Using git "2.42.0" from "git"
2023-09-16 19:39:17.528 [info] > git rev-parse --show-toplevel [2ms]
2023-09-16 19:39:17.528 [info] fatal: not a git repository (or any parent up to mount point /)
Stopping at filesystem boundary (GIT_DISCOVERY_ACROSS_FILESYSTEM not set).
2023-09-16 19:39:17.528 [info] > git rev-parse --show-toplevel [5ms]
2023-09-16 19:39:17.528 [info] fatal: not a git repository (or any parent up to mount point /)
Stopping at filesystem boundary (GIT_DISCOVERY_ACROSS_FILESYSTEM not set).
2023-09-16 19:39:17.679 [info] > git rev-parse --show-toplevel [145ms]
2023-09-16 19:39:17.679 [info] fatal: not a git repository (or any parent up to mount point /)
Stopping at filesystem boundary (GIT_DISCOVERY_ACROSS_FILESYSTEM not set).
2023-09-16 19:39:17.701 [info] > git rev-parse --show-toplevel [16ms]
2023-09-16 19:39:17.701 [info] fatal: not a git repository (or any parent up to mount point /)
Stopping at filesystem boundary (GIT_DISCOVERY_ACROSS_FILESYSTEM not set).
2023-09-16 19:39:17.709 [info] > git rev-parse --show-toplevel [3ms]
2023-09-16 19:39:17.709 [info] fatal: not a git repository (or any parent up to mount point /)
Stopping at filesystem boundary (GIT_DISCOVERY_ACROSS_FILESYSTEM not set).
2023-09-16 19:39:17.722 [info] > git rev-parse --show-toplevel [7ms]
2023-09-16 19:39:17.722 [info] fatal: not a git repository (or any parent up to mount point /)
Stopping at filesystem boundary (GIT_DISCOVERY_ACROSS_FILESYSTEM not set).
2023-09-16 19:39:17.735 [info] > git rev-parse --show-toplevel [7ms]
2023-09-16 19:39:17.735 [info] fatal: not a git repository (or any parent up to mount point /)
Stopping at filesystem boundary (GIT_DISCOVERY_ACROSS_FILESYSTEM not set).
2023-09-16 19:39:26.966 [info] Log level: Info
2023-09-16 19:39:26.966 [info] Validating found git in: "git"
2023-09-16 19:39:26.966 [info] Using git "2.42.0" from "git"
2023-09-16 19:39:26.968 [info] > git rev-parse --show-toplevel [5ms]
2023-09-16 19:39:26.968 [info] fatal: not a git repository (or any parent up to mount point /)
Stopping at filesystem boundary (GIT_DISCOVERY_ACROSS_FILESYSTEM not set).
