2023-09-18 07:36:11.817 [info] Deleted uninstalled extension from disk ionide.ionide-fsharp /home/coean/.vscode-oss/extensions/ionide.ionide-fsharp-7.11.0-universal
2023-09-18 07:36:16.640 [info] Getting Manifest... asvetliakov.vscode-neovim
2023-09-18 07:36:17.496 [info] Installing extension: asvetliakov.vscode-neovim
2023-09-18 07:36:18.645 [info] Extension signature verification is not done: asvetliakov.vscode-neovim
2023-09-18 07:36:18.721 [info] Extracted extension to file:///home/coean/.vscode-oss/extensions/asvetliakov.vscode-neovim-0.6.1-universal: asvetliakov.vscode-neovim
2023-09-18 07:36:18.724 [info] Renamed to /home/coean/.vscode-oss/extensions/asvetliakov.vscode-neovim-0.6.1-universal
2023-09-18 07:36:18.725 [info] Extracting extension completed. asvetliakov.vscode-neovim
2023-09-18 07:36:18.741 [info] Extension installed successfully: asvetliakov.vscode-neovim
2023-09-18 07:36:18.746 [info] Marked extension as uninstalled asvetliakov.vscode-neovim-0.6.0-universal
2023-09-18 07:41:45.035 [info] Extensions added from another source bbenoist.doxygen vscode-userdata:/home/coean/.vscode-oss/extensions/extensions.json
2023-09-18 07:41:45.035 [info] Extensions added from another source vadimcn.vscode-lldb vscode-userdata:/home/coean/.vscode-oss/extensions/extensions.json
2023-09-18 07:41:45.153 [info] Extensions added from another source 13xforever.language-x86-64-assembly vscode-userdata:/home/coean/.vscode-oss/extensions/extensions.json
2023-09-18 07:41:45.255 [info] Extensions added from another source cheshirekow.cmake-format vscode-userdata:/home/coean/.vscode-oss/extensions/extensions.json
2023-09-18 07:41:45.256 [info] Extensions added from another source jeff-hykin.better-cpp-syntax vscode-userdata:/home/coean/.vscode-oss/extensions/extensions.json
2023-09-18 07:41:47.088 [info] Extensions added from another source cschlosser.doxdocgen vscode-userdata:/home/coean/.vscode-oss/extensions/extensions.json
2023-09-18 07:41:50.649 [info] Extensions added from another source twxs.cmake vscode-userdata:/home/coean/.vscode-oss/extensions/extensions.json
2023-09-18 07:41:51.248 [info] Extensions added from another source franneck94.vscode-c-cpp-config vscode-userdata:/home/coean/.vscode-oss/extensions/extensions.json
2023-09-18 07:41:51.774 [info] Extensions added from another source franneck94.c-cpp-runner vscode-userdata:/home/coean/.vscode-oss/extensions/extensions.json
2023-09-18 07:41:52.207 [info] Extensions added from another source franneck94.vscode-c-cpp-dev-extension-pack vscode-userdata:/home/coean/.vscode-oss/extensions/extensions.json
2023-09-18 07:41:56.894 [info] Extensions added from another source jbenden.c-cpp-flylint vscode-userdata:/home/coean/.vscode-oss/extensions/extensions.json
