2023-09-18 07:36:11.159 [info] Added views:workbench.panel.markers.view in workbench.panel.markers
2023-09-18 07:36:11.159 [info] Added views:workbench.panel.output in workbench.panel.output
2023-09-18 07:36:11.159 [info] Added views:terminal in terminal
2023-09-18 07:36:11.159 [info] Added views:outline in workbench.view.explorer
2023-09-18 07:36:11.159 [info] Added views:workbench.scm in workbench.view.scm
2023-09-18 07:36:11.159 [info] Added views:workbench.view.search in workbench.view.search
2023-09-18 07:36:11.159 [info] Added views:timeline in workbench.view.explorer
2023-09-18 07:36:11.159 [info] Added views:workbench.explorer.fileView in workbench.view.explorer
2023-09-18 07:36:11.434 [info] Added views:workbench.debug.welcome in workbench.view.debug
2023-09-18 07:36:12.184 [info] Added views:make in workbench.view.explorer
2023-09-18 07:36:12.574 [info] Added views:workbench.panel.repl.view in workbench.panel.repl
2023-09-18 07:36:13.053 [info] Added views:rustDependencies in workbench.view.explorer
2023-09-18 07:36:13.253 [info] Added views:test-explorer in workbench.view.extension.test
2023-09-18 07:36:13.852 [info] Added views:~remote.forwardedPorts in ~remote.forwardedPortsContainer
2023-09-18 07:40:14.857 [info] Added views:workbench.panel.markers.view in workbench.panel.markers
2023-09-18 07:40:14.857 [info] Added views:workbench.panel.output in workbench.panel.output
2023-09-18 07:40:14.857 [info] Added views:terminal in terminal
2023-09-18 07:40:14.857 [info] Added views:outline in workbench.view.explorer
2023-09-18 07:40:14.857 [info] Added views:workbench.scm in workbench.view.scm
2023-09-18 07:40:14.857 [info] Added views:workbench.view.search in workbench.view.search
2023-09-18 07:40:14.857 [info] Added views:timeline in workbench.view.explorer
2023-09-18 07:40:14.857 [info] Added views:workbench.explorer.fileView in workbench.view.explorer
2023-09-18 07:40:14.970 [info] Added views:workbench.debug.welcome in workbench.view.debug
2023-09-18 07:40:15.340 [info] Added views:make in workbench.view.explorer
2023-09-18 07:40:15.465 [info] Added views:workbench.panel.repl.view in workbench.panel.repl
2023-09-18 07:40:15.865 [info] Added views:test-explorer in workbench.view.extension.test
2023-09-18 07:40:15.919 [info] Added views:~remote.forwardedPorts in ~remote.forwardedPortsContainer
2023-09-18 07:40:35.460 [info] Added views:workbench.view.testing in workbench.view.extension.test
2023-09-18 08:33:21.359 [info] Removed views:workbench.view.testing from workbench.view.extension.test
