2023-09-22 14:06:15.814 [info] Extension host with pid 1028461 started
2023-09-22 14:06:15.814 [info] Skipping acquiring lock for /home/coean/.config/VSCodium/User/workspaceStorage/ee2f2adc04c2e2861884e8a30450b947.
2023-09-22 14:06:15.981 [info] ExtensionService#_doActivateExtension vscode.git-base, startup: true, activationEvent: '*'
2023-09-22 14:06:15.998 [info] ExtensionService#_doActivateExtension hbenl.test-adapter-converter, startup: true, activationEvent: '*', root cause: hbenl.vscode-test-explorer
2023-09-22 14:06:16.004 [info] ExtensionService#_doActivateExtension vscode.github, startup: true, activationEvent: '*'
2023-09-22 14:06:16.044 [info] ExtensionService#_doActivateExtension hbenl.vscode-test-explorer, startup: true, activationEvent: '*'
2023-09-22 14:06:16.084 [info] Eager extensions activated
2023-09-22 14:06:16.107 [info] ExtensionService#_doActivateExtension vscode.debug-auto-launch, startup: false, activationEvent: 'onStartupFinished'
2023-09-22 14:06:16.110 [info] ExtensionService#_doActivateExtension vscode.merge-conflict, startup: false, activationEvent: 'onStartupFinished'
2023-09-22 14:06:18.869 [info] ExtensionService#_doActivateExtension vscode.git, startup: false, activationEvent: 'api', root cause: vscode.github
2023-09-22 14:06:18.991 [info] ExtensionService#_doActivateExtension vadimcn.vscode-lldb, startup: false, activationEvent: 'onStartupFinished', root cause: franneck94.vscode-c-cpp-config
2023-09-22 14:06:19.008 [info] ExtensionService#_doActivateExtension Swellaby.vscode-rust-test-adapter, startup: false, activationEvent: '*'
2023-09-22 14:06:19.010 [error] Activating extension Swellaby.vscode-rust-test-adapter failed due to an error:
2023-09-22 14:06:19.010 [error] Error: Cannot find module '/home/coean/.vscode-oss/extensions/swellaby.vscode-rust-test-adapter-0.11.1-universal/src/main.js'
Require stack:
- /usr/share/vscodium/resources/app/out/vs/loader.js
- /usr/share/vscodium/resources/app/out/bootstrap-amd.js
- /usr/share/vscodium/resources/app/out/bootstrap-fork.js
- 
	at Module._resolveFilename (node:internal/modules/cjs/loader:1082:15)
	at o._resolveFilename (node:electron/js2c/utility_init:2:3040)
	at Module._load (node:internal/modules/cjs/loader:927:27)
	at f._load (node:electron/js2c/asar_bundle:2:13377)
	at c._load (/usr/share/vscodium/resources/app/out/vs/workbench/api/node/extensionHostProcess.js:135:6970)
	at m._load (/usr/share/vscodium/resources/app/out/vs/workbench/api/node/extensionHostProcess.js:132:35694)
	at I._load (/usr/share/vscodium/resources/app/out/vs/workbench/api/node/extensionHostProcess.js:99:24572)
	at Module.require (node:internal/modules/cjs/loader:1148:19)
	at require (node:internal/modules/cjs/helpers:110:18)
	at Function.i [as __$__nodeRequire] (/usr/share/vscodium/resources/app/out/vs/loader.js:5:98)
	at n._loadCommonJSModule (/usr/share/vscodium/resources/app/out/vs/workbench/api/node/extensionHostProcess.js:132:37321)
	at async Promise.all (index 0)
2023-09-22 14:06:19.047 [info] ExtensionService#_doActivateExtension franneck94.vscode-c-cpp-config, startup: false, activationEvent: 'onStartupFinished'
2023-09-22 14:06:31.714 [info] ExtensionService#_doActivateExtension vscode.emmet, startup: false, activationEvent: 'onLanguage'
2023-09-22 14:06:48.623 [info] Extension host terminating: renderer closed the MessagePort
2023-09-22 14:06:48.627 [info] Extension host with pid 1028461 exiting with code 0
